<?xml version="1.0" encoding="UTF-8"?>
<robot generator="Robot 7.3.2 (Python 3.11.14 on linux)" generated="2025-11-04T01:50:18.513765" rpa="false" schemaversion="5">
<suite id="s1" name="Tests" source="/home/runner/work/robot-api-serveRest/robot-api-serveRest/tests">
<suite id="s1-s1" name="API Serverest" source="/home/runner/work/robot-api-serveRest/robot-api-serveRest/tests/API_Serverest.robot">
<kw name="Criar Sessão" owner="usuario" type="SETUP">
<kw name="Create Session" owner="RequestsLibrary">
<msg time="2025-11-04T01:50:18.599872" level="INFO">Creating Session using : alias=api, url=https://serverest.dev, headers={},                     cookies={}, auth=None, timeout=None, proxies=None, verify=False,                     debug=0 </msg>
<arg>alias=api</arg>
<arg>url=${URL}</arg>
<doc>Create Session: create a HTTP session to a server</doc>
<status status="PASS" start="2025-11-04T01:50:18.599696" elapsed="0.000368"/>
</kw>
<arg>https://serverest.dev</arg>
<doc>Cria a sessão HTTP 'api' (RequestsLibrary) com a URL base informada. Argumentos: ${URL} (ex.: https://serverest.dev). Pré-condição: nenhuma. Retorno: nenhum; a sessão 'api' fica disponível para os demais keywords.</doc>
<status status="PASS" start="2025-11-04T01:50:18.599123" elapsed="0.001018"/>
</kw>
<test id="s1-s1-t1" name="Usuario - Cadastrar Usuario" line="16">
<kw name="Cadastrar usuario" owner="usuario">
<kw name="Evaluate" owner="BuiltIn">
<msg time="2025-11-04T01:50:18.674735" level="INFO">${nome} = Mark Jackson</msg>
<var>${nome}</var>
<arg>__import__('faker').Faker().name()</arg>
<doc>Evaluates the given expression in Python and returns the result.</doc>
<status status="PASS" start="2025-11-04T01:50:18.601736" elapsed="0.073049"/>
</kw>
<kw name="Evaluate" owner="BuiltIn">
<msg time="2025-11-04T01:50:18.676205" level="INFO">${email} = xmorrison@example.org</msg>
<var>${email}</var>
<arg>__import__('faker').Faker().email()</arg>
<doc>Evaluates the given expression in Python and returns the result.</doc>
<status status="PASS" start="2025-11-04T01:50:18.674978" elapsed="0.001255"/>
</kw>
<kw name="Evaluate" owner="BuiltIn">
<msg time="2025-11-04T01:50:18.677330" level="INFO">${senha} = (5x7AWGhtu</msg>
<var>${senha}</var>
<arg>__import__('faker').Faker().password(length=10)</arg>
<doc>Evaluates the given expression in Python and returns the result.</doc>
<status status="PASS" start="2025-11-04T01:50:18.676342" elapsed="0.001015"/>
</kw>
<kw name="Set Variable" owner="BuiltIn">
<msg time="2025-11-04T01:50:18.677579" level="INFO">${administrador} = true</msg>
<var>${administrador}</var>
<arg>true</arg>
<doc>Returns the given values which can then be assigned to a variables.</doc>
<status status="PASS" start="2025-11-04T01:50:18.677462" elapsed="0.000138"/>
</kw>
<kw name="Create Dictionary" owner="BuiltIn">
<msg time="2025-11-04T01:50:18.678194" level="INFO">${body_dict} = {'nome': 'Mark Jackson', 'email': 'xmorrison@example.org', 'password': '(5x7AWGhtu', 'administrador': 'true'}</msg>
<var>${body_dict}</var>
<arg>nome=${nome}</arg>
<arg>email=${email}</arg>
<arg>password=${senha}</arg>
<arg>administrador=${administrador}</arg>
<doc>Creates and returns a dictionary based on the given ``items``.</doc>
<status status="PASS" start="2025-11-04T01:50:18.677713" elapsed="0.000505"/>
</kw>
<kw name="Create Dictionary" owner="BuiltIn">
<msg time="2025-11-04T01:50:18.678459" level="INFO">${header} = {'Content-Type': 'application/json'}</msg>
<var>${header}</var>
<arg>Content-Type=application/json</arg>
<doc>Creates and returns a dictionary based on the given ``items``.</doc>
<status status="PASS" start="2025-11-04T01:50:18.678320" elapsed="0.000163"/>
</kw>
<kw name="POST On Session" owner="RequestsLibrary">
<msg time="2025-11-04T01:50:18.974934" level="INFO">POST Request : url=https://serverest.dev/usuarios 
 path_url=/usuarios 
 headers={'User-Agent': 'python-requests/2.32.5', 'Accept-Encoding': 'gzip, deflate', 'Accept': '*/*', 'Connection': 'keep-alive', 'Content-Type': 'application/json', 'Content-Length': '109'} 
 body=b'{"nome": "Mark Jackson", "email": "xmorrison@example.org", "password": "(5x7AWGhtu", "administrador": "true"}' 
 </msg>
<msg time="2025-11-04T01:50:18.975112" level="INFO">POST Response : url=https://serverest.dev/usuarios 
 status=201, reason=Created 
 headers={'access-control-allow-origin': '*', 'x-dns-prefetch-control': 'off', 'x-frame-options': 'SAMEORIGIN', 'strict-transport-security': 'max-age=15552000; includeSubDomains', 'x-download-options': 'noopen', 'x-content-type-options': 'nosniff', 'x-xss-protection': '1; mode=block', 'content-type': 'application/json; charset=utf-8', 'x-cloud-trace-context': '764eed023a3737fe42a6872d7a5d3034;o=1', 'date': 'Tue, 04 Nov 2025 01:50:18 GMT', 'server': 'Google Frontend', 'Content-Length': '82'} 
 body={
    "message": "Cadastro realizado com sucesso",
    "_id": "he7YY9g689xDXGLd"
} 
 </msg>
<msg time="2025-11-04T01:50:18.975187" level="INFO">/opt/hostedtoolcache/Python/3.11.14/x64/lib/python3.11/site-packages/urllib3/connectionpool.py:1097: InsecureRequestWarning: Unverified HTTPS request is being made to host 'serverest.dev'. Adding certificate verification is strongly advised. See: https://urllib3.readthedocs.io/en/latest/advanced-usage.html#tls-warnings
  warnings.warn(</msg>
<msg time="2025-11-04T01:50:18.975351" level="INFO">${response} = &lt;Response [201]&gt;</msg>
<var>${response}</var>
<arg>alias=api</arg>
<arg>url=/usuarios</arg>
<arg>headers=${header}</arg>
<arg>json=${body_dict}</arg>
<arg>expected_status=201</arg>
<doc>Sends a POST request on a previously created HTTP Session.</doc>
<status status="PASS" start="2025-11-04T01:50:18.678582" elapsed="0.296808"/>
</kw>
<kw name="Log To Console" owner="BuiltIn">
<arg>${response.json()}</arg>
<doc>Logs the given message to the console.</doc>
<status status="PASS" start="2025-11-04T01:50:18.975606" elapsed="0.000559"/>
</kw>
<kw name="Set Variable" owner="BuiltIn">
<msg time="2025-11-04T01:50:18.976770" level="INFO">${id} = he7YY9g689xDXGLd</msg>
<var>${id}</var>
<arg>${response.json()['_id']}</arg>
<doc>Returns the given values which can then be assigned to a variables.</doc>
<status status="PASS" start="2025-11-04T01:50:18.976302" elapsed="0.000490"/>
</kw>
<kw name="Dictionary Should Contain Value" owner="Collections">
<arg>${response.json()}</arg>
<arg>Cadastro realizado com sucesso</arg>
<doc>Fails if ``value`` is not found from ``dictionary``.</doc>
<status status="PASS" start="2025-11-04T01:50:18.976879" elapsed="0.000383"/>
</kw>
<return>
<value>${id}</value>
<value>${nome}</value>
<value>${email}</value>
<status status="PASS" start="2025-11-04T01:50:18.977309" elapsed="0.000049"/>
</return>
<msg time="2025-11-04T01:50:18.977536" level="INFO">${id} = he7YY9g689xDXGLd</msg>
<msg time="2025-11-04T01:50:18.977570" level="INFO">${nome} = Mark Jackson</msg>
<msg time="2025-11-04T01:50:18.977600" level="INFO">${email} = xmorrison@example.org</msg>
<var>${id}</var>
<var>${nome}</var>
<var>${email}</var>
<doc>Cadastra um novo usuário com dados gerados via Faker. Status esperado: 201. Valida a mensagem 'Cadastro realizado com sucesso'. Pré-condição: sessão 'api' criada. Retorna: ${id}, ${nome}, ${email} do usuário criado.</doc>
<status status="PASS" start="2025-11-04T01:50:18.601527" elapsed="0.376090"/>
</kw>
<kw name="Delete usuario por ID" owner="usuario">
<kw name="Create Dictionary" owner="BuiltIn">
<msg time="2025-11-04T01:50:18.978869" level="INFO">${header} = {'Content-Type': 'application/json'}</msg>
<var>${header}</var>
<arg>Content-Type=application/json</arg>
<doc>Creates and returns a dictionary based on the given ``items``.</doc>
<status status="PASS" start="2025-11-04T01:50:18.978715" elapsed="0.000176"/>
</kw>
<kw name="DELETE On Session" owner="RequestsLibrary">
<msg time="2025-11-04T01:50:19.017413" level="INFO">DELETE Request : url=https://serverest.dev/usuarios/he7YY9g689xDXGLd 
 path_url=/usuarios/he7YY9g689xDXGLd 
 headers={'User-Agent': 'python-requests/2.32.5', 'Accept-Encoding': 'gzip, deflate', 'Accept': '*/*', 'Connection': 'keep-alive', 'Content-Length': '0'} 
 body=None 
 </msg>
<msg time="2025-11-04T01:50:19.017508" level="INFO">DELETE Response : url=https://serverest.dev/usuarios/he7YY9g689xDXGLd 
 status=200, reason=OK 
 headers={'access-control-allow-origin': '*', 'x-dns-prefetch-control': 'off', 'x-frame-options': 'SAMEORIGIN', 'strict-transport-security': 'max-age=15552000; includeSubDomains', 'x-download-options': 'noopen', 'x-content-type-options': 'nosniff', 'x-xss-protection': '1; mode=block', 'content-type': 'application/json; charset=utf-8', 'x-cloud-trace-context': 'd90fa31dc02bcfba42a6872d7a5d3d31', 'date': 'Tue, 04 Nov 2025 01:50:19 GMT', 'server': 'Google Frontend', 'Content-Length': '51'} 
 body={
    "message": "Registro excluído com sucesso"
} 
 </msg>
<msg time="2025-11-04T01:50:19.017651" level="INFO">/opt/hostedtoolcache/Python/3.11.14/x64/lib/python3.11/site-packages/urllib3/connectionpool.py:1097: InsecureRequestWarning: Unverified HTTPS request is being made to host 'serverest.dev'. Adding certificate verification is strongly advised. See: https://urllib3.readthedocs.io/en/latest/advanced-usage.html#tls-warnings
  warnings.warn(</msg>
<msg time="2025-11-04T01:50:19.017811" level="INFO">${response} = &lt;Response [200]&gt;</msg>
<var>${response}</var>
<arg>alias=api</arg>
<arg>url=/usuarios/${user_id}</arg>
<arg>expected_status=200</arg>
<doc>Sends a DELETE request on a previously created HTTP Session.</doc>
<status status="PASS" start="2025-11-04T01:50:18.979005" elapsed="0.038842"/>
</kw>
<kw name="Dictionary Should Contain Value" owner="Collections">
<arg>${response.json()}</arg>
<arg>Registro excluído com sucesso</arg>
<doc>Fails if ``value`` is not found from ``dictionary``.</doc>
<status status="PASS" start="2025-11-04T01:50:19.018061" elapsed="0.000471"/>
</kw>
<arg>${id}</arg>
<doc>Deleta um usuário específico pelo ID. Status esperado: 200. Valida 'Registro excluído com sucesso'. Argumentos: ${user_id}. Pré-condição: ${user_id} deve existir.</doc>
<status status="PASS" start="2025-11-04T01:50:18.978457" elapsed="0.040141"/>
</kw>
<status status="PASS" start="2025-11-04T01:50:18.600202" elapsed="0.418506"/>
</test>
<test id="s1-s1-t2" name="Usuario - Cadastrar Usuario existente" line="19">
<kw name="Cadastrar usuario" owner="usuario">
<kw name="Evaluate" owner="BuiltIn">
<msg time="2025-11-04T01:50:19.021914" level="INFO">${nome} = Alan Stone</msg>
<var>${nome}</var>
<arg>__import__('faker').Faker().name()</arg>
<doc>Evaluates the given expression in Python and returns the result.</doc>
<status status="PASS" start="2025-11-04T01:50:19.020653" elapsed="0.001307"/>
</kw>
<kw name="Evaluate" owner="BuiltIn">
<msg time="2025-11-04T01:50:19.023269" level="INFO">${email} = brandybrown@example.com</msg>
<var>${email}</var>
<arg>__import__('faker').Faker().email()</arg>
<doc>Evaluates the given expression in Python and returns the result.</doc>
<status status="PASS" start="2025-11-04T01:50:19.022066" elapsed="0.001228"/>
</kw>
<kw name="Evaluate" owner="BuiltIn">
<msg time="2025-11-04T01:50:19.024346" level="INFO">${senha} = Be6JhYur+0</msg>
<var>${senha}</var>
<arg>__import__('faker').Faker().password(length=10)</arg>
<doc>Evaluates the given expression in Python and returns the result.</doc>
<status status="PASS" start="2025-11-04T01:50:19.023386" elapsed="0.000985"/>
</kw>
<kw name="Set Variable" owner="BuiltIn">
<msg time="2025-11-04T01:50:19.024562" level="INFO">${administrador} = true</msg>
<var>${administrador}</var>
<arg>true</arg>
<doc>Returns the given values which can then be assigned to a variables.</doc>
<status status="PASS" start="2025-11-04T01:50:19.024460" elapsed="0.000122"/>
</kw>
<kw name="Create Dictionary" owner="BuiltIn">
<msg time="2025-11-04T01:50:19.024984" level="INFO">${body_dict} = {'nome': 'Alan Stone', 'email': 'brandybrown@example.com', 'password': 'Be6JhYur+0', 'administrador': 'true'}</msg>
<var>${body_dict}</var>
<arg>nome=${nome}</arg>
<arg>email=${email}</arg>
<arg>password=${senha}</arg>
<arg>administrador=${administrador}</arg>
<doc>Creates and returns a dictionary based on the given ``items``.</doc>
<status status="PASS" start="2025-11-04T01:50:19.024671" elapsed="0.000337"/>
</kw>
<kw name="Create Dictionary" owner="BuiltIn">
<msg time="2025-11-04T01:50:19.025234" level="INFO">${header} = {'Content-Type': 'application/json'}</msg>
<var>${header}</var>
<arg>Content-Type=application/json</arg>
<doc>Creates and returns a dictionary based on the given ``items``.</doc>
<status status="PASS" start="2025-11-04T01:50:19.025106" elapsed="0.000149"/>
</kw>
<kw name="POST On Session" owner="RequestsLibrary">
<msg time="2025-11-04T01:50:19.064200" level="INFO">POST Request : url=https://serverest.dev/usuarios 
 path_url=/usuarios 
 headers={'User-Agent': 'python-requests/2.32.5', 'Accept-Encoding': 'gzip, deflate', 'Accept': '*/*', 'Connection': 'keep-alive', 'Content-Type': 'application/json', 'Content-Length': '109'} 
 body=b'{"nome": "Alan Stone", "email": "brandybrown@example.com", "password": "Be6JhYur+0", "administrador": "true"}' 
 </msg>
<msg time="2025-11-04T01:50:19.064291" level="INFO">POST Response : url=https://serverest.dev/usuarios 
 status=201, reason=Created 
 headers={'access-control-allow-origin': '*', 'x-dns-prefetch-control': 'off', 'x-frame-options': 'SAMEORIGIN', 'strict-transport-security': 'max-age=15552000; includeSubDomains', 'x-download-options': 'noopen', 'x-content-type-options': 'nosniff', 'x-xss-protection': '1; mode=block', 'content-type': 'application/json; charset=utf-8', 'x-cloud-trace-context': '87e1cbe97aecafb542a6872d7a5d3e39', 'date': 'Tue, 04 Nov 2025 01:50:19 GMT', 'server': 'Google Frontend', 'Content-Length': '82'} 
 body={
    "message": "Cadastro realizado com sucesso",
    "_id": "W5VsmQFPvlSEnoUv"
} 
 </msg>
<msg time="2025-11-04T01:50:19.064366" level="INFO">/opt/hostedtoolcache/Python/3.11.14/x64/lib/python3.11/site-packages/urllib3/connectionpool.py:1097: InsecureRequestWarning: Unverified HTTPS request is being made to host 'serverest.dev'. Adding certificate verification is strongly advised. See: https://urllib3.readthedocs.io/en/latest/advanced-usage.html#tls-warnings
  warnings.warn(</msg>
<msg time="2025-11-04T01:50:19.064505" level="INFO">${response} = &lt;Response [201]&gt;</msg>
<var>${response}</var>
<arg>alias=api</arg>
<arg>url=/usuarios</arg>
<arg>headers=${header}</arg>
<arg>json=${body_dict}</arg>
<arg>expected_status=201</arg>
<doc>Sends a POST request on a previously created HTTP Session.</doc>
<status status="PASS" start="2025-11-04T01:50:19.025334" elapsed="0.039202"/>
</kw>
<kw name="Log To Console" owner="BuiltIn">
<arg>${response.json()}</arg>
<doc>Logs the given message to the console.</doc>
<status status="PASS" start="2025-11-04T01:50:19.064733" elapsed="0.000691"/>
</kw>
<kw name="Set Variable" owner="BuiltIn">
<msg time="2025-11-04T01:50:19.065984" level="INFO">${id} = W5VsmQFPvlSEnoUv</msg>
<var>${id}</var>
<arg>${response.json()['_id']}</arg>
<doc>Returns the given values which can then be assigned to a variables.</doc>
<status status="PASS" start="2025-11-04T01:50:19.065559" elapsed="0.000450"/>
</kw>
<kw name="Dictionary Should Contain Value" owner="Collections">
<arg>${response.json()}</arg>
<arg>Cadastro realizado com sucesso</arg>
<doc>Fails if ``value`` is not found from ``dictionary``.</doc>
<status status="PASS" start="2025-11-04T01:50:19.066096" elapsed="0.000343"/>
</kw>
<return>
<value>${id}</value>
<value>${nome}</value>
<value>${email}</value>
<status status="PASS" start="2025-11-04T01:50:19.066486" elapsed="0.000042"/>
</return>
<msg time="2025-11-04T01:50:19.066710" level="INFO">${id} = W5VsmQFPvlSEnoUv</msg>
<msg time="2025-11-04T01:50:19.066744" level="INFO">${nome} = Alan Stone</msg>
<msg time="2025-11-04T01:50:19.066773" level="INFO">${email} = brandybrown@example.com</msg>
<var>${id}</var>
<var>${nome}</var>
<var>${email}</var>
<doc>Cadastra um novo usuário com dados gerados via Faker. Status esperado: 201. Valida a mensagem 'Cadastro realizado com sucesso'. Pré-condição: sessão 'api' criada. Retorna: ${id}, ${nome}, ${email} do usuário criado.</doc>
<status status="PASS" start="2025-11-04T01:50:19.020312" elapsed="0.046479"/>
</kw>
<kw name="Cadastrar usuario já cadastrado." owner="usuario">
<kw name="Set Variable" owner="BuiltIn">
<msg time="2025-11-04T01:50:19.068366" level="INFO">${nome} = Alan Stone</msg>
<var>${nome}</var>
<arg>${nome_existente}</arg>
<doc>Returns the given values which can then be assigned to a variables.</doc>
<status status="PASS" start="2025-11-04T01:50:19.068199" elapsed="0.000189"/>
</kw>
<kw name="Set Variable" owner="BuiltIn">
<msg time="2025-11-04T01:50:19.068584" level="INFO">${email} = brandybrown@example.com</msg>
<var>${email}</var>
<arg>${email_existente}</arg>
<doc>Returns the given values which can then be assigned to a variables.</doc>
<status status="PASS" start="2025-11-04T01:50:19.068472" elapsed="0.000131"/>
</kw>
<kw name="Evaluate" owner="BuiltIn">
<msg time="2025-11-04T01:50:19.069893" level="INFO">${senha} = 7HtR7vVa@p</msg>
<var>${senha}</var>
<arg>__import__('faker').Faker().password(length=10)</arg>
<doc>Evaluates the given expression in Python and returns the result.</doc>
<status status="PASS" start="2025-11-04T01:50:19.068682" elapsed="0.001235"/>
</kw>
<kw name="Set Variable" owner="BuiltIn">
<msg time="2025-11-04T01:50:19.070141" level="INFO">${administrador} = true</msg>
<var>${administrador}</var>
<arg>true</arg>
<doc>Returns the given values which can then be assigned to a variables.</doc>
<status status="PASS" start="2025-11-04T01:50:19.070036" elapsed="0.000126"/>
</kw>
<kw name="Create Dictionary" owner="BuiltIn">
<msg time="2025-11-04T01:50:19.070523" level="INFO">${body_dict} = {'nome': 'Alan Stone', 'email': 'brandybrown@example.com', 'password': '7HtR7vVa@p', 'administrador': 'true'}</msg>
<var>${body_dict}</var>
<arg>nome=${nome}</arg>
<arg>email=${email}</arg>
<arg>password=${senha}</arg>
<arg>administrador=${administrador}</arg>
<doc>Creates and returns a dictionary based on the given ``items``.</doc>
<status status="PASS" start="2025-11-04T01:50:19.070252" elapsed="0.000292"/>
</kw>
<kw name="Create Dictionary" owner="BuiltIn">
<msg time="2025-11-04T01:50:19.070757" level="INFO">${header} = {'Content-Type': 'application/json'}</msg>
<var>${header}</var>
<arg>Content-Type=application/json</arg>
<doc>Creates and returns a dictionary based on the given ``items``.</doc>
<status status="PASS" start="2025-11-04T01:50:19.070634" elapsed="0.000142"/>
</kw>
<kw name="POST On Session" owner="RequestsLibrary">
<msg time="2025-11-04T01:50:19.108790" level="INFO">POST Request : url=https://serverest.dev/usuarios 
 path_url=/usuarios 
 headers={'User-Agent': 'python-requests/2.32.5', 'Accept-Encoding': 'gzip, deflate', 'Accept': '*/*', 'Connection': 'keep-alive', 'Content-Type': 'application/json', 'Content-Length': '109'} 
 body=b'{"nome": "Alan Stone", "email": "brandybrown@example.com", "password": "7HtR7vVa@p", "administrador": "true"}' 
 </msg>
<msg time="2025-11-04T01:50:19.108878" level="INFO">POST Response : url=https://serverest.dev/usuarios 
 status=400, reason=Bad Request 
 headers={'access-control-allow-origin': '*', 'x-dns-prefetch-control': 'off', 'x-frame-options': 'SAMEORIGIN', 'strict-transport-security': 'max-age=15552000; includeSubDomains', 'x-download-options': 'noopen', 'x-content-type-options': 'nosniff', 'x-xss-protection': '1; mode=block', 'content-type': 'application/json; charset=utf-8', 'x-cloud-trace-context': 'c4b9b745dfda478542a6872d7a5d372b', 'date': 'Tue, 04 Nov 2025 01:50:19 GMT', 'server': 'Google Frontend', 'Content-Length': '53'} 
 body={
    "message": "Este email já está sendo usado"
} 
 </msg>
<msg time="2025-11-04T01:50:19.108995" level="INFO">/opt/hostedtoolcache/Python/3.11.14/x64/lib/python3.11/site-packages/urllib3/connectionpool.py:1097: InsecureRequestWarning: Unverified HTTPS request is being made to host 'serverest.dev'. Adding certificate verification is strongly advised. See: https://urllib3.readthedocs.io/en/latest/advanced-usage.html#tls-warnings
  warnings.warn(</msg>
<msg time="2025-11-04T01:50:19.109153" level="INFO">${response} = &lt;Response [400]&gt;</msg>
<var>${response}</var>
<arg>alias=api</arg>
<arg>url=/usuarios</arg>
<arg>headers=${header}</arg>
<arg>json=${body_dict}</arg>
<arg>expected_status=400</arg>
<doc>Sends a POST request on a previously created HTTP Session.</doc>
<status status="PASS" start="2025-11-04T01:50:19.070854" elapsed="0.038338"/>
</kw>
<kw name="Log To Console" owner="BuiltIn">
<arg>${response.json()}</arg>
<doc>Logs the given message to the console.</doc>
<status status="PASS" start="2025-11-04T01:50:19.109346" elapsed="0.000464"/>
</kw>
<kw name="Dictionary Should Contain Value" owner="Collections">
<arg>${response.json()}</arg>
<arg>Este email já está sendo usado</arg>
<doc>Fails if ``value`` is not found from ``dictionary``.</doc>
<status status="PASS" start="2025-11-04T01:50:19.109963" elapsed="0.000417"/>
</kw>
<arg>${nome}</arg>
<arg>${email}</arg>
<doc>Tenta cadastrar um usuário com e-mail já existente. Status esperado: 400. Valida a mensagem 'Este email já está sendo usado'. Argumentos: ${nome_existente}, ${email_existente}. Pré-condição: já existir usuário com esse e-mail.</doc>
<status status="PASS" start="2025-11-04T01:50:19.067893" elapsed="0.042548"/>
</kw>
<kw name="Delete usuario por ID" owner="usuario">
<kw name="Create Dictionary" owner="BuiltIn">
<msg time="2025-11-04T01:50:19.111680" level="INFO">${header} = {'Content-Type': 'application/json'}</msg>
<var>${header}</var>
<arg>Content-Type=application/json</arg>
<doc>Creates and returns a dictionary based on the given ``items``.</doc>
<status status="PASS" start="2025-11-04T01:50:19.111534" elapsed="0.000167"/>
</kw>
<kw name="DELETE On Session" owner="RequestsLibrary">
<msg time="2025-11-04T01:50:19.157712" level="INFO">DELETE Request : url=https://serverest.dev/usuarios/W5VsmQFPvlSEnoUv 
 path_url=/usuarios/W5VsmQFPvlSEnoUv 
 headers={'User-Agent': 'python-requests/2.32.5', 'Accept-Encoding': 'gzip, deflate', 'Accept': '*/*', 'Connection': 'keep-alive', 'Content-Length': '0'} 
 body=None 
 </msg>
<msg time="2025-11-04T01:50:19.157787" level="INFO">DELETE Response : url=https://serverest.dev/usuarios/W5VsmQFPvlSEnoUv 
 status=200, reason=OK 
 headers={'access-control-allow-origin': '*', 'x-dns-prefetch-control': 'off', 'x-frame-options': 'SAMEORIGIN', 'strict-transport-security': 'max-age=15552000; includeSubDomains', 'x-download-options': 'noopen', 'x-content-type-options': 'nosniff', 'x-xss-protection': '1; mode=block', 'content-type': 'application/json; charset=utf-8', 'x-cloud-trace-context': '724d5369286de36142a6872d7a5d3454', 'date': 'Tue, 04 Nov 2025 01:50:19 GMT', 'server': 'Google Frontend', 'Content-Length': '51'} 
 body={
    "message": "Registro excluído com sucesso"
} 
 </msg>
<msg time="2025-11-04T01:50:19.157855" level="INFO">/opt/hostedtoolcache/Python/3.11.14/x64/lib/python3.11/site-packages/urllib3/connectionpool.py:1097: InsecureRequestWarning: Unverified HTTPS request is being made to host 'serverest.dev'. Adding certificate verification is strongly advised. See: https://urllib3.readthedocs.io/en/latest/advanced-usage.html#tls-warnings
  warnings.warn(</msg>
<msg time="2025-11-04T01:50:19.158027" level="INFO">${response} = &lt;Response [200]&gt;</msg>
<var>${response}</var>
<arg>alias=api</arg>
<arg>url=/usuarios/${user_id}</arg>
<arg>expected_status=200</arg>
<doc>Sends a DELETE request on a previously created HTTP Session.</doc>
<status status="PASS" start="2025-11-04T01:50:19.111782" elapsed="0.046279"/>
</kw>
<kw name="Dictionary Should Contain Value" owner="Collections">
<arg>${response.json()}</arg>
<arg>Registro excluído com sucesso</arg>
<doc>Fails if ``value`` is not found from ``dictionary``.</doc>
<status status="PASS" start="2025-11-04T01:50:19.158197" elapsed="0.000433"/>
</kw>
<arg>${id}</arg>
<doc>Deleta um usuário específico pelo ID. Status esperado: 200. Valida 'Registro excluído com sucesso'. Argumentos: ${user_id}. Pré-condição: ${user_id} deve existir.</doc>
<status status="PASS" start="2025-11-04T01:50:19.111289" elapsed="0.047398"/>
</kw>
<status status="PASS" start="2025-11-04T01:50:19.018955" elapsed="0.139835"/>
</test>
<test id="s1-s1-t3" name="Usuario - Consultar lista de usuarios" line="23">
<kw name="Consulta usuarios Lista" owner="usuario">
<kw name="Create Dictionary" owner="BuiltIn">
<msg time="2025-11-04T01:50:19.159834" level="INFO">${header} = {'Content-Type': 'application/json'}</msg>
<var>${header}</var>
<arg>Content-Type=application/json</arg>
<doc>Creates and returns a dictionary based on the given ``items``.</doc>
<status status="PASS" start="2025-11-04T01:50:19.159653" elapsed="0.000204"/>
</kw>
<kw name="GET On Session" owner="RequestsLibrary">
<msg time="2025-11-04T01:50:19.225154" level="INFO">GET Request : url=https://serverest.dev/usuarios 
 path_url=/usuarios 
 headers={'User-Agent': 'python-requests/2.32.5', 'Accept-Encoding': 'gzip, deflate', 'Accept': '*/*', 'Connection': 'keep-alive'} 
 body=None 
 </msg>
<msg time="2025-11-04T01:50:19.225288" level="INFO">GET Response : url=https://serverest.dev/usuarios 
 status=200, reason=OK 
 headers={'access-control-allow-origin': '*', 'x-dns-prefetch-control': 'off', 'x-frame-options': 'SAMEORIGIN', 'strict-transport-security': 'max-age=15552000; includeSubDomains', 'x-download-options': 'noopen', 'x-content-type-options': 'nosniff', 'x-xss-protection': '1; mode=block', 'content-type': 'application/json; charset=utf-8', 'x-cloud-trace-context': 'bcc9cf3f41fda9c142a6872d7a5d31d5', 'date': 'Tue, 04 Nov 2025 01:50:19 GMT', 'server': 'Google Frontend', 'Content-Length': '73699'} 
 body={
    "quantidade": 339,
    "usuarios": [
        {
            "nome": "Ralph Heidenreich IV",
            "email": "ralphheidenreichiv@test.com",
            "password": "Test;123",
            "administrador": "true",
            "_id": "05ORvPGsgSkWyw5A"
        },
        {
            "nome": "felipe",
            "email": "felipe2@gmail.com",
            "password": "123456",
            "administrador": "false",
            "_id": "0LaYYb81dfGO4yFe"
        },
        {
            "nome": "Usuario Teste Login",
            "email": "login1762186296023@qa.com.br",
            "password": "senha@123",
            "administrador": "false",
            "_id": "0PBG7DdHZcENmztk"
        },
        {
            "nome": "César Braga",
            "email": "cesarbraga48@teste.com.br",
            "password": "@1AWt(fADD",
            "administrador": "true",
            "_id": "0SvkxEgIGC7nkQEF"
        },
        {
            "nome": "teste",
            "email": "testeqa67609@qa.com",
            "password": "teste",
            "administrador": "true",
            "_id": "0ywitvKpTcZuji9s"
        },
        {
            "nome": "Updated Name",
            "email": "updated1762186210355@qa.com.br",
            "password": "novaSenha123",
            "administrador": "true",
            "_id": "1ChYYUeFxQ5gNYn4"
        },
        {
            "nome": "helena rdgs",
            "email": "karifev842@limtu.com",
            "password": "teste",
            "administrador": "true",
            "_id": "1kGuRNNGNbemw3kR"
        },
        {
            "nome": "Cypress User 1762172497948",
            "email": "Cypress_1762172497948@Cypress.com",
            "password": "123456",
            "administrador": "true",
            "_id": "1wfxF7tSIiJqxQKE"
        },
        {
            "nome": "Invalido da Silva",
            "email": "emailmuitoinvalido@qa.com",
            "password": "test123",
            "administrador": "false",
            "_id": "2iUgKawKoWxHjuSJ"
        },
        {
            "nome": "QA2 Teacher",
            "email": "qa.teacher1030@test.com",
            "password": "1234",
            "administrador": "true",
            "_id": "2qRUSHAm4AdL2x8R"
        },
        {
            "nome": "Outro Fulano Beltrano da Silva",
            "email": "OutroFulanoBeltrano@qa.com.br",
            "password": "teste",
            "administrador": "true",
            "_id": "2qTpJCfqOZK5fMDg"
        },
        {
            "nome": "Humberto9",
            "email": "Myrtice3@hotmail.com",
            "password": "324538983",
            "administrador": "true",
            "_id": "2tnWlSxBkFM3vbED"
        },
        {
            "nome": "Cypress Admin 1762172487014",
            "email": "cypress_admin_1762172487014@cypress.com",
            "password": "123456",
            "administrador": "true",
            "_id": "333xk4UmiUxdTZyL"
        },
        {
            "nome": "QA Teacher",
            "email": "qaaaateacher1032@test.com",
            "password": "1234",
            "administrador": "true",
            "_id": "37GOThKY1EquzGfm"
        },
        {
            "nome": "Miguel Santos",
            "email": "miguelsantos.Braga42@teste.com.br",
            "password": "@1A7k2!.Y{",
            "administrador": "false",
            "_id": "3WrKMCCCIYYTOR0X"
        },
        {
            "nome": "test",
            "email": "testqa23499@qa.com",
            "password": "test",
            "administrador": "true",
            "_id": "3mR20Zp5G2emESmN"
        },
        {
            "nome": "FakeName121",
            "email": "FakeName121@fakeemail.com",
            "password": "FakeName123Password!@#",
            "administrador": "true",
            "_id": "3mfDYeL0IaXVyja9"
        },
        {
            "administrador": "true",
            "email": "titus.padberg@yahoo.com",
            "nome": "Raylene Torphy",
            "password": "password",
            "_id": "4lLnyz1csD7NiekX"
        },
        {
            "nome": "Cypress Admin 1762172486347",
            "email": "cypress_admin_1762172486347@cypress.com",
            "password": "123456",
            "administrador": "true",
            "_id": "4nRnHbCJTzkMpaX9"
        },
        {
            "nome": "Pedro da Silva",
            "email": "pedro@qa.com.br",
            "password": "teste",
            "administrador": "true",
            "_id": "4ui1vi7GAKuieS6c"
        },
        {
            "nome": "teste",
            "email": "testeqa9950@qa.com",
            "password": "teste",
            "administrador": "true",
            "_id": "5OHJkESbuA773LKi"
        },
        {
            "nome": "teste",
            "email": "testeqa55769@qa.com",
            "password": "teste",
            "administrador": "true",
            "_id": "5e4WgKZ691qPL3my"
        },
        {
            "nome": "teste",
            "email": "testeqa6023@qa.com",
            "password": "teste",
            "administrador": "true",
            "_id": "5nEhxWuXIs3gD6P8"
        },
        {
            "administrador": "true",
            "email": "daina.swift@yahoo.com",
            "nome": "Marcellus Goodwin Sr.",
            "password": "password",
            "_id": "5vBT4hJXi27AJPUq"
        },
        {
            "nome": "QA User 18ed13 Updated",
            "email": "qa_eefe1f19@tester.com",
            "password": "cab3b7fa919e",
            "administrador": "true",
            "_id": "5vyuHJSOYkYF8ok2"
        },
        {
            "nome": "test",
            "email": "testqa38706@qa.com",
            "password": "test",
            "administrador": "true",
            "_id": "63t0723jR6BteqZA"
        },
        {
            "nome": "QA User 4d87a6",
            "email": "qa_4748330a@tester.com",
            "password": "d0bfbe04879f",
            "administrador": "true",
            "_id": "67QPp1KemQwQgNOQ"
        },
        {
            "nome": "test",
            "email": "testqa43513@qa.com",
            "password": "test",
            "administrador": "true",
            "_id": "6S9LYcIFo6XhZLfv"
        },
        {
            "nome": "test",
            "email": "testqa28063@qa.com",
            "password": "test",
            "administrador": "true",
            "_id": "6SY3HKZIFWYHOVa2"
        },
        {
            "nome": "QA User 309f84",
            "email": "qa_fcb33e9d@tester.com",
            "password": "438433aaf2ef",
            "administrador": "true",
            "_id": "6aa5ybEpUmvtw2KI"
        },
        {
            "nome": "David Davis",
            "email": "Brionna.Brakus@gmail.com",
            "password": "zf6mfdGACc",
            "administrador": "false",
            "_id": "7AngkHJKx6jMJm6G"
        },
        {
            "password": "teste",
            "administrador": "true",
            "nome": "Fulano da Silva",
            "email": "beltranoo@qa.com.br",
            "_id": "7GKiQ0njY0el3Oqp"
        },
        {
            "nome": "QA User e5a805",
            "email": "qa_5d097f5a@tester.com",
            "password": "f67b8395c84c",
            "administrador": "true",
            "_id": "7InQtop1aEFD23O6"
        },
        {
            "nome": "QA19 Teacher",
            "email": "qa.teacher19@test.com",
            "password": "1234",
            "administrador": "true",
            "_id": "7LmQbWjqC9cpeCXt"
        },
        {
            "nome": "Fulano da Silva",
            "email": "gqswzxvv@qacoders.com.br",
            "password": "teste",
            "administrador": "true",
            "_id": "7R02rOpyAwTuF0an"
        },
        {
            "nome": "Jimi Hendrix",
            "email": "jimi@qa.com.br",
            "password": "teste",
            "administrador": "true",
            "_id": "7ZIMhKwtgkS0KPYX"
        },
        {
            "nome": "Steven Jackson",
            "email": "thomasmejia@example.net",
            "password": "@qL*jciM#2",
            "administrador": "true",
            "_id": "7ah5ORrYphFm0Fb3"
        },
        {
            "nome": "QA User 9d0e9a",
            "email": "qa_b1cd34c9@tester.com",
            "password": "828809296281",
            "administrador": "true",
            "_id": "7kcvWeVa25VO7TOr"
        },
        {
            "nome": "QA Teacher6969",
            "email": "qa.teacher106969@test.com",
            "password": "1234",
            "administrador": "true",
            "_id": "836sJE8FcoiP2e1o"
        },
        {
            "nome": "Darrin Braun",
            "email": "Patricia_Breitenberg57@gmail.com",
            "password": "Aa7s6VY4ewNO37F",
            "administrador": "false",
            "_id": "8quywRqtenI5RrrA"
        },
        {
            "nome": "test",
            "email": "testqa50631@qa.com",
            "password": "test",
            "administrador": "true",
            "_id": "8sL8sT4aoAd7dXdG"
        },
        {
            "nome": "Fulano Gui",
            "email": "fulanogui@qa.com.br",
            "password": "test123",
            "administrador": "true",
            "_id": "98VK9GqMyAyR1u3x"
        },
        {
            "nome": "test",
            "email": "testqa73032@qa.com",
            "password": "test",
            "administrador": "true",
            "_id": "9DYqOTx2JUPUvdfr"
        },
        {
            "nome": "user number 3103",
            "email": "name.3103@qa.com.br",
            "password": "123456",
            "administrador": "true",
            "_id": "9GXfcSk0mrG0roC4"
        },
        {
            "nome": "QA User 6a5e93",
            "email": "qa_9e3bdfe5@tester.com",
            "password": "196bb5201c3a",
            "administrador": "true",
            "_id": "9JxnwSyXPeNu7Auu"
        },
        {
            "nome": "test",
            "email": "testqa43376@qa.com",
            "password": "test",
            "administrador": "true",
            "_id": "9Nkbd5JDM9jkm4N2"
        },
        {
            "... (set the log level to DEBUG or TRACE to see the full content) 
 </msg>
<msg time="2025-11-04T01:50:19.225474" level="INFO">/opt/hostedtoolcache/Python/3.11.14/x64/lib/python3.11/site-packages/urllib3/connectionpool.py:1097: InsecureRequestWarning: Unverified HTTPS request is being made to host 'serverest.dev'. Adding certificate verification is strongly advised. See: https://urllib3.readthedocs.io/en/latest/advanced-usage.html#tls-warnings
  warnings.warn(</msg>
<msg time="2025-11-04T01:50:19.225619" level="INFO">${response} = &lt;Response [200]&gt;</msg>
<var>${response}</var>
<arg>alias=api</arg>
<arg>url=/usuarios</arg>
<arg>expected_status=200</arg>
<doc>Sends a GET request on a previously created HTTP Session.</doc>
<status status="PASS" start="2025-11-04T01:50:19.159967" elapsed="0.065687"/>
</kw>
<kw name="Log To Console" owner="BuiltIn">
<arg>${response.json()}</arg>
<doc>Logs the given message to the console.</doc>
<status status="PASS" start="2025-11-04T01:50:19.225808" elapsed="0.001447"/>
</kw>
<kw name="Should Be True" owner="BuiltIn">
<arg>${response.json()['quantidade']} &gt;= 0</arg>
<doc>Fails if the given condition is not true.</doc>
<status status="PASS" start="2025-11-04T01:50:19.227353" elapsed="0.001990"/>
</kw>
<doc>Consulta a lista de usuários. Status esperado: 200. Asserta que 'quantidade' &gt;= 0. Pré-condição: sessão 'api' criada. Não retorna dados (usa apenas asserções).</doc>
<status status="PASS" start="2025-11-04T01:50:19.159452" elapsed="0.069967"/>
</kw>
<status status="PASS" start="2025-11-04T01:50:19.159034" elapsed="0.070508"/>
</test>
<test id="s1-s1-t4" name="Usuario - Consultar usuario por ID inexistente" line="25">
<kw name="Cadastrar usuario" owner="usuario">
<kw name="Evaluate" owner="BuiltIn">
<msg time="2025-11-04T01:50:19.233571" level="INFO">${nome} = Monica Livingston</msg>
<var>${nome}</var>
<arg>__import__('faker').Faker().name()</arg>
<doc>Evaluates the given expression in Python and returns the result.</doc>
<status status="PASS" start="2025-11-04T01:50:19.231790" elapsed="0.001811"/>
</kw>
<kw name="Evaluate" owner="BuiltIn">
<msg time="2025-11-04T01:50:19.236377" level="INFO">${email} = phillipspatricia@example.com</msg>
<var>${email}</var>
<arg>__import__('faker').Faker().email()</arg>
<doc>Evaluates the given expression in Python and returns the result.</doc>
<status status="PASS" start="2025-11-04T01:50:19.233721" elapsed="0.002686"/>
</kw>
<kw name="Evaluate" owner="BuiltIn">
<msg time="2025-11-04T01:50:19.237929" level="INFO">${senha} = &amp;rHcdLJb0M</msg>
<var>${senha}</var>
<arg>__import__('faker').Faker().password(length=10)</arg>
<doc>Evaluates the given expression in Python and returns the result.</doc>
<status status="PASS" start="2025-11-04T01:50:19.236528" elapsed="0.001452"/>
</kw>
<kw name="Set Variable" owner="BuiltIn">
<msg time="2025-11-04T01:50:19.238228" level="INFO">${administrador} = true</msg>
<var>${administrador}</var>
<arg>true</arg>
<doc>Returns the given values which can then be assigned to a variables.</doc>
<status status="PASS" start="2025-11-04T01:50:19.238098" elapsed="0.000155"/>
</kw>
<kw name="Create Dictionary" owner="BuiltIn">
<msg time="2025-11-04T01:50:19.238718" level="INFO">${body_dict} = {'nome': 'Monica Livingston', 'email': 'phillipspatricia@example.com', 'password': '&amp;rHcdLJb0M', 'administrador': 'true'}</msg>
<var>${body_dict}</var>
<arg>nome=${nome}</arg>
<arg>email=${email}</arg>
<arg>password=${senha}</arg>
<arg>administrador=${administrador}</arg>
<doc>Creates and returns a dictionary based on the given ``items``.</doc>
<status status="PASS" start="2025-11-04T01:50:19.238369" elapsed="0.000376"/>
</kw>
<kw name="Create Dictionary" owner="BuiltIn">
<msg time="2025-11-04T01:50:19.239035" level="INFO">${header} = {'Content-Type': 'application/json'}</msg>
<var>${header}</var>
<arg>Content-Type=application/json</arg>
<doc>Creates and returns a dictionary based on the given ``items``.</doc>
<status status="PASS" start="2025-11-04T01:50:19.238862" elapsed="0.000198"/>
</kw>
<kw name="POST On Session" owner="RequestsLibrary">
<msg time="2025-11-04T01:50:19.278424" level="INFO">POST Request : url=https://serverest.dev/usuarios 
 path_url=/usuarios 
 headers={'User-Agent': 'python-requests/2.32.5', 'Accept-Encoding': 'gzip, deflate', 'Accept': '*/*', 'Connection': 'keep-alive', 'Content-Type': 'application/json', 'Content-Length': '121'} 
 body=b'{"nome": "Monica Livingston", "email": "phillipspatricia@example.com", "password": "&amp;rHcdLJb0M", "administrador": "true"}' 
 </msg>
<msg time="2025-11-04T01:50:19.278521" level="INFO">POST Response : url=https://serverest.dev/usuarios 
 status=201, reason=Created 
 headers={'access-control-allow-origin': '*', 'x-dns-prefetch-control': 'off', 'x-frame-options': 'SAMEORIGIN', 'strict-transport-security': 'max-age=15552000; includeSubDomains', 'x-download-options': 'noopen', 'x-content-type-options': 'nosniff', 'x-xss-protection': '1; mode=block', 'content-type': 'application/json; charset=utf-8', 'x-cloud-trace-context': 'c016cf793cb0d3d042a6872d7a5d33e5', 'date': 'Tue, 04 Nov 2025 01:50:19 GMT', 'server': 'Google Frontend', 'Content-Length': '82'} 
 body={
    "message": "Cadastro realizado com sucesso",
    "_id": "eK180WVZwN03uCdD"
} 
 </msg>
<msg time="2025-11-04T01:50:19.278612" level="INFO">/opt/hostedtoolcache/Python/3.11.14/x64/lib/python3.11/site-packages/urllib3/connectionpool.py:1097: InsecureRequestWarning: Unverified HTTPS request is being made to host 'serverest.dev'. Adding certificate verification is strongly advised. See: https://urllib3.readthedocs.io/en/latest/advanced-usage.html#tls-warnings
  warnings.warn(</msg>
<msg time="2025-11-04T01:50:19.278772" level="INFO">${response} = &lt;Response [201]&gt;</msg>
<var>${response}</var>
<arg>alias=api</arg>
<arg>url=/usuarios</arg>
<arg>headers=${header}</arg>
<arg>json=${body_dict}</arg>
<arg>expected_status=201</arg>
<doc>Sends a POST request on a previously created HTTP Session.</doc>
<status status="PASS" start="2025-11-04T01:50:19.239164" elapsed="0.039639"/>
</kw>
<kw name="Log To Console" owner="BuiltIn">
<arg>${response.json()}</arg>
<doc>Logs the given message to the console.</doc>
<status status="PASS" start="2025-11-04T01:50:19.278978" elapsed="0.000453"/>
</kw>
<kw name="Set Variable" owner="BuiltIn">
<msg time="2025-11-04T01:50:19.280005" level="INFO">${id} = eK180WVZwN03uCdD</msg>
<var>${id}</var>
<arg>${response.json()['_id']}</arg>
<doc>Returns the given values which can then be assigned to a variables.</doc>
<status status="PASS" start="2025-11-04T01:50:19.279562" elapsed="0.000466"/>
</kw>
<kw name="Dictionary Should Contain Value" owner="Collections">
<arg>${response.json()}</arg>
<arg>Cadastro realizado com sucesso</arg>
<doc>Fails if ``value`` is not found from ``dictionary``.</doc>
<status status="PASS" start="2025-11-04T01:50:19.280114" elapsed="0.000343"/>
</kw>
<return>
<value>${id}</value>
<value>${nome}</value>
<value>${email}</value>
<status status="PASS" start="2025-11-04T01:50:19.280502" elapsed="0.000045"/>
</return>
<msg time="2025-11-04T01:50:19.280727" level="INFO">${id} = eK180WVZwN03uCdD</msg>
<msg time="2025-11-04T01:50:19.280760" level="INFO">${nome} = Monica Livingston</msg>
<msg time="2025-11-04T01:50:19.280789" level="INFO">${email} = phillipspatricia@example.com</msg>
<var>${id}</var>
<var>${nome}</var>
<var>${email}</var>
<doc>Cadastra um novo usuário com dados gerados via Faker. Status esperado: 201. Valida a mensagem 'Cadastro realizado com sucesso'. Pré-condição: sessão 'api' criada. Retorna: ${id}, ${nome}, ${email} do usuário criado.</doc>
<status status="PASS" start="2025-11-04T01:50:19.231540" elapsed="0.049267"/>
</kw>
<kw name="Consultar usuario por ID" owner="usuario">
<kw name="Create Dictionary" owner="BuiltIn">
<msg time="2025-11-04T01:50:19.282022" level="INFO">${header} = {'Content-Type': 'application/json'}</msg>
<var>${header}</var>
<arg>Content-Type=application/json</arg>
<doc>Creates and returns a dictionary based on the given ``items``.</doc>
<status status="PASS" start="2025-11-04T01:50:19.281862" elapsed="0.000181"/>
</kw>
<kw name="GET On Session" owner="RequestsLibrary">
<msg time="2025-11-04T01:50:19.338456" level="INFO">GET Request : url=https://serverest.dev/usuarios/eK180WVZwN03uCdD 
 path_url=/usuarios/eK180WVZwN03uCdD 
 headers={'User-Agent': 'python-requests/2.32.5', 'Accept-Encoding': 'gzip, deflate', 'Accept': '*/*', 'Connection': 'keep-alive'} 
 body=None 
 </msg>
<msg time="2025-11-04T01:50:19.338611" level="INFO">GET Response : url=https://serverest.dev/usuarios/eK180WVZwN03uCdD 
 status=200, reason=OK 
 headers={'access-control-allow-origin': '*', 'x-dns-prefetch-control': 'off', 'x-frame-options': 'SAMEORIGIN', 'strict-transport-security': 'max-age=15552000; includeSubDomains', 'x-download-options': 'noopen', 'x-content-type-options': 'nosniff', 'x-xss-protection': '1; mode=block', 'content-type': 'application/json; charset=utf-8', 'x-cloud-trace-context': 'cb6f53851788288742a6872d7a5d38cc', 'date': 'Tue, 04 Nov 2025 01:50:19 GMT', 'server': 'Google Frontend', 'Content-Length': '170'} 
 body={
    "nome": "Monica Livingston",
    "email": "phillipspatricia@example.com",
    "password": "&amp;rHcdLJb0M",
    "administrador": "true",
    "_id": "eK180WVZwN03uCdD"
} 
 </msg>
<msg time="2025-11-04T01:50:19.338715" level="INFO">/opt/hostedtoolcache/Python/3.11.14/x64/lib/python3.11/site-packages/urllib3/connectionpool.py:1097: InsecureRequestWarning: Unverified HTTPS request is being made to host 'serverest.dev'. Adding certificate verification is strongly advised. See: https://urllib3.readthedocs.io/en/latest/advanced-usage.html#tls-warnings
  warnings.warn(</msg>
<msg time="2025-11-04T01:50:19.338878" level="INFO">${response} = &lt;Response [200]&gt;</msg>
<var>${response}</var>
<arg>alias=api</arg>
<arg>url=/usuarios/${user_id}</arg>
<arg>expected_status=200</arg>
<doc>Sends a GET request on a previously created HTTP Session.</doc>
<status status="PASS" start="2025-11-04T01:50:19.282125" elapsed="0.056781"/>
</kw>
<kw name="Log To Console" owner="BuiltIn">
<arg>${response.json()}</arg>
<doc>Logs the given message to the console.</doc>
<status status="PASS" start="2025-11-04T01:50:19.339088" elapsed="0.000459"/>
</kw>
<kw name="Should Be Equal" owner="BuiltIn">
<arg>${response.json()['_id']}</arg>
<arg>${user_id}</arg>
<doc>Fails if the given objects are unequal.</doc>
<status status="PASS" start="2025-11-04T01:50:19.339689" elapsed="0.000491"/>
</kw>
<arg>${id}</arg>
<doc>Consulta um usuário específico pelo ID. Status esperado: 200. Asserta que o campo '_id' é igual a ${user_id}. Argumentos: ${user_id}.</doc>
<status status="PASS" start="2025-11-04T01:50:19.281627" elapsed="0.058612"/>
</kw>
<kw name="Delete usuario por ID" owner="usuario">
<kw name="Create Dictionary" owner="BuiltIn">
<msg time="2025-11-04T01:50:19.341426" level="INFO">${header} = {'Content-Type': 'application/json'}</msg>
<var>${header}</var>
<arg>Content-Type=application/json</arg>
<doc>Creates and returns a dictionary based on the given ``items``.</doc>
<status status="PASS" start="2025-11-04T01:50:19.341285" elapsed="0.000162"/>
</kw>
<kw name="DELETE On Session" owner="RequestsLibrary">
<msg time="2025-11-04T01:50:19.385680" level="INFO">DELETE Request : url=https://serverest.dev/usuarios/eK180WVZwN03uCdD 
 path_url=/usuarios/eK180WVZwN03uCdD 
 headers={'User-Agent': 'python-requests/2.32.5', 'Accept-Encoding': 'gzip, deflate', 'Accept': '*/*', 'Connection': 'keep-alive', 'Content-Length': '0'} 
 body=None 
 </msg>
<msg time="2025-11-04T01:50:19.385774" level="INFO">DELETE Response : url=https://serverest.dev/usuarios/eK180WVZwN03uCdD 
 status=200, reason=OK 
 headers={'access-control-allow-origin': '*', 'x-dns-prefetch-control': 'off', 'x-frame-options': 'SAMEORIGIN', 'strict-transport-security': 'max-age=15552000; includeSubDomains', 'x-download-options': 'noopen', 'x-content-type-options': 'nosniff', 'x-xss-protection': '1; mode=block', 'content-type': 'application/json; charset=utf-8', 'x-cloud-trace-context': '6a1388a798c4d69942a6872d7a5d39d4', 'date': 'Tue, 04 Nov 2025 01:50:19 GMT', 'server': 'Google Frontend', 'Content-Length': '51'} 
 body={
    "message": "Registro excluído com sucesso"
} 
 </msg>
<msg time="2025-11-04T01:50:19.385845" level="INFO">/opt/hostedtoolcache/Python/3.11.14/x64/lib/python3.11/site-packages/urllib3/connectionpool.py:1097: InsecureRequestWarning: Unverified HTTPS request is being made to host 'serverest.dev'. Adding certificate verification is strongly advised. See: https://urllib3.readthedocs.io/en/latest/advanced-usage.html#tls-warnings
  warnings.warn(</msg>
<msg time="2025-11-04T01:50:19.386015" level="INFO">${response} = &lt;Response [200]&gt;</msg>
<var>${response}</var>
<arg>alias=api</arg>
<arg>url=/usuarios/${user_id}</arg>
<arg>expected_status=200</arg>
<doc>Sends a DELETE request on a previously created HTTP Session.</doc>
<status status="PASS" start="2025-11-04T01:50:19.341528" elapsed="0.044523"/>
</kw>
<kw name="Dictionary Should Contain Value" owner="Collections">
<arg>${response.json()}</arg>
<arg>Registro excluído com sucesso</arg>
<doc>Fails if ``value`` is not found from ``dictionary``.</doc>
<status status="PASS" start="2025-11-04T01:50:19.386236" elapsed="0.000437"/>
</kw>
<arg>${id}</arg>
<doc>Deleta um usuário específico pelo ID. Status esperado: 200. Valida 'Registro excluído com sucesso'. Argumentos: ${user_id}. Pré-condição: ${user_id} deve existir.</doc>
<status status="PASS" start="2025-11-04T01:50:19.341046" elapsed="0.045688"/>
</kw>
<status status="PASS" start="2025-11-04T01:50:19.229736" elapsed="0.157115"/>
</test>
<test id="s1-s1-t5" name="Usuario - Atualizar usuario por ID inexsistente/Cria novo usuario" line="29">
<kw name="Atualiza usuario por ID(ID não encontrado)" owner="usuario">
<kw name="Evaluate" owner="BuiltIn">
<msg time="2025-11-04T01:50:19.388880" level="INFO">${user_id} = 493eeaca-3a97-4e00-9c99-dc7739241414</msg>
<var>${user_id}</var>
<arg>__import__('faker').Faker().uuid4()</arg>
<doc>Evaluates the given expression in Python and returns the result.</doc>
<status status="PASS" start="2025-11-04T01:50:19.387742" elapsed="0.001163"/>
</kw>
<kw name="Evaluate" owner="BuiltIn">
<msg time="2025-11-04T01:50:19.390197" level="INFO">${nome} = Emily Smith</msg>
<var>${nome}</var>
<arg>__import__('faker').Faker().name()</arg>
<doc>Evaluates the given expression in Python and returns the result.</doc>
<status status="PASS" start="2025-11-04T01:50:19.389012" elapsed="0.001208"/>
</kw>
<kw name="Evaluate" owner="BuiltIn">
<msg time="2025-11-04T01:50:19.391303" level="INFO">${email} = hbryant@example.com</msg>
<var>${email}</var>
<arg>__import__('faker').Faker().email()</arg>
<doc>Evaluates the given expression in Python and returns the result.</doc>
<status status="PASS" start="2025-11-04T01:50:19.390309" elapsed="0.001017"/>
</kw>
<kw name="Evaluate" owner="BuiltIn">
<msg time="2025-11-04T01:50:19.392394" level="INFO">${senha} = u9T7m*Mig@</msg>
<var>${senha}</var>
<arg>__import__('faker').Faker().password(length=10)</arg>
<doc>Evaluates the given expression in Python and returns the result.</doc>
<status status="PASS" start="2025-11-04T01:50:19.391414" elapsed="0.001003"/>
</kw>
<kw name="Set Variable" owner="BuiltIn">
<msg time="2025-11-04T01:50:19.392604" level="INFO">${administrador} = true</msg>
<var>${administrador}</var>
<arg>true</arg>
<doc>Returns the given values which can then be assigned to a variables.</doc>
<status status="PASS" start="2025-11-04T01:50:19.392504" elapsed="0.000119"/>
</kw>
<kw name="Create Dictionary" owner="BuiltIn">
<msg time="2025-11-04T01:50:19.393000" level="INFO">${body_dict} = {'nome': 'Emily Smith', 'email': 'hbryant@example.com', 'password': 'u9T7m*Mig@', 'administrador': 'true'}</msg>
<var>${body_dict}</var>
<arg>nome=${nome}</arg>
<arg>email=${email}</arg>
<arg>password=${senha}</arg>
<arg>administrador=${administrador}</arg>
<doc>Creates and returns a dictionary based on the given ``items``.</doc>
<status status="PASS" start="2025-11-04T01:50:19.392711" elapsed="0.000310"/>
</kw>
<kw name="Create Dictionary" owner="BuiltIn">
<msg time="2025-11-04T01:50:19.393225" level="INFO">${header} = {'Content-Type': 'application/json'}</msg>
<var>${header}</var>
<arg>Content-Type=application/json</arg>
<doc>Creates and returns a dictionary based on the given ``items``.</doc>
<status status="PASS" start="2025-11-04T01:50:19.393108" elapsed="0.000136"/>
</kw>
<kw name="PUT On Session" owner="RequestsLibrary">
<msg time="2025-11-04T01:50:19.434615" level="INFO">PUT Request : url=https://serverest.dev/usuarios/493eeaca-3a97-4e00-9c99-dc7739241414 
 path_url=/usuarios/493eeaca-3a97-4e00-9c99-dc7739241414 
 headers={'User-Agent': 'python-requests/2.32.5', 'Accept-Encoding': 'gzip, deflate', 'Accept': '*/*', 'Connection': 'keep-alive', 'Content-Type': 'application/json', 'Content-Length': '106'} 
 body=b'{"nome": "Emily Smith", "email": "hbryant@example.com", "password": "u9T7m*Mig@", "administrador": "true"}' 
 </msg>
<msg time="2025-11-04T01:50:19.434705" level="INFO">PUT Response : url=https://serverest.dev/usuarios/493eeaca-3a97-4e00-9c99-dc7739241414 
 status=201, reason=Created 
 headers={'access-control-allow-origin': '*', 'x-dns-prefetch-control': 'off', 'x-frame-options': 'SAMEORIGIN', 'strict-transport-security': 'max-age=15552000; includeSubDomains', 'x-download-options': 'noopen', 'x-content-type-options': 'nosniff', 'x-xss-protection': '1; mode=block', 'content-type': 'application/json; charset=utf-8', 'x-cloud-trace-context': '4c43d423461d845242a6872d7a5d3f3f', 'date': 'Tue, 04 Nov 2025 01:50:19 GMT', 'server': 'Google Frontend', 'Content-Length': '82'} 
 body={
    "message": "Cadastro realizado com sucesso",
    "_id": "9ijDSzD3LpOwWLNL"
} 
 </msg>
<msg time="2025-11-04T01:50:19.434796" level="INFO">/opt/hostedtoolcache/Python/3.11.14/x64/lib/python3.11/site-packages/urllib3/connectionpool.py:1097: InsecureRequestWarning: Unverified HTTPS request is being made to host 'serverest.dev'. Adding certificate verification is strongly advised. See: https://urllib3.readthedocs.io/en/latest/advanced-usage.html#tls-warnings
  warnings.warn(</msg>
<msg time="2025-11-04T01:50:19.434978" level="INFO">${response} = &lt;Response [201]&gt;</msg>
<var>${response}</var>
<arg>alias=api</arg>
<arg>url=/usuarios/${user_id}</arg>
<arg>headers=${header}</arg>
<arg>json=${body_dict}</arg>
<arg>expected_status=201</arg>
<doc>Sends a PUT request on a previously created HTTP Session.</doc>
<status status="PASS" start="2025-11-04T01:50:19.393361" elapsed="0.041652"/>
</kw>
<kw name="Dictionary Should Contain Value" owner="Collections">
<arg>${response.json()}</arg>
<arg>Cadastro realizado com sucesso</arg>
<doc>Fails if ``value`` is not found from ``dictionary``.</doc>
<status status="PASS" start="2025-11-04T01:50:19.435174" elapsed="0.000460"/>
</kw>
<doc>Tenta atualizar usando um ID inexistente; a API cria um novo usuário. Status esperado: 201. Valida 'Cadastro realizado com sucesso'. Observação: comportamento específico da ServeRest.</doc>
<status status="PASS" start="2025-11-04T01:50:19.387550" elapsed="0.048142"/>
</kw>
<status status="PASS" start="2025-11-04T01:50:19.387081" elapsed="0.048712"/>
</test>
<test id="s1-s1-t6" name="Usuario - Atualizar usuario por ID inexsistente/e-mail já cadastrado" line="31">
<kw name="Cadastrar usuario" owner="usuario">
<kw name="Evaluate" owner="BuiltIn">
<msg time="2025-11-04T01:50:19.438964" level="INFO">${nome} = Nancy Church</msg>
<var>${nome}</var>
<arg>__import__('faker').Faker().name()</arg>
<doc>Evaluates the given expression in Python and returns the result.</doc>
<status status="PASS" start="2025-11-04T01:50:19.437608" elapsed="0.001382"/>
</kw>
<kw name="Evaluate" owner="BuiltIn">
<msg time="2025-11-04T01:50:19.440089" level="INFO">${email} = ltorres@example.org</msg>
<var>${email}</var>
<arg>__import__('faker').Faker().email()</arg>
<doc>Evaluates the given expression in Python and returns the result.</doc>
<status status="PASS" start="2025-11-04T01:50:19.439084" elapsed="0.001028"/>
</kw>
<kw name="Evaluate" owner="BuiltIn">
<msg time="2025-11-04T01:50:19.441186" level="INFO">${senha} = 3G&amp;5Qwy(mV</msg>
<var>${senha}</var>
<arg>__import__('faker').Faker().password(length=10)</arg>
<doc>Evaluates the given expression in Python and returns the result.</doc>
<status status="PASS" start="2025-11-04T01:50:19.440199" elapsed="0.001010"/>
</kw>
<kw name="Set Variable" owner="BuiltIn">
<msg time="2025-11-04T01:50:19.441394" level="INFO">${administrador} = true</msg>
<var>${administrador}</var>
<arg>true</arg>
<doc>Returns the given values which can then be assigned to a variables.</doc>
<status status="PASS" start="2025-11-04T01:50:19.441296" elapsed="0.000117"/>
</kw>
<kw name="Create Dictionary" owner="BuiltIn">
<msg time="2025-11-04T01:50:19.441764" level="INFO">${body_dict} = {'nome': 'Nancy Church', 'email': 'ltorres@example.org', 'password': '3G&amp;5Qwy(mV', 'administrador': 'true'}</msg>
<var>${body_dict}</var>
<arg>nome=${nome}</arg>
<arg>email=${email}</arg>
<arg>password=${senha}</arg>
<arg>administrador=${administrador}</arg>
<doc>Creates and returns a dictionary based on the given ``items``.</doc>
<status status="PASS" start="2025-11-04T01:50:19.441500" elapsed="0.000286"/>
</kw>
<kw name="Create Dictionary" owner="BuiltIn">
<msg time="2025-11-04T01:50:19.442011" level="INFO">${header} = {'Content-Type': 'application/json'}</msg>
<var>${header}</var>
<arg>Content-Type=application/json</arg>
<doc>Creates and returns a dictionary based on the given ``items``.</doc>
<status status="PASS" start="2025-11-04T01:50:19.441874" elapsed="0.000157"/>
</kw>
<kw name="POST On Session" owner="RequestsLibrary">
<msg time="2025-11-04T01:50:19.481283" level="INFO">POST Request : url=https://serverest.dev/usuarios 
 path_url=/usuarios 
 headers={'User-Agent': 'python-requests/2.32.5', 'Accept-Encoding': 'gzip, deflate', 'Accept': '*/*', 'Connection': 'keep-alive', 'Content-Type': 'application/json', 'Content-Length': '107'} 
 body=b'{"nome": "Nancy Church", "email": "ltorres@example.org", "password": "3G&amp;5Qwy(mV", "administrador": "true"}' 
 </msg>
<msg time="2025-11-04T01:50:19.481379" level="INFO">POST Response : url=https://serverest.dev/usuarios 
 status=201, reason=Created 
 headers={'access-control-allow-origin': '*', 'x-dns-prefetch-control': 'off', 'x-frame-options': 'SAMEORIGIN', 'strict-transport-security': 'max-age=15552000; includeSubDomains', 'x-download-options': 'noopen', 'x-content-type-options': 'nosniff', 'x-xss-protection': '1; mode=block', 'content-type': 'application/json; charset=utf-8', 'x-cloud-trace-context': 'cea380dcafc775ea42a6872d7a5d3889', 'date': 'Tue, 04 Nov 2025 01:50:19 GMT', 'server': 'Google Frontend', 'Content-Length': '82'} 
 body={
    "message": "Cadastro realizado com sucesso",
    "_id": "MuLVf3fNTuvTS1Pf"
} 
 </msg>
<msg time="2025-11-04T01:50:19.481451" level="INFO">/opt/hostedtoolcache/Python/3.11.14/x64/lib/python3.11/site-packages/urllib3/connectionpool.py:1097: InsecureRequestWarning: Unverified HTTPS request is being made to host 'serverest.dev'. Adding certificate verification is strongly advised. See: https://urllib3.readthedocs.io/en/latest/advanced-usage.html#tls-warnings
  warnings.warn(</msg>
<msg time="2025-11-04T01:50:19.481619" level="INFO">${response} = &lt;Response [201]&gt;</msg>
<var>${response}</var>
<arg>alias=api</arg>
<arg>url=/usuarios</arg>
<arg>headers=${header}</arg>
<arg>json=${body_dict}</arg>
<arg>expected_status=201</arg>
<doc>Sends a POST request on a previously created HTTP Session.</doc>
<status status="PASS" start="2025-11-04T01:50:19.442111" elapsed="0.039549"/>
</kw>
<kw name="Log To Console" owner="BuiltIn">
<arg>${response.json()}</arg>
<doc>Logs the given message to the console.</doc>
<status status="PASS" start="2025-11-04T01:50:19.481849" elapsed="0.000526"/>
</kw>
<kw name="Set Variable" owner="BuiltIn">
<msg time="2025-11-04T01:50:19.483006" level="INFO">${id} = MuLVf3fNTuvTS1Pf</msg>
<var>${id}</var>
<arg>${response.json()['_id']}</arg>
<doc>Returns the given values which can then be assigned to a variables.</doc>
<status status="PASS" start="2025-11-04T01:50:19.482499" elapsed="0.000529"/>
</kw>
<kw name="Dictionary Should Contain Value" owner="Collections">
<arg>${response.json()}</arg>
<arg>Cadastro realizado com sucesso</arg>
<doc>Fails if ``value`` is not found from ``dictionary``.</doc>
<status status="PASS" start="2025-11-04T01:50:19.483112" elapsed="0.000332"/>
</kw>
<return>
<value>${id}</value>
<value>${nome}</value>
<value>${email}</value>
<status status="PASS" start="2025-11-04T01:50:19.483489" elapsed="0.000099"/>
</return>
<msg time="2025-11-04T01:50:19.483759" level="INFO">${id} = MuLVf3fNTuvTS1Pf</msg>
<msg time="2025-11-04T01:50:19.483792" level="INFO">${nome} = Nancy Church</msg>
<msg time="2025-11-04T01:50:19.483820" level="INFO">${email} = ltorres@example.org</msg>
<var>${id}</var>
<var>${nome}</var>
<var>${email}</var>
<doc>Cadastra um novo usuário com dados gerados via Faker. Status esperado: 201. Valida a mensagem 'Cadastro realizado com sucesso'. Pré-condição: sessão 'api' criada. Retorna: ${id}, ${nome}, ${email} do usuário criado.</doc>
<status status="PASS" start="2025-11-04T01:50:19.437417" elapsed="0.046421"/>
</kw>
<kw name="Atualiza usuario por ID(ID não encontrado e e-mail já cadastrado)" owner="usuario">
<kw name="Evaluate" owner="BuiltIn">
<msg time="2025-11-04T01:50:19.485855" level="INFO">${user_id} = 513b54df-a192-45ca-8b2f-fba6bd3b49d1</msg>
<var>${user_id}</var>
<arg>__import__('faker').Faker().uuid4()</arg>
<doc>Evaluates the given expression in Python and returns the result.</doc>
<status status="PASS" start="2025-11-04T01:50:19.484654" elapsed="0.001226"/>
</kw>
<kw name="Evaluate" owner="BuiltIn">
<msg time="2025-11-04T01:50:19.487048" level="INFO">${nome} = Melissa Rice</msg>
<var>${nome}</var>
<arg>__import__('faker').Faker().name()</arg>
<doc>Evaluates the given expression in Python and returns the result.</doc>
<status status="PASS" start="2025-11-04T01:50:19.485987" elapsed="0.001085"/>
</kw>
<kw name="Set Variable" owner="BuiltIn">
<msg time="2025-11-04T01:50:19.487283" level="INFO">${email} = ltorres@example.org</msg>
<var>${email}</var>
<arg>${email_existente}</arg>
<doc>Returns the given values which can then be assigned to a variables.</doc>
<status status="PASS" start="2025-11-04T01:50:19.487160" elapsed="0.000154"/>
</kw>
<kw name="Evaluate" owner="BuiltIn">
<msg time="2025-11-04T01:50:19.488395" level="INFO">${senha} = hjay2Xraw$</msg>
<var>${senha}</var>
<arg>__import__('faker').Faker().password(length=10)</arg>
<doc>Evaluates the given expression in Python and returns the result.</doc>
<status status="PASS" start="2025-11-04T01:50:19.487392" elapsed="0.001025"/>
</kw>
<kw name="Set Variable" owner="BuiltIn">
<msg time="2025-11-04T01:50:19.488596" level="INFO">${administrador} = true</msg>
<var>${administrador}</var>
<arg>true</arg>
<doc>Returns the given values which can then be assigned to a variables.</doc>
<status status="PASS" start="2025-11-04T01:50:19.488502" elapsed="0.000113"/>
</kw>
<kw name="Create Dictionary" owner="BuiltIn">
<msg time="2025-11-04T01:50:19.488993" level="INFO">${body_dict} = {'nome': 'Melissa Rice', 'email': 'ltorres@example.org', 'password': 'hjay2Xraw$', 'administrador': 'true'}</msg>
<var>${body_dict}</var>
<arg>nome=${nome}</arg>
<arg>email=${email}</arg>
<arg>password=${senha}</arg>
<arg>administrador=${administrador}</arg>
<doc>Creates and returns a dictionary based on the given ``items``.</doc>
<status status="PASS" start="2025-11-04T01:50:19.488710" elapsed="0.000305"/>
</kw>
<kw name="Create Dictionary" owner="BuiltIn">
<msg time="2025-11-04T01:50:19.489217" level="INFO">${header} = {'Content-Type': 'application/json'}</msg>
<var>${header}</var>
<arg>Content-Type=application/json</arg>
<doc>Creates and returns a dictionary based on the given ``items``.</doc>
<status status="PASS" start="2025-11-04T01:50:19.489102" elapsed="0.000135"/>
</kw>
<kw name="PUT On Session" owner="RequestsLibrary">
<msg time="2025-11-04T01:50:19.551737" level="INFO">PUT Request : url=https://serverest.dev/usuarios/513b54df-a192-45ca-8b2f-fba6bd3b49d1 
 path_url=/usuarios/513b54df-a192-45ca-8b2f-fba6bd3b49d1 
 headers={'User-Agent': 'python-requests/2.32.5', 'Accept-Encoding': 'gzip, deflate', 'Accept': '*/*', 'Connection': 'keep-alive', 'Content-Type': 'application/json', 'Content-Length': '107'} 
 body=b'{"nome": "Melissa Rice", "email": "ltorres@example.org", "password": "hjay2Xraw$", "administrador": "true"}' 
 </msg>
<msg time="2025-11-04T01:50:19.551839" level="INFO">PUT Response : url=https://serverest.dev/usuarios/513b54df-a192-45ca-8b2f-fba6bd3b49d1 
 status=400, reason=Bad Request 
 headers={'access-control-allow-origin': '*', 'x-dns-prefetch-control': 'off', 'x-frame-options': 'SAMEORIGIN', 'strict-transport-security': 'max-age=15552000; includeSubDomains', 'x-download-options': 'noopen', 'x-content-type-options': 'nosniff', 'x-xss-protection': '1; mode=block', 'content-type': 'application/json; charset=utf-8', 'x-cloud-trace-context': '74981f514343a4da42a6872d7a5d314f', 'date': 'Tue, 04 Nov 2025 01:50:19 GMT', 'server': 'Google Frontend', 'Content-Length': '53'} 
 body={
    "message": "Este email já está sendo usado"
} 
 </msg>
<msg time="2025-11-04T01:50:19.551912" level="INFO">/opt/hostedtoolcache/Python/3.11.14/x64/lib/python3.11/site-packages/urllib3/connectionpool.py:1097: InsecureRequestWarning: Unverified HTTPS request is being made to host 'serverest.dev'. Adding certificate verification is strongly advised. See: https://urllib3.readthedocs.io/en/latest/advanced-usage.html#tls-warnings
  warnings.warn(</msg>
<msg time="2025-11-04T01:50:19.552115" level="INFO">${response} = &lt;Response [400]&gt;</msg>
<var>${response}</var>
<arg>alias=api</arg>
<arg>url=/usuarios/${user_id}</arg>
<arg>headers=${header}</arg>
<arg>json=${body_dict}</arg>
<arg>expected_status=400</arg>
<doc>Sends a PUT request on a previously created HTTP Session.</doc>
<status status="PASS" start="2025-11-04T01:50:19.489315" elapsed="0.062845"/>
</kw>
<kw name="Dictionary Should Contain Value" owner="Collections">
<arg>${response.json()}</arg>
<arg>Este email já está sendo usado</arg>
<doc>Fails if ``value`` is not found from ``dictionary``.</doc>
<status status="PASS" start="2025-11-04T01:50:19.552357" elapsed="0.000476"/>
</kw>
<arg>${email}</arg>
<doc>Tenta atualizar (ID inexistente) com e-mail já cadastrado. Status esperado: 400. Valida 'Este email já está sendo usado'. Argumentos: ${email_existente}. Pré-condição: e-mail já cadastrado.</doc>
<status status="PASS" start="2025-11-04T01:50:19.484362" elapsed="0.068532"/>
</kw>
<status status="PASS" start="2025-11-04T01:50:19.436027" elapsed="0.116992"/>
</test>
<test id="s1-s1-t7" name="Usuario - Deletar usuario por ID" line="34">
<kw name="Cadastrar usuario" owner="usuario">
<kw name="Evaluate" owner="BuiltIn">
<msg time="2025-11-04T01:50:19.555978" level="INFO">${nome} = Natalie Benson</msg>
<var>${nome}</var>
<arg>__import__('faker').Faker().name()</arg>
<doc>Evaluates the given expression in Python and returns the result.</doc>
<status status="PASS" start="2025-11-04T01:50:19.554740" elapsed="0.001263"/>
</kw>
<kw name="Evaluate" owner="BuiltIn">
<msg time="2025-11-04T01:50:19.557264" level="INFO">${email} = velezthomas@example.org</msg>
<var>${email}</var>
<arg>__import__('faker').Faker().email()</arg>
<doc>Evaluates the given expression in Python and returns the result.</doc>
<status status="PASS" start="2025-11-04T01:50:19.556094" elapsed="0.001194"/>
</kw>
<kw name="Evaluate" owner="BuiltIn">
<msg time="2025-11-04T01:50:19.558293" level="INFO">${senha} = !4XXoH(buD</msg>
<var>${senha}</var>
<arg>__import__('faker').Faker().password(length=10)</arg>
<doc>Evaluates the given expression in Python and returns the result.</doc>
<status status="PASS" start="2025-11-04T01:50:19.557376" elapsed="0.000939"/>
</kw>
<kw name="Set Variable" owner="BuiltIn">
<msg time="2025-11-04T01:50:19.558501" level="INFO">${administrador} = true</msg>
<var>${administrador}</var>
<arg>true</arg>
<doc>Returns the given values which can then be assigned to a variables.</doc>
<status status="PASS" start="2025-11-04T01:50:19.558401" elapsed="0.000119"/>
</kw>
<kw name="Create Dictionary" owner="BuiltIn">
<msg time="2025-11-04T01:50:19.558877" level="INFO">${body_dict} = {'nome': 'Natalie Benson', 'email': 'velezthomas@example.org', 'password': '!4XXoH(buD', 'administrador': 'true'}</msg>
<var>${body_dict}</var>
<arg>nome=${nome}</arg>
<arg>email=${email}</arg>
<arg>password=${senha}</arg>
<arg>administrador=${administrador}</arg>
<doc>Creates and returns a dictionary based on the given ``items``.</doc>
<status status="PASS" start="2025-11-04T01:50:19.558606" elapsed="0.000291"/>
</kw>
<kw name="Create Dictionary" owner="BuiltIn">
<msg time="2025-11-04T01:50:19.559253" level="INFO">${header} = {'Content-Type': 'application/json'}</msg>
<var>${header}</var>
<arg>Content-Type=application/json</arg>
<doc>Creates and returns a dictionary based on the given ``items``.</doc>
<status status="PASS" start="2025-11-04T01:50:19.559058" elapsed="0.000215"/>
</kw>
<kw name="POST On Session" owner="RequestsLibrary">
<msg time="2025-11-04T01:50:19.596660" level="INFO">POST Request : url=https://serverest.dev/usuarios 
 path_url=/usuarios 
 headers={'User-Agent': 'python-requests/2.32.5', 'Accept-Encoding': 'gzip, deflate', 'Accept': '*/*', 'Connection': 'keep-alive', 'Content-Type': 'application/json', 'Content-Length': '113'} 
 body=b'{"nome": "Natalie Benson", "email": "velezthomas@example.org", "password": "!4XXoH(buD", "administrador": "true"}' 
 </msg>
<msg time="2025-11-04T01:50:19.596755" level="INFO">POST Response : url=https://serverest.dev/usuarios 
 status=201, reason=Created 
 headers={'access-control-allow-origin': '*', 'x-dns-prefetch-control': 'off', 'x-frame-options': 'SAMEORIGIN', 'strict-transport-security': 'max-age=15552000; includeSubDomains', 'x-download-options': 'noopen', 'x-content-type-options': 'nosniff', 'x-xss-protection': '1; mode=block', 'content-type': 'application/json; charset=utf-8', 'x-cloud-trace-context': 'cc0942935851003342a6872d7a5d3333', 'date': 'Tue, 04 Nov 2025 01:50:19 GMT', 'server': 'Google Frontend', 'Content-Length': '82'} 
 body={
    "message": "Cadastro realizado com sucesso",
    "_id": "XHfVSsnyAj0lJ9jn"
} 
 </msg>
<msg time="2025-11-04T01:50:19.596829" level="INFO">/opt/hostedtoolcache/Python/3.11.14/x64/lib/python3.11/site-packages/urllib3/connectionpool.py:1097: InsecureRequestWarning: Unverified HTTPS request is being made to host 'serverest.dev'. Adding certificate verification is strongly advised. See: https://urllib3.readthedocs.io/en/latest/advanced-usage.html#tls-warnings
  warnings.warn(</msg>
<msg time="2025-11-04T01:50:19.597037" level="INFO">${response} = &lt;Response [201]&gt;</msg>
<var>${response}</var>
<arg>alias=api</arg>
<arg>url=/usuarios</arg>
<arg>headers=${header}</arg>
<arg>json=${body_dict}</arg>
<arg>expected_status=201</arg>
<doc>Sends a POST request on a previously created HTTP Session.</doc>
<status status="PASS" start="2025-11-04T01:50:19.559355" elapsed="0.037723"/>
</kw>
<kw name="Log To Console" owner="BuiltIn">
<arg>${response.json()}</arg>
<doc>Logs the given message to the console.</doc>
<status status="PASS" start="2025-11-04T01:50:19.597268" elapsed="0.000485"/>
</kw>
<kw name="Set Variable" owner="BuiltIn">
<msg time="2025-11-04T01:50:19.598351" level="INFO">${id} = XHfVSsnyAj0lJ9jn</msg>
<var>${id}</var>
<arg>${response.json()['_id']}</arg>
<doc>Returns the given values which can then be assigned to a variables.</doc>
<status status="PASS" start="2025-11-04T01:50:19.597895" elapsed="0.000479"/>
</kw>
<kw name="Dictionary Should Contain Value" owner="Collections">
<arg>${response.json()}</arg>
<arg>Cadastro realizado com sucesso</arg>
<doc>Fails if ``value`` is not found from ``dictionary``.</doc>
<status status="PASS" start="2025-11-04T01:50:19.598460" elapsed="0.000339"/>
</kw>
<return>
<value>${id}</value>
<value>${nome}</value>
<value>${email}</value>
<status status="PASS" start="2025-11-04T01:50:19.598847" elapsed="0.000050"/>
</return>
<msg time="2025-11-04T01:50:19.599103" level="INFO">${id} = XHfVSsnyAj0lJ9jn</msg>
<msg time="2025-11-04T01:50:19.599138" level="INFO">${nome} = Natalie Benson</msg>
<msg time="2025-11-04T01:50:19.599167" level="INFO">${email} = velezthomas@example.org</msg>
<var>${id}</var>
<var>${nome}</var>
<var>${email}</var>
<doc>Cadastra um novo usuário com dados gerados via Faker. Status esperado: 201. Valida a mensagem 'Cadastro realizado com sucesso'. Pré-condição: sessão 'api' criada. Retorna: ${id}, ${nome}, ${email} do usuário criado.</doc>
<status status="PASS" start="2025-11-04T01:50:19.554552" elapsed="0.044633"/>
</kw>
<kw name="Delete usuario por ID" owner="usuario">
<kw name="Create Dictionary" owner="BuiltIn">
<msg time="2025-11-04T01:50:19.600400" level="INFO">${header} = {'Content-Type': 'application/json'}</msg>
<var>${header}</var>
<arg>Content-Type=application/json</arg>
<doc>Creates and returns a dictionary based on the given ``items``.</doc>
<status status="PASS" start="2025-11-04T01:50:19.600247" elapsed="0.000175"/>
</kw>
<kw name="DELETE On Session" owner="RequestsLibrary">
<msg time="2025-11-04T01:50:19.659818" level="INFO">DELETE Request : url=https://serverest.dev/usuarios/XHfVSsnyAj0lJ9jn 
 path_url=/usuarios/XHfVSsnyAj0lJ9jn 
 headers={'User-Agent': 'python-requests/2.32.5', 'Accept-Encoding': 'gzip, deflate', 'Accept': '*/*', 'Connection': 'keep-alive', 'Content-Length': '0'} 
 body=None 
 </msg>
<msg time="2025-11-04T01:50:19.659909" level="INFO">DELETE Response : url=https://serverest.dev/usuarios/XHfVSsnyAj0lJ9jn 
 status=200, reason=OK 
 headers={'access-control-allow-origin': '*', 'x-dns-prefetch-control': 'off', 'x-frame-options': 'SAMEORIGIN', 'strict-transport-security': 'max-age=15552000; includeSubDomains', 'x-download-options': 'noopen', 'x-content-type-options': 'nosniff', 'x-xss-protection': '1; mode=block', 'content-type': 'application/json; charset=utf-8', 'x-cloud-trace-context': '9977f5a971b1c99542a6872d7a5d381a', 'date': 'Tue, 04 Nov 2025 01:50:19 GMT', 'server': 'Google Frontend', 'Content-Length': '51'} 
 body={
    "message": "Registro excluído com sucesso"
} 
 </msg>
<msg time="2025-11-04T01:50:19.660018" level="INFO">/opt/hostedtoolcache/Python/3.11.14/x64/lib/python3.11/site-packages/urllib3/connectionpool.py:1097: InsecureRequestWarning: Unverified HTTPS request is being made to host 'serverest.dev'. Adding certificate verification is strongly advised. See: https://urllib3.readthedocs.io/en/latest/advanced-usage.html#tls-warnings
  warnings.warn(</msg>
<msg time="2025-11-04T01:50:19.660177" level="INFO">${response} = &lt;Response [200]&gt;</msg>
<var>${response}</var>
<arg>alias=api</arg>
<arg>url=/usuarios/${user_id}</arg>
<arg>expected_status=200</arg>
<doc>Sends a DELETE request on a previously created HTTP Session.</doc>
<status status="PASS" start="2025-11-04T01:50:19.600504" elapsed="0.059716"/>
</kw>
<kw name="Dictionary Should Contain Value" owner="Collections">
<arg>${response.json()}</arg>
<arg>Registro excluído com sucesso</arg>
<doc>Fails if ``value`` is not found from ``dictionary``.</doc>
<status status="PASS" start="2025-11-04T01:50:19.660388" elapsed="0.000416"/>
</kw>
<arg>${id}</arg>
<doc>Deleta um usuário específico pelo ID. Status esperado: 200. Valida 'Registro excluído com sucesso'. Argumentos: ${user_id}. Pré-condição: ${user_id} deve existir.</doc>
<status status="PASS" start="2025-11-04T01:50:19.600006" elapsed="0.060857"/>
</kw>
<status status="PASS" start="2025-11-04T01:50:19.553237" elapsed="0.107751"/>
</test>
<kw name="Encerrar Sessão" owner="usuario" type="TEARDOWN">
<kw name="Delete All Sessions" owner="RequestsLibrary">
<msg time="2025-11-04T01:50:19.661770" level="INFO">Deleting All Sessions</msg>
<doc>Removes all the session objects</doc>
<status status="PASS" start="2025-11-04T01:50:19.661713" elapsed="0.000125"/>
</kw>
<doc>Encerra todas as sessões HTTP abertas pela RequestsLibrary. Use ao final da suíte/execução. Não recebe argumentos e não retorna valores.</doc>
<status status="PASS" start="2025-11-04T01:50:19.661565" elapsed="0.000314"/>
</kw>
<status status="PASS" start="2025-11-04T01:50:18.535281" elapsed="1.126625"/>
</suite>
<status status="PASS" start="2025-11-04T01:50:18.514552" elapsed="1.147911"/>
</suite>
<statistics>
<total>
<stat pass="7" fail="0" skip="0">All Tests</stat>
</total>
<tag>
</tag>
<suite>
<stat name="Tests" id="s1" pass="7" fail="0" skip="0">Tests</stat>
<stat name="API Serverest" id="s1-s1" pass="7" fail="0" skip="0">Tests.API Serverest</stat>
</suite>
</statistics>
<errors>
</errors>
</robot>
