<?xml version="1.0" encoding="UTF-8"?>
<robot generator="Robot 7.3.2 (Python 3.11.14 on linux)" generated="2025-11-02T15:10:41.866277" rpa="false" schemaversion="5">
<suite id="s1" name="Tests" source="/home/runner/work/robot-api-serveRest/robot-api-serveRest/tests">
<suite id="s1-s1" name="API Serverest" source="/home/runner/work/robot-api-serveRest/robot-api-serveRest/tests/API_Serverest.robot">
<kw name="Criar Sessão" owner="usuario" type="SETUP">
<kw name="Create Session" owner="RequestsLibrary">
<msg time="2025-11-02T15:10:41.967566" level="INFO">Creating Session using : alias=api, url=https://serverest.dev, headers={},                     cookies={}, auth=None, timeout=None, proxies=None, verify=False,                     debug=0 </msg>
<arg>alias=api</arg>
<arg>url=${URL}</arg>
<doc>Create Session: create a HTTP session to a server</doc>
<status status="PASS" start="2025-11-02T15:10:41.967406" elapsed="0.000306"/>
</kw>
<arg>https://serverest.dev</arg>
<status status="PASS" start="2025-11-02T15:10:41.966841" elapsed="0.000944"/>
</kw>
<test id="s1-s1-t1" name="Usuario - Cadastrar Usuario" line="16">
<kw name="Cadastrar usuario" owner="usuario">
<kw name="Evaluate" owner="BuiltIn">
<msg time="2025-11-02T15:10:42.069932" level="INFO">${nome} = Jason Lyons</msg>
<var>${nome}</var>
<arg>__import__('faker').Faker().name()</arg>
<doc>Evaluates the given expression in Python and returns the result.</doc>
<status status="PASS" start="2025-11-02T15:10:41.968393" elapsed="0.101579"/>
</kw>
<kw name="Evaluate" owner="BuiltIn">
<msg time="2025-11-02T15:10:42.071318" level="INFO">${email} = onavarro@example.com</msg>
<var>${email}</var>
<arg>__import__('faker').Faker().email()</arg>
<doc>Evaluates the given expression in Python and returns the result.</doc>
<status status="PASS" start="2025-11-02T15:10:42.070153" elapsed="0.001191"/>
</kw>
<kw name="Evaluate" owner="BuiltIn">
<msg time="2025-11-02T15:10:42.072405" level="INFO">${senha} = 2fml7Sbe1$</msg>
<var>${senha}</var>
<arg>__import__('faker').Faker().password(length=10)</arg>
<doc>Evaluates the given expression in Python and returns the result.</doc>
<status status="PASS" start="2025-11-02T15:10:42.071451" elapsed="0.000980"/>
</kw>
<kw name="Set Variable" owner="BuiltIn">
<msg time="2025-11-02T15:10:42.072650" level="INFO">${administrador} = true</msg>
<var>${administrador}</var>
<arg>true</arg>
<doc>Returns the given values which can then be assigned to a variables.</doc>
<status status="PASS" start="2025-11-02T15:10:42.072535" elapsed="0.000137"/>
</kw>
<kw name="Create Dictionary" owner="BuiltIn">
<msg time="2025-11-02T15:10:42.073244" level="INFO">${body_dict} = {'nome': 'Jason Lyons', 'email': 'onavarro@example.com', 'password': '2fml7Sbe1$', 'administrador': 'true'}</msg>
<var>${body_dict}</var>
<arg>nome=${nome}</arg>
<arg>email=${email}</arg>
<arg>password=${senha}</arg>
<arg>administrador=${administrador}</arg>
<doc>Creates and returns a dictionary based on the given ``items``.</doc>
<status status="PASS" start="2025-11-02T15:10:42.072780" elapsed="0.000488"/>
</kw>
<kw name="Create Dictionary" owner="BuiltIn">
<msg time="2025-11-02T15:10:42.073507" level="INFO">${header} = {'Content-Type': 'application/json'}</msg>
<var>${header}</var>
<arg>Content-Type=application/json</arg>
<doc>Creates and returns a dictionary based on the given ``items``.</doc>
<status status="PASS" start="2025-11-02T15:10:42.073371" elapsed="0.000159"/>
</kw>
<kw name="POST On Session" owner="RequestsLibrary">
<msg time="2025-11-02T15:10:42.309035" level="INFO">POST Request : url=https://serverest.dev/usuarios 
 path_url=/usuarios 
 headers={'User-Agent': 'python-requests/2.32.5', 'Accept-Encoding': 'gzip, deflate', 'Accept': '*/*', 'Connection': 'keep-alive', 'Content-Type': 'application/json', 'Content-Length': '107'} 
 body=b'{"nome": "Jason Lyons", "email": "onavarro@example.com", "password": "2fml7Sbe1$", "administrador": "true"}' 
 </msg>
<msg time="2025-11-02T15:10:42.309163" level="INFO">POST Response : url=https://serverest.dev/usuarios 
 status=201, reason=Created 
 headers={'access-control-allow-origin': '*', 'x-dns-prefetch-control': 'off', 'x-frame-options': 'SAMEORIGIN', 'strict-transport-security': 'max-age=15552000; includeSubDomains', 'x-download-options': 'noopen', 'x-content-type-options': 'nosniff', 'x-xss-protection': '1; mode=block', 'content-type': 'application/json; charset=utf-8', 'x-cloud-trace-context': '1a061a6b2abb9e90bcee95bc6ab32f95;o=1', 'date': 'Sun, 02 Nov 2025 15:10:42 GMT', 'server': 'Google Frontend', 'Content-Length': '82'} 
 body={
    "message": "Cadastro realizado com sucesso",
    "_id": "kia9f4SkpeHWuE6z"
} 
 </msg>
<msg time="2025-11-02T15:10:42.309240" level="INFO">/opt/hostedtoolcache/Python/3.11.14/x64/lib/python3.11/site-packages/urllib3/connectionpool.py:1097: InsecureRequestWarning: Unverified HTTPS request is being made to host 'serverest.dev'. Adding certificate verification is strongly advised. See: https://urllib3.readthedocs.io/en/latest/advanced-usage.html#tls-warnings
  warnings.warn(</msg>
<msg time="2025-11-02T15:10:42.309399" level="INFO">${response} = &lt;Response [201]&gt;</msg>
<var>${response}</var>
<arg>alias=api</arg>
<arg>url=/usuarios</arg>
<arg>headers=${header}</arg>
<arg>json=${body_dict}</arg>
<arg>expected_status=201</arg>
<doc>Sends a POST request on a previously created HTTP Session.</doc>
<status status="PASS" start="2025-11-02T15:10:42.073624" elapsed="0.235817"/>
</kw>
<kw name="Log To Console" owner="BuiltIn">
<arg>${response.json()}</arg>
<doc>Logs the given message to the console.</doc>
<status status="PASS" start="2025-11-02T15:10:42.309650" elapsed="0.000663"/>
</kw>
<kw name="Set Variable" owner="BuiltIn">
<msg time="2025-11-02T15:10:42.310886" level="INFO">${id} = kia9f4SkpeHWuE6z</msg>
<var>${id}</var>
<arg>${response.json()['_id']}</arg>
<doc>Returns the given values which can then be assigned to a variables.</doc>
<status status="PASS" start="2025-11-02T15:10:42.310451" elapsed="0.000457"/>
</kw>
<kw name="Dictionary Should Contain Value" owner="Collections">
<arg>${response.json()}</arg>
<arg>Cadastro realizado com sucesso</arg>
<doc>Fails if ``value`` is not found from ``dictionary``.</doc>
<status status="PASS" start="2025-11-02T15:10:42.311023" elapsed="0.000369"/>
</kw>
<return>
<value>${id}</value>
<value>${nome}</value>
<value>${email}</value>
<status status="PASS" start="2025-11-02T15:10:42.311440" elapsed="0.000045"/>
</return>
<msg time="2025-11-02T15:10:42.311661" level="INFO">${id} = kia9f4SkpeHWuE6z</msg>
<msg time="2025-11-02T15:10:42.311695" level="INFO">${nome} = Jason Lyons</msg>
<msg time="2025-11-02T15:10:42.311725" level="INFO">${email} = onavarro@example.com</msg>
<var>${id}</var>
<var>${nome}</var>
<var>${email}</var>
<doc>Teste para cadastrar um novo usuário com sucesso</doc>
<status status="PASS" start="2025-11-02T15:10:41.968199" elapsed="0.343543"/>
</kw>
<kw name="Delete usuario por ID" owner="usuario">
<kw name="Create Dictionary" owner="BuiltIn">
<msg time="2025-11-02T15:10:42.312344" level="INFO">${header} = {'Content-Type': 'application/json'}</msg>
<var>${header}</var>
<arg>Content-Type=application/json</arg>
<doc>Creates and returns a dictionary based on the given ``items``.</doc>
<status status="PASS" start="2025-11-02T15:10:42.312189" elapsed="0.000177"/>
</kw>
<kw name="DELETE On Session" owner="RequestsLibrary">
<msg time="2025-11-02T15:10:42.360097" level="INFO">DELETE Request : url=https://serverest.dev/usuarios/kia9f4SkpeHWuE6z 
 path_url=/usuarios/kia9f4SkpeHWuE6z 
 headers={'User-Agent': 'python-requests/2.32.5', 'Accept-Encoding': 'gzip, deflate', 'Accept': '*/*', 'Connection': 'keep-alive', 'Content-Length': '0'} 
 body=None 
 </msg>
<msg time="2025-11-02T15:10:42.360164" level="INFO">DELETE Response : url=https://serverest.dev/usuarios/kia9f4SkpeHWuE6z 
 status=200, reason=OK 
 headers={'access-control-allow-origin': '*', 'x-dns-prefetch-control': 'off', 'x-frame-options': 'SAMEORIGIN', 'strict-transport-security': 'max-age=15552000; includeSubDomains', 'x-download-options': 'noopen', 'x-content-type-options': 'nosniff', 'x-xss-protection': '1; mode=block', 'content-type': 'application/json; charset=utf-8', 'x-cloud-trace-context': '2c11eb3b8877c5c2bcee95bc6ab32d0b', 'date': 'Sun, 02 Nov 2025 15:10:42 GMT', 'server': 'Google Frontend', 'Content-Length': '51'} 
 body={
    "message": "Registro excluído com sucesso"
} 
 </msg>
<msg time="2025-11-02T15:10:42.360277" level="INFO">/opt/hostedtoolcache/Python/3.11.14/x64/lib/python3.11/site-packages/urllib3/connectionpool.py:1097: InsecureRequestWarning: Unverified HTTPS request is being made to host 'serverest.dev'. Adding certificate verification is strongly advised. See: https://urllib3.readthedocs.io/en/latest/advanced-usage.html#tls-warnings
  warnings.warn(</msg>
<msg time="2025-11-02T15:10:42.360393" level="INFO">${response} = &lt;Response [200]&gt;</msg>
<var>${response}</var>
<arg>alias=api</arg>
<arg>url=/usuarios/${user_id}</arg>
<arg>expected_status=200</arg>
<doc>Sends a DELETE request on a previously created HTTP Session.</doc>
<status status="PASS" start="2025-11-02T15:10:42.312455" elapsed="0.047979"/>
</kw>
<kw name="Dictionary Should Contain Value" owner="Collections">
<arg>${response.json()}</arg>
<arg>Registro excluído com sucesso</arg>
<doc>Fails if ``value`` is not found from ``dictionary``.</doc>
<status status="PASS" start="2025-11-02T15:10:42.360586" elapsed="0.000506"/>
</kw>
<arg>${id}</arg>
<doc>Teste para deletar um usuário específico pelo ID</doc>
<status status="PASS" start="2025-11-02T15:10:42.311904" elapsed="0.049244"/>
</kw>
<status status="PASS" start="2025-11-02T15:10:41.967835" elapsed="0.393413"/>
</test>
<test id="s1-s1-t2" name="Usuario - Cadastrar Usuario existente" line="19">
<kw name="Cadastrar usuario" owner="usuario">
<kw name="Evaluate" owner="BuiltIn">
<msg time="2025-11-02T15:10:42.363376" level="INFO">${nome} = Alan Wallace</msg>
<var>${nome}</var>
<arg>__import__('faker').Faker().name()</arg>
<doc>Evaluates the given expression in Python and returns the result.</doc>
<status status="PASS" start="2025-11-02T15:10:42.362185" elapsed="0.001215"/>
</kw>
<kw name="Evaluate" owner="BuiltIn">
<msg time="2025-11-02T15:10:42.364577" level="INFO">${email} = jason22@example.org</msg>
<var>${email}</var>
<arg>__import__('faker').Faker().email()</arg>
<doc>Evaluates the given expression in Python and returns the result.</doc>
<status status="PASS" start="2025-11-02T15:10:42.363493" elapsed="0.001107"/>
</kw>
<kw name="Evaluate" owner="BuiltIn">
<msg time="2025-11-02T15:10:42.365638" level="INFO">${senha} = &amp;Yh75%Gpz#</msg>
<var>${senha}</var>
<arg>__import__('faker').Faker().password(length=10)</arg>
<doc>Evaluates the given expression in Python and returns the result.</doc>
<status status="PASS" start="2025-11-02T15:10:42.364691" elapsed="0.000970"/>
</kw>
<kw name="Set Variable" owner="BuiltIn">
<msg time="2025-11-02T15:10:42.365848" level="INFO">${administrador} = true</msg>
<var>${administrador}</var>
<arg>true</arg>
<doc>Returns the given values which can then be assigned to a variables.</doc>
<status status="PASS" start="2025-11-02T15:10:42.365750" elapsed="0.000118"/>
</kw>
<kw name="Create Dictionary" owner="BuiltIn">
<msg time="2025-11-02T15:10:42.366238" level="INFO">${body_dict} = {'nome': 'Alan Wallace', 'email': 'jason22@example.org', 'password': '&amp;Yh75%Gpz#', 'administrador': 'true'}</msg>
<var>${body_dict}</var>
<arg>nome=${nome}</arg>
<arg>email=${email}</arg>
<arg>password=${senha}</arg>
<arg>administrador=${administrador}</arg>
<doc>Creates and returns a dictionary based on the given ``items``.</doc>
<status status="PASS" start="2025-11-02T15:10:42.365957" elapsed="0.000302"/>
</kw>
<kw name="Create Dictionary" owner="BuiltIn">
<msg time="2025-11-02T15:10:42.366469" level="INFO">${header} = {'Content-Type': 'application/json'}</msg>
<var>${header}</var>
<arg>Content-Type=application/json</arg>
<doc>Creates and returns a dictionary based on the given ``items``.</doc>
<status status="PASS" start="2025-11-02T15:10:42.366348" elapsed="0.000140"/>
</kw>
<kw name="POST On Session" owner="RequestsLibrary">
<msg time="2025-11-02T15:10:42.443230" level="INFO">POST Request : url=https://serverest.dev/usuarios 
 path_url=/usuarios 
 headers={'User-Agent': 'python-requests/2.32.5', 'Accept-Encoding': 'gzip, deflate', 'Accept': '*/*', 'Connection': 'keep-alive', 'Content-Type': 'application/json', 'Content-Length': '107'} 
 body=b'{"nome": "Alan Wallace", "email": "jason22@example.org", "password": "&amp;Yh75%Gpz#", "administrador": "true"}' 
 </msg>
<msg time="2025-11-02T15:10:42.443300" level="INFO">POST Response : url=https://serverest.dev/usuarios 
 status=201, reason=Created 
 headers={'access-control-allow-origin': '*', 'x-dns-prefetch-control': 'off', 'x-frame-options': 'SAMEORIGIN', 'strict-transport-security': 'max-age=15552000; includeSubDomains', 'x-download-options': 'noopen', 'x-content-type-options': 'nosniff', 'x-xss-protection': '1; mode=block', 'content-type': 'application/json; charset=utf-8', 'x-cloud-trace-context': '0597256e02d6f289bcee95bc6ab325d7', 'date': 'Sun, 02 Nov 2025 15:10:42 GMT', 'server': 'Google Frontend', 'Content-Length': '82'} 
 body={
    "message": "Cadastro realizado com sucesso",
    "_id": "YF28pkQpgg6CODcc"
} 
 </msg>
<msg time="2025-11-02T15:10:42.443370" level="INFO">/opt/hostedtoolcache/Python/3.11.14/x64/lib/python3.11/site-packages/urllib3/connectionpool.py:1097: InsecureRequestWarning: Unverified HTTPS request is being made to host 'serverest.dev'. Adding certificate verification is strongly advised. See: https://urllib3.readthedocs.io/en/latest/advanced-usage.html#tls-warnings
  warnings.warn(</msg>
<msg time="2025-11-02T15:10:42.443494" level="INFO">${response} = &lt;Response [201]&gt;</msg>
<var>${response}</var>
<arg>alias=api</arg>
<arg>url=/usuarios</arg>
<arg>headers=${header}</arg>
<arg>json=${body_dict}</arg>
<arg>expected_status=201</arg>
<doc>Sends a POST request on a previously created HTTP Session.</doc>
<status status="PASS" start="2025-11-02T15:10:42.366566" elapsed="0.076968"/>
</kw>
<kw name="Log To Console" owner="BuiltIn">
<arg>${response.json()}</arg>
<doc>Logs the given message to the console.</doc>
<status status="PASS" start="2025-11-02T15:10:42.443708" elapsed="0.000588"/>
</kw>
<kw name="Set Variable" owner="BuiltIn">
<msg time="2025-11-02T15:10:42.444843" level="INFO">${id} = YF28pkQpgg6CODcc</msg>
<var>${id}</var>
<arg>${response.json()['_id']}</arg>
<doc>Returns the given values which can then be assigned to a variables.</doc>
<status status="PASS" start="2025-11-02T15:10:42.444434" elapsed="0.000430"/>
</kw>
<kw name="Dictionary Should Contain Value" owner="Collections">
<arg>${response.json()}</arg>
<arg>Cadastro realizado com sucesso</arg>
<doc>Fails if ``value`` is not found from ``dictionary``.</doc>
<status status="PASS" start="2025-11-02T15:10:42.444946" elapsed="0.000362"/>
</kw>
<return>
<value>${id}</value>
<value>${nome}</value>
<value>${email}</value>
<status status="PASS" start="2025-11-02T15:10:42.445351" elapsed="0.000034"/>
</return>
<msg time="2025-11-02T15:10:42.445544" level="INFO">${id} = YF28pkQpgg6CODcc</msg>
<msg time="2025-11-02T15:10:42.445576" level="INFO">${nome} = Alan Wallace</msg>
<msg time="2025-11-02T15:10:42.445603" level="INFO">${email} = jason22@example.org</msg>
<var>${id}</var>
<var>${nome}</var>
<var>${email}</var>
<doc>Teste para cadastrar um novo usuário com sucesso</doc>
<status status="PASS" start="2025-11-02T15:10:42.361843" elapsed="0.083776"/>
</kw>
<kw name="Cadastrar usuario já cadastrado." owner="usuario">
<kw name="Set Variable" owner="BuiltIn">
<msg time="2025-11-02T15:10:42.446195" level="INFO">${nome} = Alan Wallace</msg>
<var>${nome}</var>
<arg>${nome_existente}</arg>
<doc>Returns the given values which can then be assigned to a variables.</doc>
<status status="PASS" start="2025-11-02T15:10:42.446072" elapsed="0.000143"/>
</kw>
<kw name="Set Variable" owner="BuiltIn">
<msg time="2025-11-02T15:10:42.446403" level="INFO">${email} = jason22@example.org</msg>
<var>${email}</var>
<arg>${email_existente}</arg>
<doc>Returns the given values which can then be assigned to a variables.</doc>
<status status="PASS" start="2025-11-02T15:10:42.446292" elapsed="0.000129"/>
</kw>
<kw name="Evaluate" owner="BuiltIn">
<msg time="2025-11-02T15:10:42.447554" level="INFO">${senha} = $yK4z@_x@4</msg>
<var>${senha}</var>
<arg>__import__('faker').Faker().password(length=10)</arg>
<doc>Evaluates the given expression in Python and returns the result.</doc>
<status status="PASS" start="2025-11-02T15:10:42.446495" elapsed="0.001081"/>
</kw>
<kw name="Set Variable" owner="BuiltIn">
<msg time="2025-11-02T15:10:42.447795" level="INFO">${administrador} = true</msg>
<var>${administrador}</var>
<arg>true</arg>
<doc>Returns the given values which can then be assigned to a variables.</doc>
<status status="PASS" start="2025-11-02T15:10:42.447695" elapsed="0.000119"/>
</kw>
<kw name="Create Dictionary" owner="BuiltIn">
<msg time="2025-11-02T15:10:42.448176" level="INFO">${body_dict} = {'nome': 'Alan Wallace', 'email': 'jason22@example.org', 'password': '$yK4z@_x@4', 'administrador': 'true'}</msg>
<var>${body_dict}</var>
<arg>nome=${nome}</arg>
<arg>email=${email}</arg>
<arg>password=${senha}</arg>
<arg>administrador=${administrador}</arg>
<doc>Creates and returns a dictionary based on the given ``items``.</doc>
<status status="PASS" start="2025-11-02T15:10:42.447899" elapsed="0.000297"/>
</kw>
<kw name="Create Dictionary" owner="BuiltIn">
<msg time="2025-11-02T15:10:42.448403" level="INFO">${header} = {'Content-Type': 'application/json'}</msg>
<var>${header}</var>
<arg>Content-Type=application/json</arg>
<doc>Creates and returns a dictionary based on the given ``items``.</doc>
<status status="PASS" start="2025-11-02T15:10:42.448285" elapsed="0.000137"/>
</kw>
<kw name="POST On Session" owner="RequestsLibrary">
<msg time="2025-11-02T15:10:42.499277" level="INFO">POST Request : url=https://serverest.dev/usuarios 
 path_url=/usuarios 
 headers={'User-Agent': 'python-requests/2.32.5', 'Accept-Encoding': 'gzip, deflate', 'Accept': '*/*', 'Connection': 'keep-alive', 'Content-Type': 'application/json', 'Content-Length': '107'} 
 body=b'{"nome": "Alan Wallace", "email": "jason22@example.org", "password": "$yK4z@_x@4", "administrador": "true"}' 
 </msg>
<msg time="2025-11-02T15:10:42.499352" level="INFO">POST Response : url=https://serverest.dev/usuarios 
 status=400, reason=Bad Request 
 headers={'access-control-allow-origin': '*', 'x-dns-prefetch-control': 'off', 'x-frame-options': 'SAMEORIGIN', 'strict-transport-security': 'max-age=15552000; includeSubDomains', 'x-download-options': 'noopen', 'x-content-type-options': 'nosniff', 'x-xss-protection': '1; mode=block', 'content-type': 'application/json; charset=utf-8', 'x-cloud-trace-context': '45758031735e25cdbcee95bc6ab3276f', 'date': 'Sun, 02 Nov 2025 15:10:42 GMT', 'server': 'Google Frontend', 'Content-Length': '53'} 
 body={
    "message": "Este email já está sendo usado"
} 
 </msg>
<msg time="2025-11-02T15:10:42.499420" level="INFO">/opt/hostedtoolcache/Python/3.11.14/x64/lib/python3.11/site-packages/urllib3/connectionpool.py:1097: InsecureRequestWarning: Unverified HTTPS request is being made to host 'serverest.dev'. Adding certificate verification is strongly advised. See: https://urllib3.readthedocs.io/en/latest/advanced-usage.html#tls-warnings
  warnings.warn(</msg>
<msg time="2025-11-02T15:10:42.499530" level="INFO">${response} = &lt;Response [400]&gt;</msg>
<var>${response}</var>
<arg>alias=api</arg>
<arg>url=/usuarios</arg>
<arg>headers=${header}</arg>
<arg>json=${body_dict}</arg>
<arg>expected_status=400</arg>
<doc>Sends a POST request on a previously created HTTP Session.</doc>
<status status="PASS" start="2025-11-02T15:10:42.448498" elapsed="0.051068"/>
</kw>
<kw name="Log To Console" owner="BuiltIn">
<arg>${response.json()}</arg>
<doc>Logs the given message to the console.</doc>
<status status="PASS" start="2025-11-02T15:10:42.499747" elapsed="0.000477"/>
</kw>
<kw name="Dictionary Should Contain Value" owner="Collections">
<arg>${response.json()}</arg>
<arg>Este email já está sendo usado</arg>
<doc>Fails if ``value`` is not found from ``dictionary``.</doc>
<status status="PASS" start="2025-11-02T15:10:42.500332" elapsed="0.000376"/>
</kw>
<arg>${nome}</arg>
<arg>${email}</arg>
<doc>Teste para validar o cadastro de um usuário com e-mail já existente</doc>
<status status="PASS" start="2025-11-02T15:10:42.445806" elapsed="0.054958"/>
</kw>
<kw name="Delete usuario por ID" owner="usuario">
<kw name="Create Dictionary" owner="BuiltIn">
<msg time="2025-11-02T15:10:42.501299" level="INFO">${header} = {'Content-Type': 'application/json'}</msg>
<var>${header}</var>
<arg>Content-Type=application/json</arg>
<doc>Creates and returns a dictionary based on the given ``items``.</doc>
<status status="PASS" start="2025-11-02T15:10:42.501157" elapsed="0.000163"/>
</kw>
<kw name="DELETE On Session" owner="RequestsLibrary">
<msg time="2025-11-02T15:10:42.551984" level="INFO">DELETE Request : url=https://serverest.dev/usuarios/YF28pkQpgg6CODcc 
 path_url=/usuarios/YF28pkQpgg6CODcc 
 headers={'User-Agent': 'python-requests/2.32.5', 'Accept-Encoding': 'gzip, deflate', 'Accept': '*/*', 'Connection': 'keep-alive', 'Content-Length': '0'} 
 body=None 
 </msg>
<msg time="2025-11-02T15:10:42.552105" level="INFO">DELETE Response : url=https://serverest.dev/usuarios/YF28pkQpgg6CODcc 
 status=200, reason=OK 
 headers={'access-control-allow-origin': '*', 'x-dns-prefetch-control': 'off', 'x-frame-options': 'SAMEORIGIN', 'strict-transport-security': 'max-age=15552000; includeSubDomains', 'x-download-options': 'noopen', 'x-content-type-options': 'nosniff', 'x-xss-protection': '1; mode=block', 'content-type': 'application/json; charset=utf-8', 'x-cloud-trace-context': '084c3f431afc079dbcee95bc6ab320c3', 'date': 'Sun, 02 Nov 2025 15:10:42 GMT', 'server': 'Google Frontend', 'Content-Length': '51'} 
 body={
    "message": "Registro excluído com sucesso"
} 
 </msg>
<msg time="2025-11-02T15:10:42.552172" level="INFO">/opt/hostedtoolcache/Python/3.11.14/x64/lib/python3.11/site-packages/urllib3/connectionpool.py:1097: InsecureRequestWarning: Unverified HTTPS request is being made to host 'serverest.dev'. Adding certificate verification is strongly advised. See: https://urllib3.readthedocs.io/en/latest/advanced-usage.html#tls-warnings
  warnings.warn(</msg>
<msg time="2025-11-02T15:10:42.552289" level="INFO">${response} = &lt;Response [200]&gt;</msg>
<var>${response}</var>
<arg>alias=api</arg>
<arg>url=/usuarios/${user_id}</arg>
<arg>expected_status=200</arg>
<doc>Sends a DELETE request on a previously created HTTP Session.</doc>
<status status="PASS" start="2025-11-02T15:10:42.501399" elapsed="0.050912"/>
</kw>
<kw name="Dictionary Should Contain Value" owner="Collections">
<arg>${response.json()}</arg>
<arg>Registro excluído com sucesso</arg>
<doc>Fails if ``value`` is not found from ``dictionary``.</doc>
<status status="PASS" start="2025-11-02T15:10:42.552493" elapsed="0.000430"/>
</kw>
<arg>${id}</arg>
<doc>Teste para deletar um usuário específico pelo ID</doc>
<status status="PASS" start="2025-11-02T15:10:42.500905" elapsed="0.052117"/>
</kw>
<status status="PASS" start="2025-11-02T15:10:42.361455" elapsed="0.191693"/>
</test>
<test id="s1-s1-t3" name="Usuario - Consultar lista de usuarios" line="23">
<kw name="Consulta usuarios Lista" owner="usuario">
<kw name="Create Dictionary" owner="BuiltIn">
<msg time="2025-11-02T15:10:42.554161" level="INFO">${header} = {'Content-Type': 'application/json'}</msg>
<var>${header}</var>
<arg>Content-Type=application/json</arg>
<doc>Creates and returns a dictionary based on the given ``items``.</doc>
<status status="PASS" start="2025-11-02T15:10:42.554011" elapsed="0.000172"/>
</kw>
<kw name="GET On Session" owner="RequestsLibrary">
<msg time="2025-11-02T15:10:42.607115" level="INFO">GET Request : url=https://serverest.dev/usuarios 
 path_url=/usuarios 
 headers={'User-Agent': 'python-requests/2.32.5', 'Accept-Encoding': 'gzip, deflate', 'Accept': '*/*', 'Connection': 'keep-alive'} 
 body=None 
 </msg>
<msg time="2025-11-02T15:10:42.607187" level="INFO">GET Response : url=https://serverest.dev/usuarios 
 status=200, reason=OK 
 headers={'access-control-allow-origin': '*', 'x-dns-prefetch-control': 'off', 'x-frame-options': 'SAMEORIGIN', 'strict-transport-security': 'max-age=15552000; includeSubDomains', 'x-download-options': 'noopen', 'x-content-type-options': 'nosniff', 'x-xss-protection': '1; mode=block', 'content-type': 'application/json; charset=utf-8', 'x-cloud-trace-context': '83ede9f6b6425377bcee95bc6ab321d3', 'date': 'Sun, 02 Nov 2025 15:10:42 GMT', 'server': 'Google Frontend', 'Content-Length': '6404'} 
 body={
    "quantidade": 29,
    "usuarios": [
        {
            "nome": "Fulano da Silva",
            "email": "fulano@qa.com",
            "password": "teste",
            "administrador": "true",
            "_id": "0uxuPY0cbmQhpEz1"
        },
        {
            "nome": "Erick Doyle",
            "email": "Violet74@hotmail.com",
            "password": "_mseeMJfal1m",
            "administrador": "true",
            "_id": "1XRLO9l3YVlJKbKJ"
        },
        {
            "nome": "Irene Reinger",
            "email": "Durward.Huels@gmail.com",
            "password": "mcMBlJjEIyPP",
            "administrador": "true",
            "_id": "3I9gzLQZhvNWXdXL"
        },
        {
            "nome": "Darla Ryan Jr.",
            "email": "Domenico.Lubowitz@yahoo.com",
            "password": "sIUOuiLHRfhy3lN",
            "administrador": "true",
            "_id": "3iPEYQiRL4HB5k4u"
        },
        {
            "nome": "Jessica Dougherty",
            "email": "teresa29@example.com",
            "password": "E9L5Rm9c@+",
            "administrador": "true",
            "_id": "EJ8VIARLGEeBaNGd"
        },
        {
            "nome": "Kara Graham",
            "email": "Davon_Strosin@yahoo.com",
            "password": "wO_vOl5ATKcO",
            "administrador": "true",
            "_id": "GwpjIw4vXPBZM3My"
        },
        {
            "nome": "Mahoney",
            "email": "testeqa@outlook.com",
            "password": "654321",
            "administrador": "true",
            "_id": "Ht94xXTiLMdfOgaT"
        },
        {
            "nome": "Tomaz Ribeiro",
            "email": "tomaz@qa.com.br",
            "password": "teste",
            "administrador": "true",
            "_id": "K15KeYzw6EWUMyG7"
        },
        {
            "nome": "Erica Briggs",
            "email": "christiebarr@example.com",
            "password": "z*$P4JGEkk",
            "administrador": "true",
            "_id": "Kp7hfz4icRUkVj3c"
        },
        {
            "nome": "Jean Silva",
            "email": "welchcolleen@example.com",
            "password": "&amp;2%4iGnbxH",
            "administrador": "true",
            "_id": "LJVMHNDqhbZt6OOJ"
        },
        {
            "nome": "Arlene Rempel",
            "email": "Cade.Christiansen@hotmail.com",
            "password": "Gd5U2uQFvpL7",
            "administrador": "true",
            "_id": "No0Ei0dVqoD9frQ0"
        },
        {
            "nome": "Meghan Lee",
            "email": "michaeljohnson@example.org",
            "password": "D1C9u*pA(I",
            "administrador": "true",
            "_id": "NsNqGuNZR0vVEdqH"
        },
        {
            "nome": "Lula Block",
            "email": "Alverta_Marks62@hotmail.com",
            "password": "nu6_Chp3HZJ_1_o",
            "administrador": "true",
            "_id": "ORrA1nnfywUN6DO7"
        },
        {
            "nome": "Matheus",
            "email": "matheus@teste.com",
            "password": "123",
            "administrador": "true",
            "_id": "PXJBHZZVLiVYnUr0"
        },
        {
            "nome": "Louis Keeling",
            "email": "Arvilla.Kuhn53@hotmail.com",
            "password": "mzfofo4mwDet",
            "administrador": "true",
            "_id": "RTJzdKm7niKAP1fD"
        },
        {
            "nome": "David Brekke V",
            "email": "Efrain94@yahoo.com",
            "password": "wBjqv8Ts5J2uBYJ",
            "administrador": "false",
            "_id": "SzIMMDHqMdu68CS0"
        },
        {
            "nome": "Nathan Ernser",
            "email": "Antwon.Reynolds@yahoo.com",
            "password": "qXUAKOLVVIcsBLf",
            "administrador": "true",
            "_id": "ej6ZPJBGpVMGTFJO"
        },
        {
            "nome": "Melanie Rath",
            "email": "Leopoldo47@gmail.com",
            "password": "MsxlWrnUDBvgXrG",
            "administrador": "true",
            "_id": "ez5J4oo5OK7ssj5G"
        },
        {
            "nome": "Elbert Heaney II",
            "email": "Stacey_Hintz@gmail.com",
            "password": "cyqRz_jQolISWdn",
            "administrador": "false",
            "_id": "f3DaojU2T32Nr3O8"
        },
        {
            "nome": "Albert Rowe II",
            "email": "Ona.OReilly@gmail.com",
            "password": "tMznggRIrIbRDlZ",
            "administrador": "false",
            "_id": "kBP33e4Pfl7gQV4S"
        },
        {
            "nome": "Marta Runolfsson",
            "email": "Kaleigh.Hansen@yahoo.com",
            "password": "JvgCacAptzeD9Or",
            "administrador": "false",
            "_id": "lKzsoxFO4NVe6Sqf"
        },
        {
            "nome": "Shannon Davis",
            "email": "patrickmeyer@example.com",
            "password": "kNN4ZzUa@W",
            "administrador": "true",
            "_id": "mIwW9RHnFAMEZ0I6"
        },
        {
            "nome": "Steven Gleason",
            "email": "Jevon_Kub74@gmail.com",
            "password": "PBZjvm8N72XGQE2",
            "administrador": "false",
            "_id": "rxwqWVxinNLMcTXi"
        },
        {
            "nome": "Orville Bergnaum Jr.",
            "email": "Bridget48@hotmail.com",
            "password": "8YrzatEG9wVUyVX",
            "administrador": "true",
            "_id": "saoyC9dyNiL14h8C"
        },
        {
            "nome": "Jenna Vang",
            "email": "wbarnes@example.com",
            "password": "Hoq55fFp+^",
            "administrador": "true",
            "_id": "w6nL7g2xeOMPTPE9"
        },
        {
            "nome": "Dwight Romaguera",
            "email": "Howard_Heidenreich79@gmail.com",
            "password": "TiFvXZf2h_aG6PO",
            "administrador": "true",
            "_id": "wWGi1izpSkfXxjU4"
        },
        {
            "nome": "Ebony Wehner",
            "email": "Cecil55@yahoo.com",
            "password": "tV4pGEhs5VsppeY",
            "administrador": "false",
            "_id": "wqXmIM2kUJUECvgr"
        },
        {
            "nome": "Alfonso Leffler",
            "email": "Solon_Schuppe81@gmail.com",
            "password": "59MLd1S0jyZO",
            "administrador": "false",
            "_id": "zAbj8zoxaRYJnSXY"
        },
        {
            "nome": "Test",
            "email": "test@test.com",
            "password": "123",
            "administrador": "true",
            "_id": "zr1hDhl0PhBRc6WO"
        }
    ]
} 
 </msg>
<msg time="2025-11-02T15:10:42.607335" level="INFO">/opt/hostedtoolcache/Python/3.11.14/x64/lib/python3.11/site-packages/urllib3/connectionpool.py:1097: InsecureRequestWarning: Unverified HTTPS request is being made to host 'serverest.dev'. Adding certificate verification is strongly advised. See: https://urllib3.readthedocs.io/en/latest/advanced-usage.html#tls-warnings
  warnings.warn(</msg>
<msg time="2025-11-02T15:10:42.607440" level="INFO">${response} = &lt;Response [200]&gt;</msg>
<var>${response}</var>
<arg>alias=api</arg>
<arg>url=/usuarios</arg>
<arg>expected_status=200</arg>
<doc>Sends a GET request on a previously created HTTP Session.</doc>
<status status="PASS" start="2025-11-02T15:10:42.554263" elapsed="0.053210"/>
</kw>
<kw name="Log To Console" owner="BuiltIn">
<arg>${response.json()}</arg>
<doc>Logs the given message to the console.</doc>
<status status="PASS" start="2025-11-02T15:10:42.607614" elapsed="0.000641"/>
</kw>
<kw name="Should Be True" owner="BuiltIn">
<arg>${response.json()['quantidade']} &gt;= 0</arg>
<doc>Fails if the given condition is not true.</doc>
<status status="PASS" start="2025-11-02T15:10:42.608377" elapsed="0.000890"/>
</kw>
<doc>Teste para consultar a lista de usuários cadastrados</doc>
<status status="PASS" start="2025-11-02T15:10:42.553770" elapsed="0.055565"/>
</kw>
<status status="PASS" start="2025-11-02T15:10:42.553350" elapsed="0.056088"/>
</test>
<test id="s1-s1-t4" name="Usuario - Consultar usuario por ID inexistente" line="25">
<kw name="Cadastrar usuario" owner="usuario">
<kw name="Evaluate" owner="BuiltIn">
<msg time="2025-11-02T15:10:42.612315" level="INFO">${nome} = Jessica Vega</msg>
<var>${nome}</var>
<arg>__import__('faker').Faker().name()</arg>
<doc>Evaluates the given expression in Python and returns the result.</doc>
<status status="PASS" start="2025-11-02T15:10:42.610553" elapsed="0.001793"/>
</kw>
<kw name="Evaluate" owner="BuiltIn">
<msg time="2025-11-02T15:10:42.614288" level="INFO">${email} = tammywilliams@example.com</msg>
<var>${email}</var>
<arg>__import__('faker').Faker().email()</arg>
<doc>Evaluates the given expression in Python and returns the result.</doc>
<status status="PASS" start="2025-11-02T15:10:42.612470" elapsed="0.001842"/>
</kw>
<kw name="Evaluate" owner="BuiltIn">
<msg time="2025-11-02T15:10:42.615304" level="INFO">${senha} = tN9Hg+uF(N</msg>
<var>${senha}</var>
<arg>__import__('faker').Faker().password(length=10)</arg>
<doc>Evaluates the given expression in Python and returns the result.</doc>
<status status="PASS" start="2025-11-02T15:10:42.614405" elapsed="0.000921"/>
</kw>
<kw name="Set Variable" owner="BuiltIn">
<msg time="2025-11-02T15:10:42.615514" level="INFO">${administrador} = true</msg>
<var>${administrador}</var>
<arg>true</arg>
<doc>Returns the given values which can then be assigned to a variables.</doc>
<status status="PASS" start="2025-11-02T15:10:42.615415" elapsed="0.000118"/>
</kw>
<kw name="Create Dictionary" owner="BuiltIn">
<msg time="2025-11-02T15:10:42.615874" level="INFO">${body_dict} = {'nome': 'Jessica Vega', 'email': 'tammywilliams@example.com', 'password': 'tN9Hg+uF(N', 'administrador': 'true'}</msg>
<var>${body_dict}</var>
<arg>nome=${nome}</arg>
<arg>email=${email}</arg>
<arg>password=${senha}</arg>
<arg>administrador=${administrador}</arg>
<doc>Creates and returns a dictionary based on the given ``items``.</doc>
<status status="PASS" start="2025-11-02T15:10:42.615618" elapsed="0.000275"/>
</kw>
<kw name="Create Dictionary" owner="BuiltIn">
<msg time="2025-11-02T15:10:42.616112" level="INFO">${header} = {'Content-Type': 'application/json'}</msg>
<var>${header}</var>
<arg>Content-Type=application/json</arg>
<doc>Creates and returns a dictionary based on the given ``items``.</doc>
<status status="PASS" start="2025-11-02T15:10:42.615979" elapsed="0.000152"/>
</kw>
<kw name="POST On Session" owner="RequestsLibrary">
<msg time="2025-11-02T15:10:42.664810" level="INFO">POST Request : url=https://serverest.dev/usuarios 
 path_url=/usuarios 
 headers={'User-Agent': 'python-requests/2.32.5', 'Accept-Encoding': 'gzip, deflate', 'Accept': '*/*', 'Connection': 'keep-alive', 'Content-Type': 'application/json', 'Content-Length': '113'} 
 body=b'{"nome": "Jessica Vega", "email": "tammywilliams@example.com", "password": "tN9Hg+uF(N", "administrador": "true"}' 
 </msg>
<msg time="2025-11-02T15:10:42.664871" level="INFO">POST Response : url=https://serverest.dev/usuarios 
 status=201, reason=Created 
 headers={'access-control-allow-origin': '*', 'x-dns-prefetch-control': 'off', 'x-frame-options': 'SAMEORIGIN', 'strict-transport-security': 'max-age=15552000; includeSubDomains', 'x-download-options': 'noopen', 'x-content-type-options': 'nosniff', 'x-xss-protection': '1; mode=block', 'content-type': 'application/json; charset=utf-8', 'x-cloud-trace-context': '48cf1b9b6ceb7e6ebcee95bc6ab32e04', 'date': 'Sun, 02 Nov 2025 15:10:42 GMT', 'server': 'Google Frontend', 'Content-Length': '82'} 
 body={
    "message": "Cadastro realizado com sucesso",
    "_id": "eQFPGbJVquzSpTX7"
} 
 </msg>
<msg time="2025-11-02T15:10:42.664937" level="INFO">/opt/hostedtoolcache/Python/3.11.14/x64/lib/python3.11/site-packages/urllib3/connectionpool.py:1097: InsecureRequestWarning: Unverified HTTPS request is being made to host 'serverest.dev'. Adding certificate verification is strongly advised. See: https://urllib3.readthedocs.io/en/latest/advanced-usage.html#tls-warnings
  warnings.warn(</msg>
<msg time="2025-11-02T15:10:42.665084" level="INFO">${response} = &lt;Response [201]&gt;</msg>
<var>${response}</var>
<arg>alias=api</arg>
<arg>url=/usuarios</arg>
<arg>headers=${header}</arg>
<arg>json=${body_dict}</arg>
<arg>expected_status=201</arg>
<doc>Sends a POST request on a previously created HTTP Session.</doc>
<status status="PASS" start="2025-11-02T15:10:42.616207" elapsed="0.048917"/>
</kw>
<kw name="Log To Console" owner="BuiltIn">
<arg>${response.json()}</arg>
<doc>Logs the given message to the console.</doc>
<status status="PASS" start="2025-11-02T15:10:42.665292" elapsed="0.000514"/>
</kw>
<kw name="Set Variable" owner="BuiltIn">
<msg time="2025-11-02T15:10:42.666363" level="INFO">${id} = eQFPGbJVquzSpTX7</msg>
<var>${id}</var>
<arg>${response.json()['_id']}</arg>
<doc>Returns the given values which can then be assigned to a variables.</doc>
<status status="PASS" start="2025-11-02T15:10:42.665926" elapsed="0.000457"/>
</kw>
<kw name="Dictionary Should Contain Value" owner="Collections">
<arg>${response.json()}</arg>
<arg>Cadastro realizado com sucesso</arg>
<doc>Fails if ``value`` is not found from ``dictionary``.</doc>
<status status="PASS" start="2025-11-02T15:10:42.666466" elapsed="0.000329"/>
</kw>
<return>
<value>${id}</value>
<value>${nome}</value>
<value>${email}</value>
<status status="PASS" start="2025-11-02T15:10:42.666837" elapsed="0.000038"/>
</return>
<msg time="2025-11-02T15:10:42.667062" level="INFO">${id} = eQFPGbJVquzSpTX7</msg>
<msg time="2025-11-02T15:10:42.667096" level="INFO">${nome} = Jessica Vega</msg>
<msg time="2025-11-02T15:10:42.667124" level="INFO">${email} = tammywilliams@example.com</msg>
<var>${id}</var>
<var>${nome}</var>
<var>${email}</var>
<doc>Teste para cadastrar um novo usuário com sucesso</doc>
<status status="PASS" start="2025-11-02T15:10:42.610096" elapsed="0.057045"/>
</kw>
<kw name="Consultar usuario por ID" owner="usuario">
<kw name="Create Dictionary" owner="BuiltIn">
<msg time="2025-11-02T15:10:42.667597" level="INFO">${header} = {'Content-Type': 'application/json'}</msg>
<var>${header}</var>
<arg>Content-Type=application/json</arg>
<doc>Creates and returns a dictionary based on the given ``items``.</doc>
<status status="PASS" start="2025-11-02T15:10:42.667474" elapsed="0.000142"/>
</kw>
<kw name="GET On Session" owner="RequestsLibrary">
<msg time="2025-11-02T15:10:42.723142" level="INFO">GET Request : url=https://serverest.dev/usuarios/eQFPGbJVquzSpTX7 
 path_url=/usuarios/eQFPGbJVquzSpTX7 
 headers={'User-Agent': 'python-requests/2.32.5', 'Accept-Encoding': 'gzip, deflate', 'Accept': '*/*', 'Connection': 'keep-alive'} 
 body=None 
 </msg>
<msg time="2025-11-02T15:10:42.723207" level="INFO">GET Response : url=https://serverest.dev/usuarios/eQFPGbJVquzSpTX7 
 status=200, reason=OK 
 headers={'access-control-allow-origin': '*', 'x-dns-prefetch-control': 'off', 'x-frame-options': 'SAMEORIGIN', 'strict-transport-security': 'max-age=15552000; includeSubDomains', 'x-download-options': 'noopen', 'x-content-type-options': 'nosniff', 'x-xss-protection': '1; mode=block', 'content-type': 'application/json; charset=utf-8', 'x-cloud-trace-context': '47ad2afd5c9d2c9ebcee95bc6ab323be', 'date': 'Sun, 02 Nov 2025 15:10:42 GMT', 'server': 'Google Frontend', 'Content-Length': '162'} 
 body={
    "nome": "Jessica Vega",
    "email": "tammywilliams@example.com",
    "password": "tN9Hg+uF(N",
    "administrador": "true",
    "_id": "eQFPGbJVquzSpTX7"
} 
 </msg>
<msg time="2025-11-02T15:10:42.723301" level="INFO">/opt/hostedtoolcache/Python/3.11.14/x64/lib/python3.11/site-packages/urllib3/connectionpool.py:1097: InsecureRequestWarning: Unverified HTTPS request is being made to host 'serverest.dev'. Adding certificate verification is strongly advised. See: https://urllib3.readthedocs.io/en/latest/advanced-usage.html#tls-warnings
  warnings.warn(</msg>
<msg time="2025-11-02T15:10:42.723387" level="INFO">${response} = &lt;Response [200]&gt;</msg>
<var>${response}</var>
<arg>alias=api</arg>
<arg>url=/usuarios/${user_id}</arg>
<arg>expected_status=200</arg>
<doc>Sends a GET request on a previously created HTTP Session.</doc>
<status status="PASS" start="2025-11-02T15:10:42.667692" elapsed="0.055727"/>
</kw>
<kw name="Log To Console" owner="BuiltIn">
<arg>${response.json()}</arg>
<doc>Logs the given message to the console.</doc>
<status status="PASS" start="2025-11-02T15:10:42.723552" elapsed="0.000531"/>
</kw>
<kw name="Should Be Equal" owner="BuiltIn">
<arg>${response.json()['_id']}</arg>
<arg>${user_id}</arg>
<doc>Fails if the given objects are unequal.</doc>
<status status="PASS" start="2025-11-02T15:10:42.724212" elapsed="0.000426"/>
</kw>
<arg>${id}</arg>
<doc>Teste para consultar um usuário específico pelo ID</doc>
<status status="PASS" start="2025-11-02T15:10:42.667271" elapsed="0.057415"/>
</kw>
<kw name="Delete usuario por ID" owner="usuario">
<kw name="Create Dictionary" owner="BuiltIn">
<msg time="2025-11-02T15:10:42.734039" level="INFO">${header} = {'Content-Type': 'application/json'}</msg>
<var>${header}</var>
<arg>Content-Type=application/json</arg>
<doc>Creates and returns a dictionary based on the given ``items``.</doc>
<status status="PASS" start="2025-11-02T15:10:42.733858" elapsed="0.000206"/>
</kw>
<kw name="DELETE On Session" owner="RequestsLibrary">
<msg time="2025-11-02T15:10:42.809575" level="INFO">DELETE Request : url=https://serverest.dev/usuarios/eQFPGbJVquzSpTX7 
 path_url=/usuarios/eQFPGbJVquzSpTX7 
 headers={'User-Agent': 'python-requests/2.32.5', 'Accept-Encoding': 'gzip, deflate', 'Accept': '*/*', 'Connection': 'keep-alive', 'Content-Length': '0'} 
 body=None 
 </msg>
<msg time="2025-11-02T15:10:42.809639" level="INFO">DELETE Response : url=https://serverest.dev/usuarios/eQFPGbJVquzSpTX7 
 status=200, reason=OK 
 headers={'access-control-allow-origin': '*', 'x-dns-prefetch-control': 'off', 'x-frame-options': 'SAMEORIGIN', 'strict-transport-security': 'max-age=15552000; includeSubDomains', 'x-download-options': 'noopen', 'x-content-type-options': 'nosniff', 'x-xss-protection': '1; mode=block', 'content-type': 'application/json; charset=utf-8', 'x-cloud-trace-context': '92bf52172ddf5f71bcee95bc6ab32389', 'date': 'Sun, 02 Nov 2025 15:10:42 GMT', 'server': 'Google Frontend', 'Content-Length': '51'} 
 body={
    "message": "Registro excluído com sucesso"
} 
 </msg>
<msg time="2025-11-02T15:10:42.809706" level="INFO">/opt/hostedtoolcache/Python/3.11.14/x64/lib/python3.11/site-packages/urllib3/connectionpool.py:1097: InsecureRequestWarning: Unverified HTTPS request is being made to host 'serverest.dev'. Adding certificate verification is strongly advised. See: https://urllib3.readthedocs.io/en/latest/advanced-usage.html#tls-warnings
  warnings.warn(</msg>
<msg time="2025-11-02T15:10:42.809805" level="INFO">${response} = &lt;Response [200]&gt;</msg>
<var>${response}</var>
<arg>alias=api</arg>
<arg>url=/usuarios/${user_id}</arg>
<arg>expected_status=200</arg>
<doc>Sends a DELETE request on a previously created HTTP Session.</doc>
<status status="PASS" start="2025-11-02T15:10:42.734153" elapsed="0.075681"/>
</kw>
<kw name="Dictionary Should Contain Value" owner="Collections">
<arg>${response.json()}</arg>
<arg>Registro excluído com sucesso</arg>
<doc>Fails if ``value`` is not found from ``dictionary``.</doc>
<status status="PASS" start="2025-11-02T15:10:42.810023" elapsed="0.000448"/>
</kw>
<arg>${id}</arg>
<doc>Teste para deletar um usuário específico pelo ID</doc>
<status status="PASS" start="2025-11-02T15:10:42.724799" elapsed="0.085729"/>
</kw>
<status status="PASS" start="2025-11-02T15:10:42.609620" elapsed="0.200991"/>
</test>
<test id="s1-s1-t5" name="Usuario - Atualizar usuario por ID inexsistente/Cria novo usuario" line="29">
<kw name="Atualiza usuario por ID(ID não encontrado)" owner="usuario">
<kw name="Evaluate" owner="BuiltIn">
<msg time="2025-11-02T15:10:42.812252" level="INFO">${user_id} = dcf83ac6-9a6a-4e44-8fc0-593253d9fb79</msg>
<var>${user_id}</var>
<arg>__import__('faker').Faker().uuid4()</arg>
<doc>Evaluates the given expression in Python and returns the result.</doc>
<status status="PASS" start="2025-11-02T15:10:42.811314" elapsed="0.000960"/>
</kw>
<kw name="Evaluate" owner="BuiltIn">
<msg time="2025-11-02T15:10:42.813439" level="INFO">${nome} = Carol Baker</msg>
<var>${nome}</var>
<arg>__import__('faker').Faker().name()</arg>
<doc>Evaluates the given expression in Python and returns the result.</doc>
<status status="PASS" start="2025-11-02T15:10:42.812362" elapsed="0.001099"/>
</kw>
<kw name="Evaluate" owner="BuiltIn">
<msg time="2025-11-02T15:10:42.814493" level="INFO">${email} = scott92@example.com</msg>
<var>${email}</var>
<arg>__import__('faker').Faker().email()</arg>
<doc>Evaluates the given expression in Python and returns the result.</doc>
<status status="PASS" start="2025-11-02T15:10:42.813550" elapsed="0.000964"/>
</kw>
<kw name="Evaluate" owner="BuiltIn">
<msg time="2025-11-02T15:10:42.815545" level="INFO">${senha} = 7p2V(vBq9*</msg>
<var>${senha}</var>
<arg>__import__('faker').Faker().password(length=10)</arg>
<doc>Evaluates the given expression in Python and returns the result.</doc>
<status status="PASS" start="2025-11-02T15:10:42.814601" elapsed="0.000965"/>
</kw>
<kw name="Set Variable" owner="BuiltIn">
<msg time="2025-11-02T15:10:42.815749" level="INFO">${administrador} = true</msg>
<var>${administrador}</var>
<arg>true</arg>
<doc>Returns the given values which can then be assigned to a variables.</doc>
<status status="PASS" start="2025-11-02T15:10:42.815653" elapsed="0.000114"/>
</kw>
<kw name="Create Dictionary" owner="BuiltIn">
<msg time="2025-11-02T15:10:42.816114" level="INFO">${body_dict} = {'nome': 'Carol Baker', 'email': 'scott92@example.com', 'password': '7p2V(vBq9*', 'administrador': 'true'}</msg>
<var>${body_dict}</var>
<arg>nome=${nome}</arg>
<arg>email=${email}</arg>
<arg>password=${senha}</arg>
<arg>administrador=${administrador}</arg>
<doc>Creates and returns a dictionary based on the given ``items``.</doc>
<status status="PASS" start="2025-11-02T15:10:42.815848" elapsed="0.000289"/>
</kw>
<kw name="Create Dictionary" owner="BuiltIn">
<msg time="2025-11-02T15:10:42.816341" level="INFO">${header} = {'Content-Type': 'application/json'}</msg>
<var>${header}</var>
<arg>Content-Type=application/json</arg>
<doc>Creates and returns a dictionary based on the given ``items``.</doc>
<status status="PASS" start="2025-11-02T15:10:42.816226" elapsed="0.000133"/>
</kw>
<kw name="PUT On Session" owner="RequestsLibrary">
<msg time="2025-11-02T15:10:42.869532" level="INFO">PUT Request : url=https://serverest.dev/usuarios/dcf83ac6-9a6a-4e44-8fc0-593253d9fb79 
 path_url=/usuarios/dcf83ac6-9a6a-4e44-8fc0-593253d9fb79 
 headers={'User-Agent': 'python-requests/2.32.5', 'Accept-Encoding': 'gzip, deflate', 'Accept': '*/*', 'Connection': 'keep-alive', 'Content-Type': 'application/json', 'Content-Length': '106'} 
 body=b'{"nome": "Carol Baker", "email": "scott92@example.com", "password": "7p2V(vBq9*", "administrador": "true"}' 
 </msg>
<msg time="2025-11-02T15:10:42.869616" level="INFO">PUT Response : url=https://serverest.dev/usuarios/dcf83ac6-9a6a-4e44-8fc0-593253d9fb79 
 status=201, reason=Created 
 headers={'access-control-allow-origin': '*', 'x-dns-prefetch-control': 'off', 'x-frame-options': 'SAMEORIGIN', 'strict-transport-security': 'max-age=15552000; includeSubDomains', 'x-download-options': 'noopen', 'x-content-type-options': 'nosniff', 'x-xss-protection': '1; mode=block', 'content-type': 'application/json; charset=utf-8', 'x-cloud-trace-context': 'c93ca178ba35b452bcee95bc6ab32eaa', 'date': 'Sun, 02 Nov 2025 15:10:42 GMT', 'server': 'Google Frontend', 'Content-Length': '82'} 
 body={
    "message": "Cadastro realizado com sucesso",
    "_id": "9Ge2TmJq2uVSDsjS"
} 
 </msg>
<msg time="2025-11-02T15:10:42.869728" level="INFO">/opt/hostedtoolcache/Python/3.11.14/x64/lib/python3.11/site-packages/urllib3/connectionpool.py:1097: InsecureRequestWarning: Unverified HTTPS request is being made to host 'serverest.dev'. Adding certificate verification is strongly advised. See: https://urllib3.readthedocs.io/en/latest/advanced-usage.html#tls-warnings
  warnings.warn(</msg>
<msg time="2025-11-02T15:10:42.869844" level="INFO">${response} = &lt;Response [201]&gt;</msg>
<var>${response}</var>
<arg>alias=api</arg>
<arg>url=/usuarios/${user_id}</arg>
<arg>headers=${header}</arg>
<arg>json=${body_dict}</arg>
<arg>expected_status=201</arg>
<doc>Sends a PUT request on a previously created HTTP Session.</doc>
<status status="PASS" start="2025-11-02T15:10:42.816435" elapsed="0.053431"/>
</kw>
<kw name="Dictionary Should Contain Value" owner="Collections">
<arg>${response.json()}</arg>
<arg>Cadastro realizado com sucesso</arg>
<doc>Fails if ``value`` is not found from ``dictionary``.</doc>
<status status="PASS" start="2025-11-02T15:10:42.870075" elapsed="0.000451"/>
</kw>
<doc>Tenta atualizar um usuário específico pelo ID não existente/cria um novo usuario</doc>
<status status="PASS" start="2025-11-02T15:10:42.811141" elapsed="0.059442"/>
</kw>
<status status="PASS" start="2025-11-02T15:10:42.810773" elapsed="0.059907"/>
</test>
<test id="s1-s1-t6" name="Usuario - Atualizar usuario por ID inexsistente/e-mail já cadastrado" line="31">
<kw name="Cadastrar usuario" owner="usuario">
<kw name="Evaluate" owner="BuiltIn">
<msg time="2025-11-02T15:10:42.872737" level="INFO">${nome} = Amy Torres</msg>
<var>${nome}</var>
<arg>__import__('faker').Faker().name()</arg>
<doc>Evaluates the given expression in Python and returns the result.</doc>
<status status="PASS" start="2025-11-02T15:10:42.871483" elapsed="0.001277"/>
</kw>
<kw name="Evaluate" owner="BuiltIn">
<msg time="2025-11-02T15:10:42.873874" level="INFO">${email} = tammiebarrett@example.net</msg>
<var>${email}</var>
<arg>__import__('faker').Faker().email()</arg>
<doc>Evaluates the given expression in Python and returns the result.</doc>
<status status="PASS" start="2025-11-02T15:10:42.872851" elapsed="0.001045"/>
</kw>
<kw name="Evaluate" owner="BuiltIn">
<msg time="2025-11-02T15:10:42.874940" level="INFO">${senha} = S465rXyq(X</msg>
<var>${senha}</var>
<arg>__import__('faker').Faker().password(length=10)</arg>
<doc>Evaluates the given expression in Python and returns the result.</doc>
<status status="PASS" start="2025-11-02T15:10:42.873983" elapsed="0.000978"/>
</kw>
<kw name="Set Variable" owner="BuiltIn">
<msg time="2025-11-02T15:10:42.875175" level="INFO">${administrador} = true</msg>
<var>${administrador}</var>
<arg>true</arg>
<doc>Returns the given values which can then be assigned to a variables.</doc>
<status status="PASS" start="2025-11-02T15:10:42.875070" elapsed="0.000123"/>
</kw>
<kw name="Create Dictionary" owner="BuiltIn">
<msg time="2025-11-02T15:10:42.875540" level="INFO">${body_dict} = {'nome': 'Amy Torres', 'email': 'tammiebarrett@example.net', 'password': 'S465rXyq(X', 'administrador': 'true'}</msg>
<var>${body_dict}</var>
<arg>nome=${nome}</arg>
<arg>email=${email}</arg>
<arg>password=${senha}</arg>
<arg>administrador=${administrador}</arg>
<doc>Creates and returns a dictionary based on the given ``items``.</doc>
<status status="PASS" start="2025-11-02T15:10:42.875278" elapsed="0.000293"/>
</kw>
<kw name="Create Dictionary" owner="BuiltIn">
<msg time="2025-11-02T15:10:42.875782" level="INFO">${header} = {'Content-Type': 'application/json'}</msg>
<var>${header}</var>
<arg>Content-Type=application/json</arg>
<doc>Creates and returns a dictionary based on the given ``items``.</doc>
<status status="PASS" start="2025-11-02T15:10:42.875666" elapsed="0.000135"/>
</kw>
<kw name="POST On Session" owner="RequestsLibrary">
<msg time="2025-11-02T15:10:42.948799" level="INFO">POST Request : url=https://serverest.dev/usuarios 
 path_url=/usuarios 
 headers={'User-Agent': 'python-requests/2.32.5', 'Accept-Encoding': 'gzip, deflate', 'Accept': '*/*', 'Connection': 'keep-alive', 'Content-Type': 'application/json', 'Content-Length': '111'} 
 body=b'{"nome": "Amy Torres", "email": "tammiebarrett@example.net", "password": "S465rXyq(X", "administrador": "true"}' 
 </msg>
<msg time="2025-11-02T15:10:42.948849" level="INFO">POST Response : url=https://serverest.dev/usuarios 
 status=201, reason=Created 
 headers={'access-control-allow-origin': '*', 'x-dns-prefetch-control': 'off', 'x-frame-options': 'SAMEORIGIN', 'strict-transport-security': 'max-age=15552000; includeSubDomains', 'x-download-options': 'noopen', 'x-content-type-options': 'nosniff', 'x-xss-protection': '1; mode=block', 'content-type': 'application/json; charset=utf-8', 'x-cloud-trace-context': '6a67ca767a772fd5bcee95bc6ab32886', 'date': 'Sun, 02 Nov 2025 15:10:42 GMT', 'server': 'Google Frontend', 'Content-Length': '82'} 
 body={
    "message": "Cadastro realizado com sucesso",
    "_id": "uq5Sx62H7yp5vz0z"
} 
 </msg>
<msg time="2025-11-02T15:10:42.948892" level="INFO">/opt/hostedtoolcache/Python/3.11.14/x64/lib/python3.11/site-packages/urllib3/connectionpool.py:1097: InsecureRequestWarning: Unverified HTTPS request is being made to host 'serverest.dev'. Adding certificate verification is strongly advised. See: https://urllib3.readthedocs.io/en/latest/advanced-usage.html#tls-warnings
  warnings.warn(</msg>
<msg time="2025-11-02T15:10:42.948971" level="INFO">${response} = &lt;Response [201]&gt;</msg>
<var>${response}</var>
<arg>alias=api</arg>
<arg>url=/usuarios</arg>
<arg>headers=${header}</arg>
<arg>json=${body_dict}</arg>
<arg>expected_status=201</arg>
<doc>Sends a POST request on a previously created HTTP Session.</doc>
<status status="PASS" start="2025-11-02T15:10:42.875876" elapsed="0.073142"/>
</kw>
<kw name="Log To Console" owner="BuiltIn">
<arg>${response.json()}</arg>
<doc>Logs the given message to the console.</doc>
<status status="PASS" start="2025-11-02T15:10:42.949152" elapsed="0.000368"/>
</kw>
<kw name="Set Variable" owner="BuiltIn">
<msg time="2025-11-02T15:10:42.950014" level="INFO">${id} = uq5Sx62H7yp5vz0z</msg>
<var>${id}</var>
<arg>${response.json()['_id']}</arg>
<doc>Returns the given values which can then be assigned to a variables.</doc>
<status status="PASS" start="2025-11-02T15:10:42.949638" elapsed="0.000400"/>
</kw>
<kw name="Dictionary Should Contain Value" owner="Collections">
<arg>${response.json()}</arg>
<arg>Cadastro realizado com sucesso</arg>
<doc>Fails if ``value`` is not found from ``dictionary``.</doc>
<status status="PASS" start="2025-11-02T15:10:42.950119" elapsed="0.000320"/>
</kw>
<return>
<value>${id}</value>
<value>${nome}</value>
<value>${email}</value>
<status status="PASS" start="2025-11-02T15:10:42.950481" elapsed="0.000037"/>
</return>
<msg time="2025-11-02T15:10:42.950663" level="INFO">${id} = uq5Sx62H7yp5vz0z</msg>
<msg time="2025-11-02T15:10:42.950694" level="INFO">${nome} = Amy Torres</msg>
<msg time="2025-11-02T15:10:42.950721" level="INFO">${email} = tammiebarrett@example.net</msg>
<var>${id}</var>
<var>${nome}</var>
<var>${email}</var>
<doc>Teste para cadastrar um novo usuário com sucesso</doc>
<status status="PASS" start="2025-11-02T15:10:42.871294" elapsed="0.079444"/>
</kw>
<kw name="Atualiza usuario por ID(ID não encontrado e e-mail já cadastrado)" owner="usuario">
<kw name="Evaluate" owner="BuiltIn">
<msg time="2025-11-02T15:10:42.952100" level="INFO">${user_id} = a517bc06-2965-42b3-b33d-2405c1ccaa09</msg>
<var>${user_id}</var>
<arg>__import__('faker').Faker().uuid4()</arg>
<doc>Evaluates the given expression in Python and returns the result.</doc>
<status status="PASS" start="2025-11-02T15:10:42.951111" elapsed="0.001012"/>
</kw>
<kw name="Evaluate" owner="BuiltIn">
<msg time="2025-11-02T15:10:42.953213" level="INFO">${nome} = John Tyler</msg>
<var>${nome}</var>
<arg>__import__('faker').Faker().name()</arg>
<doc>Evaluates the given expression in Python and returns the result.</doc>
<status status="PASS" start="2025-11-02T15:10:42.952211" elapsed="0.001024"/>
</kw>
<kw name="Set Variable" owner="BuiltIn">
<msg time="2025-11-02T15:10:42.953441" level="INFO">${email} = tammiebarrett@example.net</msg>
<var>${email}</var>
<arg>${email_existente}</arg>
<doc>Returns the given values which can then be assigned to a variables.</doc>
<status status="PASS" start="2025-11-02T15:10:42.953321" elapsed="0.000169"/>
</kw>
<kw name="Evaluate" owner="BuiltIn">
<msg time="2025-11-02T15:10:42.954546" level="INFO">${senha} = (95_Ntpa0&amp;</msg>
<var>${senha}</var>
<arg>__import__('faker').Faker().password(length=10)</arg>
<doc>Evaluates the given expression in Python and returns the result.</doc>
<status status="PASS" start="2025-11-02T15:10:42.953574" elapsed="0.000994"/>
</kw>
<kw name="Set Variable" owner="BuiltIn">
<msg time="2025-11-02T15:10:42.954753" level="INFO">${administrador} = true</msg>
<var>${administrador}</var>
<arg>true</arg>
<doc>Returns the given values which can then be assigned to a variables.</doc>
<status status="PASS" start="2025-11-02T15:10:42.954655" elapsed="0.000117"/>
</kw>
<kw name="Create Dictionary" owner="BuiltIn">
<msg time="2025-11-02T15:10:42.955128" level="INFO">${body_dict} = {'nome': 'John Tyler', 'email': 'tammiebarrett@example.net', 'password': '(95_Ntpa0&amp;', 'administrador': 'true'}</msg>
<var>${body_dict}</var>
<arg>nome=${nome}</arg>
<arg>email=${email}</arg>
<arg>password=${senha}</arg>
<arg>administrador=${administrador}</arg>
<doc>Creates and returns a dictionary based on the given ``items``.</doc>
<status status="PASS" start="2025-11-02T15:10:42.954863" elapsed="0.000285"/>
</kw>
<kw name="Create Dictionary" owner="BuiltIn">
<msg time="2025-11-02T15:10:42.955347" level="INFO">${header} = {'Content-Type': 'application/json'}</msg>
<var>${header}</var>
<arg>Content-Type=application/json</arg>
<doc>Creates and returns a dictionary based on the given ``items``.</doc>
<status status="PASS" start="2025-11-02T15:10:42.955233" elapsed="0.000133"/>
</kw>
<kw name="PUT On Session" owner="RequestsLibrary">
<msg time="2025-11-02T15:10:43.013180" level="INFO">PUT Request : url=https://serverest.dev/usuarios/a517bc06-2965-42b3-b33d-2405c1ccaa09 
 path_url=/usuarios/a517bc06-2965-42b3-b33d-2405c1ccaa09 
 headers={'User-Agent': 'python-requests/2.32.5', 'Accept-Encoding': 'gzip, deflate', 'Accept': '*/*', 'Connection': 'keep-alive', 'Content-Type': 'application/json', 'Content-Length': '111'} 
 body=b'{"nome": "John Tyler", "email": "tammiebarrett@example.net", "password": "(95_Ntpa0&amp;", "administrador": "true"}' 
 </msg>
<msg time="2025-11-02T15:10:43.013266" level="INFO">PUT Response : url=https://serverest.dev/usuarios/a517bc06-2965-42b3-b33d-2405c1ccaa09 
 status=400, reason=Bad Request 
 headers={'access-control-allow-origin': '*', 'x-dns-prefetch-control': 'off', 'x-frame-options': 'SAMEORIGIN', 'strict-transport-security': 'max-age=15552000; includeSubDomains', 'x-download-options': 'noopen', 'x-content-type-options': 'nosniff', 'x-xss-protection': '1; mode=block', 'content-type': 'application/json; charset=utf-8', 'x-cloud-trace-context': '02b5c48952b5c5dabcee95bc6ab321da', 'date': 'Sun, 02 Nov 2025 15:10:42 GMT', 'server': 'Google Frontend', 'Content-Length': '53'} 
 body={
    "message": "Este email já está sendo usado"
} 
 </msg>
<msg time="2025-11-02T15:10:43.013334" level="INFO">/opt/hostedtoolcache/Python/3.11.14/x64/lib/python3.11/site-packages/urllib3/connectionpool.py:1097: InsecureRequestWarning: Unverified HTTPS request is being made to host 'serverest.dev'. Adding certificate verification is strongly advised. See: https://urllib3.readthedocs.io/en/latest/advanced-usage.html#tls-warnings
  warnings.warn(</msg>
<msg time="2025-11-02T15:10:43.013462" level="INFO">${response} = &lt;Response [400]&gt;</msg>
<var>${response}</var>
<arg>alias=api</arg>
<arg>url=/usuarios/${user_id}</arg>
<arg>headers=${header}</arg>
<arg>json=${body_dict}</arg>
<arg>expected_status=400</arg>
<doc>Sends a PUT request on a previously created HTTP Session.</doc>
<status status="PASS" start="2025-11-02T15:10:42.955439" elapsed="0.058062"/>
</kw>
<kw name="Dictionary Should Contain Value" owner="Collections">
<arg>${response.json()}</arg>
<arg>Este email já está sendo usado</arg>
<doc>Fails if ``value`` is not found from ``dictionary``.</doc>
<status status="PASS" start="2025-11-02T15:10:43.013681" elapsed="0.000464"/>
</kw>
<arg>${email}</arg>
<doc>Tenta atualizar um usuário específico pelo ID não existente/tenta criar um novo usuario com e-mail já cadastrado</doc>
<status status="PASS" start="2025-11-02T15:10:42.950889" elapsed="0.063313"/>
</kw>
<status status="PASS" start="2025-11-02T15:10:42.870862" elapsed="0.143433"/>
</test>
<test id="s1-s1-t7" name="Usuario - Deletar usuario por ID" line="34">
<kw name="Cadastrar usuario" owner="usuario">
<kw name="Evaluate" owner="BuiltIn">
<msg time="2025-11-02T15:10:43.016172" level="INFO">${nome} = Eric Arias</msg>
<var>${nome}</var>
<arg>__import__('faker').Faker().name()</arg>
<doc>Evaluates the given expression in Python and returns the result.</doc>
<status status="PASS" start="2025-11-02T15:10:43.015040" elapsed="0.001154"/>
</kw>
<kw name="Evaluate" owner="BuiltIn">
<msg time="2025-11-02T15:10:43.017395" level="INFO">${email} = edwardduncan@example.net</msg>
<var>${email}</var>
<arg>__import__('faker').Faker().email()</arg>
<doc>Evaluates the given expression in Python and returns the result.</doc>
<status status="PASS" start="2025-11-02T15:10:43.016282" elapsed="0.001136"/>
</kw>
<kw name="Evaluate" owner="BuiltIn">
<msg time="2025-11-02T15:10:43.018402" level="INFO">${senha} = &amp;H9_wKDi%^</msg>
<var>${senha}</var>
<arg>__import__('faker').Faker().password(length=10)</arg>
<doc>Evaluates the given expression in Python and returns the result.</doc>
<status status="PASS" start="2025-11-02T15:10:43.017505" elapsed="0.000919"/>
</kw>
<kw name="Set Variable" owner="BuiltIn">
<msg time="2025-11-02T15:10:43.018669" level="INFO">${administrador} = true</msg>
<var>${administrador}</var>
<arg>true</arg>
<doc>Returns the given values which can then be assigned to a variables.</doc>
<status status="PASS" start="2025-11-02T15:10:43.018508" elapsed="0.000181"/>
</kw>
<kw name="Create Dictionary" owner="BuiltIn">
<msg time="2025-11-02T15:10:43.019052" level="INFO">${body_dict} = {'nome': 'Eric Arias', 'email': 'edwardduncan@example.net', 'password': '&amp;H9_wKDi%^', 'administrador': 'true'}</msg>
<var>${body_dict}</var>
<arg>nome=${nome}</arg>
<arg>email=${email}</arg>
<arg>password=${senha}</arg>
<arg>administrador=${administrador}</arg>
<doc>Creates and returns a dictionary based on the given ``items``.</doc>
<status status="PASS" start="2025-11-02T15:10:43.018775" elapsed="0.000298"/>
</kw>
<kw name="Create Dictionary" owner="BuiltIn">
<msg time="2025-11-02T15:10:43.019276" level="INFO">${header} = {'Content-Type': 'application/json'}</msg>
<var>${header}</var>
<arg>Content-Type=application/json</arg>
<doc>Creates and returns a dictionary based on the given ``items``.</doc>
<status status="PASS" start="2025-11-02T15:10:43.019161" elapsed="0.000133"/>
</kw>
<kw name="POST On Session" owner="RequestsLibrary">
<msg time="2025-11-02T15:10:43.069584" level="INFO">POST Request : url=https://serverest.dev/usuarios 
 path_url=/usuarios 
 headers={'User-Agent': 'python-requests/2.32.5', 'Accept-Encoding': 'gzip, deflate', 'Accept': '*/*', 'Connection': 'keep-alive', 'Content-Type': 'application/json', 'Content-Length': '110'} 
 body=b'{"nome": "Eric Arias", "email": "edwardduncan@example.net", "password": "&amp;H9_wKDi%^", "administrador": "true"}' 
 </msg>
<msg time="2025-11-02T15:10:43.069646" level="INFO">POST Response : url=https://serverest.dev/usuarios 
 status=201, reason=Created 
 headers={'access-control-allow-origin': '*', 'x-dns-prefetch-control': 'off', 'x-frame-options': 'SAMEORIGIN', 'strict-transport-security': 'max-age=15552000; includeSubDomains', 'x-download-options': 'noopen', 'x-content-type-options': 'nosniff', 'x-xss-protection': '1; mode=block', 'content-type': 'application/json; charset=utf-8', 'x-cloud-trace-context': '39facb5435fc9be6bcee95bc6ab324b7', 'date': 'Sun, 02 Nov 2025 15:10:43 GMT', 'server': 'Google Frontend', 'Content-Length': '82'} 
 body={
    "message": "Cadastro realizado com sucesso",
    "_id": "sI7Jnnkp3kajjaxl"
} 
 </msg>
<msg time="2025-11-02T15:10:43.069734" level="INFO">/opt/hostedtoolcache/Python/3.11.14/x64/lib/python3.11/site-packages/urllib3/connectionpool.py:1097: InsecureRequestWarning: Unverified HTTPS request is being made to host 'serverest.dev'. Adding certificate verification is strongly advised. See: https://urllib3.readthedocs.io/en/latest/advanced-usage.html#tls-warnings
  warnings.warn(</msg>
<msg time="2025-11-02T15:10:43.069831" level="INFO">${response} = &lt;Response [201]&gt;</msg>
<var>${response}</var>
<arg>alias=api</arg>
<arg>url=/usuarios</arg>
<arg>headers=${header}</arg>
<arg>json=${body_dict}</arg>
<arg>expected_status=201</arg>
<doc>Sends a POST request on a previously created HTTP Session.</doc>
<status status="PASS" start="2025-11-02T15:10:43.019370" elapsed="0.050492"/>
</kw>
<kw name="Log To Console" owner="BuiltIn">
<arg>${response.json()}</arg>
<doc>Logs the given message to the console.</doc>
<status status="PASS" start="2025-11-02T15:10:43.070036" elapsed="0.000376"/>
</kw>
<kw name="Set Variable" owner="BuiltIn">
<msg time="2025-11-02T15:10:43.070887" level="INFO">${id} = sI7Jnnkp3kajjaxl</msg>
<var>${id}</var>
<arg>${response.json()['_id']}</arg>
<doc>Returns the given values which can then be assigned to a variables.</doc>
<status status="PASS" start="2025-11-02T15:10:43.070526" elapsed="0.000382"/>
</kw>
<kw name="Dictionary Should Contain Value" owner="Collections">
<arg>${response.json()}</arg>
<arg>Cadastro realizado com sucesso</arg>
<doc>Fails if ``value`` is not found from ``dictionary``.</doc>
<status status="PASS" start="2025-11-02T15:10:43.071012" elapsed="0.000336"/>
</kw>
<return>
<value>${id}</value>
<value>${nome}</value>
<value>${email}</value>
<status status="PASS" start="2025-11-02T15:10:43.071391" elapsed="0.000039"/>
</return>
<msg time="2025-11-02T15:10:43.071580" level="INFO">${id} = sI7Jnnkp3kajjaxl</msg>
<msg time="2025-11-02T15:10:43.071613" level="INFO">${nome} = Eric Arias</msg>
<msg time="2025-11-02T15:10:43.071641" level="INFO">${email} = edwardduncan@example.net</msg>
<var>${id}</var>
<var>${nome}</var>
<var>${email}</var>
<doc>Teste para cadastrar um novo usuário com sucesso</doc>
<status status="PASS" start="2025-11-02T15:10:43.014843" elapsed="0.056815"/>
</kw>
<kw name="Delete usuario por ID" owner="usuario">
<kw name="Create Dictionary" owner="BuiltIn">
<msg time="2025-11-02T15:10:43.072133" level="INFO">${header} = {'Content-Type': 'application/json'}</msg>
<var>${header}</var>
<arg>Content-Type=application/json</arg>
<doc>Creates and returns a dictionary based on the given ``items``.</doc>
<status status="PASS" start="2025-11-02T15:10:43.071985" elapsed="0.000168"/>
</kw>
<kw name="DELETE On Session" owner="RequestsLibrary">
<msg time="2025-11-02T15:10:43.126678" level="INFO">DELETE Request : url=https://serverest.dev/usuarios/sI7Jnnkp3kajjaxl 
 path_url=/usuarios/sI7Jnnkp3kajjaxl 
 headers={'User-Agent': 'python-requests/2.32.5', 'Accept-Encoding': 'gzip, deflate', 'Accept': '*/*', 'Connection': 'keep-alive', 'Content-Length': '0'} 
 body=None 
 </msg>
<msg time="2025-11-02T15:10:43.126740" level="INFO">DELETE Response : url=https://serverest.dev/usuarios/sI7Jnnkp3kajjaxl 
 status=200, reason=OK 
 headers={'access-control-allow-origin': '*', 'x-dns-prefetch-control': 'off', 'x-frame-options': 'SAMEORIGIN', 'strict-transport-security': 'max-age=15552000; includeSubDomains', 'x-download-options': 'noopen', 'x-content-type-options': 'nosniff', 'x-xss-protection': '1; mode=block', 'content-type': 'application/json; charset=utf-8', 'x-cloud-trace-context': '0f94feebaca04780bcee95bc6ab32fd8', 'date': 'Sun, 02 Nov 2025 15:10:43 GMT', 'server': 'Google Frontend', 'Content-Length': '51'} 
 body={
    "message": "Registro excluído com sucesso"
} 
 </msg>
<msg time="2025-11-02T15:10:43.126795" level="INFO">/opt/hostedtoolcache/Python/3.11.14/x64/lib/python3.11/site-packages/urllib3/connectionpool.py:1097: InsecureRequestWarning: Unverified HTTPS request is being made to host 'serverest.dev'. Adding certificate verification is strongly advised. See: https://urllib3.readthedocs.io/en/latest/advanced-usage.html#tls-warnings
  warnings.warn(</msg>
<msg time="2025-11-02T15:10:43.126889" level="INFO">${response} = &lt;Response [200]&gt;</msg>
<var>${response}</var>
<arg>alias=api</arg>
<arg>url=/usuarios/${user_id}</arg>
<arg>expected_status=200</arg>
<doc>Sends a DELETE request on a previously created HTTP Session.</doc>
<status status="PASS" start="2025-11-02T15:10:43.072233" elapsed="0.054685"/>
</kw>
<kw name="Dictionary Should Contain Value" owner="Collections">
<arg>${response.json()}</arg>
<arg>Registro excluído com sucesso</arg>
<doc>Fails if ``value`` is not found from ``dictionary``.</doc>
<status status="PASS" start="2025-11-02T15:10:43.127099" elapsed="0.000415"/>
</kw>
<arg>${id}</arg>
<doc>Teste para deletar um usuário específico pelo ID</doc>
<status status="PASS" start="2025-11-02T15:10:43.071779" elapsed="0.055785"/>
</kw>
<status status="PASS" start="2025-11-02T15:10:43.014484" elapsed="0.113155"/>
</test>
<kw name="Encerrar Sessão" owner="usuario" type="TEARDOWN">
<kw name="Delete All Sessions" owner="RequestsLibrary">
<msg time="2025-11-02T15:10:43.128336" level="INFO">Deleting All Sessions</msg>
<doc>Removes all the session objects</doc>
<status status="PASS" start="2025-11-02T15:10:43.128281" elapsed="0.000117"/>
</kw>
<status status="PASS" start="2025-11-02T15:10:43.128151" elapsed="0.000290"/>
</kw>
<status status="PASS" start="2025-11-02T15:10:41.887108" elapsed="1.241354"/>
</suite>
<status status="PASS" start="2025-11-02T15:10:41.867022" elapsed="1.261948"/>
</suite>
<statistics>
<total>
<stat pass="7" fail="0" skip="0">All Tests</stat>
</total>
<tag>
</tag>
<suite>
<stat name="Tests" id="s1" pass="7" fail="0" skip="0">Tests</stat>
<stat name="API Serverest" id="s1-s1" pass="7" fail="0" skip="0">Tests.API Serverest</stat>
</suite>
</statistics>
<errors>
<msg time="2025-11-02T15:10:41.956019" level="ERROR">Error in file '/home/runner/work/robot-api-serveRest/robot-api-serveRest/tests/API_Serverest.robot' on line 9: Resource file '../resources/produto.robot' does not exist.</msg>
</errors>
</robot>
