<?xml version="1.0" encoding="UTF-8"?>
<robot generator="Robot 7.3.2 (Python 3.11.14 on linux)" generated="2025-11-04T02:10:09.217472" rpa="false" schemaversion="5">
<suite id="s1" name="Tests" source="/home/runner/work/robot-api-serveRest/robot-api-serveRest/tests">
<suite id="s1-s1" name="API Serverest" source="/home/runner/work/robot-api-serveRest/robot-api-serveRest/tests/API_Serverest.robot">
<kw name="Criar Sessão" owner="usuario" type="SETUP">
<kw name="Create Session" owner="RequestsLibrary">
<msg time="2025-11-04T02:10:09.299308" level="INFO">Creating Session using : alias=api, url=https://serverest.dev, headers={},                     cookies={}, auth=None, timeout=None, proxies=None, verify=False,                     debug=0 </msg>
<arg>alias=api</arg>
<arg>url=${URL}</arg>
<doc>Create Session: create a HTTP session to a server</doc>
<status status="PASS" start="2025-11-04T02:10:09.299135" elapsed="0.000324"/>
</kw>
<arg>https://serverest.dev</arg>
<doc>Cria a sessão HTTP 'api' (RequestsLibrary) com a URL base informada. Argumentos: ${URL} (ex.: https://serverest.dev). Pré-condição: nenhuma. Retorno: nenhum; a sessão 'api' fica disponível para os demais keywords.</doc>
<status status="PASS" start="2025-11-04T02:10:09.298578" elapsed="0.000952"/>
</kw>
<test id="s1-s1-t1" name="Usuario - Cadastrar Usuario" line="16">
<kw name="Cadastrar usuario" owner="usuario">
<kw name="Evaluate" owner="BuiltIn">
<msg time="2025-11-04T02:10:09.416972" level="INFO">${nome} = Gary Ramirez</msg>
<var>${nome}</var>
<arg>__import__('faker').Faker().name()</arg>
<doc>Evaluates the given expression in Python and returns the result.</doc>
<status status="PASS" start="2025-11-04T02:10:09.301023" elapsed="0.115996"/>
</kw>
<kw name="Evaluate" owner="BuiltIn">
<msg time="2025-11-04T02:10:09.418457" level="INFO">${email} = okirk@example.org</msg>
<var>${email}</var>
<arg>__import__('faker').Faker().email()</arg>
<doc>Evaluates the given expression in Python and returns the result.</doc>
<status status="PASS" start="2025-11-04T02:10:09.417202" elapsed="0.001290"/>
</kw>
<kw name="Evaluate" owner="BuiltIn">
<msg time="2025-11-04T02:10:09.419592" level="INFO">${senha} = hdHhFCQb)2</msg>
<var>${senha}</var>
<arg>__import__('faker').Faker().password(length=10)</arg>
<doc>Evaluates the given expression in Python and returns the result.</doc>
<status status="PASS" start="2025-11-04T02:10:09.418626" elapsed="0.000991"/>
</kw>
<kw name="Set Variable" owner="BuiltIn">
<msg time="2025-11-04T02:10:09.419834" level="INFO">${administrador} = true</msg>
<var>${administrador}</var>
<arg>true</arg>
<doc>Returns the given values which can then be assigned to a variables.</doc>
<status status="PASS" start="2025-11-04T02:10:09.419725" elapsed="0.000127"/>
</kw>
<kw name="Create Dictionary" owner="BuiltIn">
<msg time="2025-11-04T02:10:09.420379" level="INFO">${body_dict} = {'nome': 'Gary Ramirez', 'email': 'okirk@example.org', 'password': 'hdHhFCQb)2', 'administrador': 'true'}</msg>
<var>${body_dict}</var>
<arg>nome=${nome}</arg>
<arg>email=${email}</arg>
<arg>password=${senha}</arg>
<arg>administrador=${administrador}</arg>
<doc>Creates and returns a dictionary based on the given ``items``.</doc>
<status status="PASS" start="2025-11-04T02:10:09.419951" elapsed="0.000450"/>
</kw>
<kw name="Create Dictionary" owner="BuiltIn">
<msg time="2025-11-04T02:10:09.420623" level="INFO">${header} = {'Content-Type': 'application/json'}</msg>
<var>${header}</var>
<arg>Content-Type=application/json</arg>
<doc>Creates and returns a dictionary based on the given ``items``.</doc>
<status status="PASS" start="2025-11-04T02:10:09.420498" elapsed="0.000146"/>
</kw>
<kw name="POST On Session" owner="RequestsLibrary">
<msg time="2025-11-04T02:10:09.602861" level="INFO">POST Request : url=https://serverest.dev/usuarios 
 path_url=/usuarios 
 headers={'User-Agent': 'python-requests/2.32.5', 'Accept-Encoding': 'gzip, deflate', 'Accept': '*/*', 'Connection': 'keep-alive', 'Content-Type': 'application/json', 'Content-Length': '105'} 
 body=b'{"nome": "Gary Ramirez", "email": "okirk@example.org", "password": "hdHhFCQb)2", "administrador": "true"}' 
 </msg>
<msg time="2025-11-04T02:10:09.602977" level="INFO">POST Response : url=https://serverest.dev/usuarios 
 status=201, reason=Created 
 headers={'access-control-allow-origin': '*', 'x-dns-prefetch-control': 'off', 'x-frame-options': 'SAMEORIGIN', 'strict-transport-security': 'max-age=15552000; includeSubDomains', 'x-download-options': 'noopen', 'x-content-type-options': 'nosniff', 'x-xss-protection': '1; mode=block', 'content-type': 'application/json; charset=utf-8', 'x-cloud-trace-context': 'bb5d439b60e26b987f650c99205a26f9;o=1', 'date': 'Tue, 04 Nov 2025 02:10:09 GMT', 'server': 'Google Frontend', 'Content-Length': '82'} 
 body={
    "message": "Cadastro realizado com sucesso",
    "_id": "IqaJUCGUEpvMNfEI"
} 
 </msg>
<msg time="2025-11-04T02:10:09.603042" level="INFO">/opt/hostedtoolcache/Python/3.11.14/x64/lib/python3.11/site-packages/urllib3/connectionpool.py:1097: InsecureRequestWarning: Unverified HTTPS request is being made to host 'serverest.dev'. Adding certificate verification is strongly advised. See: https://urllib3.readthedocs.io/en/latest/advanced-usage.html#tls-warnings
  warnings.warn(</msg>
<msg time="2025-11-04T02:10:09.603203" level="INFO">${response} = &lt;Response [201]&gt;</msg>
<var>${response}</var>
<arg>alias=api</arg>
<arg>url=/usuarios</arg>
<arg>headers=${header}</arg>
<arg>json=${body_dict}</arg>
<arg>expected_status=201</arg>
<doc>Sends a POST request on a previously created HTTP Session.</doc>
<status status="PASS" start="2025-11-04T02:10:09.420729" elapsed="0.182503"/>
</kw>
<kw name="Log To Console" owner="BuiltIn">
<arg>${response.json()}</arg>
<doc>Logs the given message to the console.</doc>
<status status="PASS" start="2025-11-04T02:10:09.603442" elapsed="0.000573"/>
</kw>
<kw name="Set Variable" owner="BuiltIn">
<msg time="2025-11-04T02:10:09.604518" level="INFO">${id} = IqaJUCGUEpvMNfEI</msg>
<var>${id}</var>
<arg>${response.json()['_id']}</arg>
<doc>Returns the given values which can then be assigned to a variables.</doc>
<status status="PASS" start="2025-11-04T02:10:09.604159" elapsed="0.000378"/>
</kw>
<kw name="Dictionary Should Contain Value" owner="Collections">
<arg>${response.json()}</arg>
<arg>Cadastro realizado com sucesso</arg>
<doc>Fails if ``value`` is not found from ``dictionary``.</doc>
<status status="PASS" start="2025-11-04T02:10:09.604618" elapsed="0.000347"/>
</kw>
<return>
<value>${id}</value>
<value>${nome}</value>
<value>${email}</value>
<status status="PASS" start="2025-11-04T02:10:09.605012" elapsed="0.000047"/>
</return>
<msg time="2025-11-04T02:10:09.605249" level="INFO">${id} = IqaJUCGUEpvMNfEI</msg>
<msg time="2025-11-04T02:10:09.605279" level="INFO">${nome} = Gary Ramirez</msg>
<msg time="2025-11-04T02:10:09.605303" level="INFO">${email} = okirk@example.org</msg>
<var>${id}</var>
<var>${nome}</var>
<var>${email}</var>
<doc>Cadastra um novo usuário com dados gerados via Faker. Status esperado: 201. Valida a mensagem 'Cadastro realizado com sucesso'. Pré-condição: sessão 'api' criada. Retorna: ${id}, ${nome}, ${email} do usuário criado.</doc>
<status status="PASS" start="2025-11-04T02:10:09.300823" elapsed="0.304494"/>
</kw>
<kw name="Delete usuario por ID" owner="usuario">
<kw name="Create Dictionary" owner="BuiltIn">
<msg time="2025-11-04T02:10:09.606426" level="INFO">${header} = {'Content-Type': 'application/json'}</msg>
<var>${header}</var>
<arg>Content-Type=application/json</arg>
<doc>Creates and returns a dictionary based on the given ``items``.</doc>
<status status="PASS" start="2025-11-04T02:10:09.606285" elapsed="0.000161"/>
</kw>
<kw name="DELETE On Session" owner="RequestsLibrary">
<msg time="2025-11-04T02:10:09.642143" level="INFO">DELETE Request : url=https://serverest.dev/usuarios/IqaJUCGUEpvMNfEI 
 path_url=/usuarios/IqaJUCGUEpvMNfEI 
 headers={'User-Agent': 'python-requests/2.32.5', 'Accept-Encoding': 'gzip, deflate', 'Accept': '*/*', 'Connection': 'keep-alive', 'Content-Length': '0'} 
 body=None 
 </msg>
<msg time="2025-11-04T02:10:09.642228" level="INFO">DELETE Response : url=https://serverest.dev/usuarios/IqaJUCGUEpvMNfEI 
 status=200, reason=OK 
 headers={'access-control-allow-origin': '*', 'x-dns-prefetch-control': 'off', 'x-frame-options': 'SAMEORIGIN', 'strict-transport-security': 'max-age=15552000; includeSubDomains', 'x-download-options': 'noopen', 'x-content-type-options': 'nosniff', 'x-xss-protection': '1; mode=block', 'content-type': 'application/json; charset=utf-8', 'x-cloud-trace-context': 'facbfbad1ed7335a7f650c99205a23d2', 'date': 'Tue, 04 Nov 2025 02:10:09 GMT', 'server': 'Google Frontend', 'Content-Length': '51'} 
 body={
    "message": "Registro excluído com sucesso"
} 
 </msg>
<msg time="2025-11-04T02:10:09.642339" level="INFO">/opt/hostedtoolcache/Python/3.11.14/x64/lib/python3.11/site-packages/urllib3/connectionpool.py:1097: InsecureRequestWarning: Unverified HTTPS request is being made to host 'serverest.dev'. Adding certificate verification is strongly advised. See: https://urllib3.readthedocs.io/en/latest/advanced-usage.html#tls-warnings
  warnings.warn(</msg>
<msg time="2025-11-04T02:10:09.642468" level="INFO">${response} = &lt;Response [200]&gt;</msg>
<var>${response}</var>
<arg>alias=api</arg>
<arg>url=/usuarios/${user_id}</arg>
<arg>expected_status=200</arg>
<doc>Sends a DELETE request on a previously created HTTP Session.</doc>
<status status="PASS" start="2025-11-04T02:10:09.606519" elapsed="0.035981"/>
</kw>
<kw name="Dictionary Should Contain Value" owner="Collections">
<arg>${response.json()}</arg>
<arg>Registro excluído com sucesso</arg>
<doc>Fails if ``value`` is not found from ``dictionary``.</doc>
<status status="PASS" start="2025-11-04T02:10:09.642704" elapsed="0.000612"/>
</kw>
<arg>${id}</arg>
<doc>Deleta um usuário específico pelo ID. Status esperado: 200. Valida 'Registro excluído com sucesso'. Argumentos: ${user_id}. Pré-condição: ${user_id} deve existir.</doc>
<status status="PASS" start="2025-11-04T02:10:09.606039" elapsed="0.037341"/>
</kw>
<status status="PASS" start="2025-11-04T02:10:09.299585" elapsed="0.343895"/>
</test>
<test id="s1-s1-t2" name="Usuario - Cadastrar Usuario existente" line="19">
<kw name="Cadastrar usuario" owner="usuario">
<kw name="Evaluate" owner="BuiltIn">
<msg time="2025-11-04T02:10:09.646740" level="INFO">${nome} = Edward Jackson</msg>
<var>${nome}</var>
<arg>__import__('faker').Faker().name()</arg>
<doc>Evaluates the given expression in Python and returns the result.</doc>
<status status="PASS" start="2025-11-04T02:10:09.645328" elapsed="0.001439"/>
</kw>
<kw name="Evaluate" owner="BuiltIn">
<msg time="2025-11-04T02:10:09.647959" level="INFO">${email} = rpowell@example.org</msg>
<var>${email}</var>
<arg>__import__('faker').Faker().email()</arg>
<doc>Evaluates the given expression in Python and returns the result.</doc>
<status status="PASS" start="2025-11-04T02:10:09.646865" elapsed="0.001117"/>
</kw>
<kw name="Evaluate" owner="BuiltIn">
<msg time="2025-11-04T02:10:09.648986" level="INFO">${senha} = fs3%dZxQ%K</msg>
<var>${senha}</var>
<arg>__import__('faker').Faker().password(length=10)</arg>
<doc>Evaluates the given expression in Python and returns the result.</doc>
<status status="PASS" start="2025-11-04T02:10:09.648073" elapsed="0.000934"/>
</kw>
<kw name="Set Variable" owner="BuiltIn">
<msg time="2025-11-04T02:10:09.649204" level="INFO">${administrador} = true</msg>
<var>${administrador}</var>
<arg>true</arg>
<doc>Returns the given values which can then be assigned to a variables.</doc>
<status status="PASS" start="2025-11-04T02:10:09.649107" elapsed="0.000114"/>
</kw>
<kw name="Create Dictionary" owner="BuiltIn">
<msg time="2025-11-04T02:10:09.649541" level="INFO">${body_dict} = {'nome': 'Edward Jackson', 'email': 'rpowell@example.org', 'password': 'fs3%dZxQ%K', 'administrador': 'true'}</msg>
<var>${body_dict}</var>
<arg>nome=${nome}</arg>
<arg>email=${email}</arg>
<arg>password=${senha}</arg>
<arg>administrador=${administrador}</arg>
<doc>Creates and returns a dictionary based on the given ``items``.</doc>
<status status="PASS" start="2025-11-04T02:10:09.649304" elapsed="0.000254"/>
</kw>
<kw name="Create Dictionary" owner="BuiltIn">
<msg time="2025-11-04T02:10:09.649740" level="INFO">${header} = {'Content-Type': 'application/json'}</msg>
<var>${header}</var>
<arg>Content-Type=application/json</arg>
<doc>Creates and returns a dictionary based on the given ``items``.</doc>
<status status="PASS" start="2025-11-04T02:10:09.649637" elapsed="0.000120"/>
</kw>
<kw name="POST On Session" owner="RequestsLibrary">
<msg time="2025-11-04T02:10:09.689303" level="INFO">POST Request : url=https://serverest.dev/usuarios 
 path_url=/usuarios 
 headers={'User-Agent': 'python-requests/2.32.5', 'Accept-Encoding': 'gzip, deflate', 'Accept': '*/*', 'Connection': 'keep-alive', 'Content-Type': 'application/json', 'Content-Length': '109'} 
 body=b'{"nome": "Edward Jackson", "email": "rpowell@example.org", "password": "fs3%dZxQ%K", "administrador": "true"}' 
 </msg>
<msg time="2025-11-04T02:10:09.689384" level="INFO">POST Response : url=https://serverest.dev/usuarios 
 status=201, reason=Created 
 headers={'access-control-allow-origin': '*', 'x-dns-prefetch-control': 'off', 'x-frame-options': 'SAMEORIGIN', 'strict-transport-security': 'max-age=15552000; includeSubDomains', 'x-download-options': 'noopen', 'x-content-type-options': 'nosniff', 'x-xss-protection': '1; mode=block', 'content-type': 'application/json; charset=utf-8', 'x-cloud-trace-context': '73a8cc012e47ac9b7f650c99205a2068', 'date': 'Tue, 04 Nov 2025 02:10:09 GMT', 'server': 'Google Frontend', 'Content-Length': '82'} 
 body={
    "message": "Cadastro realizado com sucesso",
    "_id": "rSQ4izck66aWx6mq"
} 
 </msg>
<msg time="2025-11-04T02:10:09.689457" level="INFO">/opt/hostedtoolcache/Python/3.11.14/x64/lib/python3.11/site-packages/urllib3/connectionpool.py:1097: InsecureRequestWarning: Unverified HTTPS request is being made to host 'serverest.dev'. Adding certificate verification is strongly advised. See: https://urllib3.readthedocs.io/en/latest/advanced-usage.html#tls-warnings
  warnings.warn(</msg>
<msg time="2025-11-04T02:10:09.689574" level="INFO">${response} = &lt;Response [201]&gt;</msg>
<var>${response}</var>
<arg>alias=api</arg>
<arg>url=/usuarios</arg>
<arg>headers=${header}</arg>
<arg>json=${body_dict}</arg>
<arg>expected_status=201</arg>
<doc>Sends a POST request on a previously created HTTP Session.</doc>
<status status="PASS" start="2025-11-04T02:10:09.649822" elapsed="0.039785"/>
</kw>
<kw name="Log To Console" owner="BuiltIn">
<arg>${response.json()}</arg>
<doc>Logs the given message to the console.</doc>
<status status="PASS" start="2025-11-04T02:10:09.689791" elapsed="0.000495"/>
</kw>
<kw name="Set Variable" owner="BuiltIn">
<msg time="2025-11-04T02:10:09.690812" level="INFO">${id} = rSQ4izck66aWx6mq</msg>
<var>${id}</var>
<arg>${response.json()['_id']}</arg>
<doc>Returns the given values which can then be assigned to a variables.</doc>
<status status="PASS" start="2025-11-04T02:10:09.690446" elapsed="0.000384"/>
</kw>
<kw name="Dictionary Should Contain Value" owner="Collections">
<arg>${response.json()}</arg>
<arg>Cadastro realizado com sucesso</arg>
<doc>Fails if ``value`` is not found from ``dictionary``.</doc>
<status status="PASS" start="2025-11-04T02:10:09.690906" elapsed="0.000320"/>
</kw>
<return>
<value>${id}</value>
<value>${nome}</value>
<value>${email}</value>
<status status="PASS" start="2025-11-04T02:10:09.691269" elapsed="0.000041"/>
</return>
<msg time="2025-11-04T02:10:09.691464" level="INFO">${id} = rSQ4izck66aWx6mq</msg>
<msg time="2025-11-04T02:10:09.691493" level="INFO">${nome} = Edward Jackson</msg>
<msg time="2025-11-04T02:10:09.691517" level="INFO">${email} = rpowell@example.org</msg>
<var>${id}</var>
<var>${nome}</var>
<var>${email}</var>
<doc>Cadastra um novo usuário com dados gerados via Faker. Status esperado: 201. Valida a mensagem 'Cadastro realizado com sucesso'. Pré-condição: sessão 'api' criada. Retorna: ${id}, ${nome}, ${email} do usuário criado.</doc>
<status status="PASS" start="2025-11-04T02:10:09.644939" elapsed="0.046592"/>
</kw>
<kw name="Cadastrar usuario já cadastrado." owner="usuario">
<kw name="Set Variable" owner="BuiltIn">
<msg time="2025-11-04T02:10:09.692692" level="INFO">${nome} = Edward Jackson</msg>
<var>${nome}</var>
<arg>${nome_existente}</arg>
<doc>Returns the given values which can then be assigned to a variables.</doc>
<status status="PASS" start="2025-11-04T02:10:09.692539" elapsed="0.000171"/>
</kw>
<kw name="Set Variable" owner="BuiltIn">
<msg time="2025-11-04T02:10:09.692879" level="INFO">${email} = rpowell@example.org</msg>
<var>${email}</var>
<arg>${email_existente}</arg>
<doc>Returns the given values which can then be assigned to a variables.</doc>
<status status="PASS" start="2025-11-04T02:10:09.692783" elapsed="0.000112"/>
</kw>
<kw name="Evaluate" owner="BuiltIn">
<msg time="2025-11-04T02:10:09.694125" level="INFO">${senha} = o!4DvLGoD%</msg>
<var>${senha}</var>
<arg>__import__('faker').Faker().password(length=10)</arg>
<doc>Evaluates the given expression in Python and returns the result.</doc>
<status status="PASS" start="2025-11-04T02:10:09.692961" elapsed="0.001190"/>
</kw>
<kw name="Set Variable" owner="BuiltIn">
<msg time="2025-11-04T02:10:09.694342" level="INFO">${administrador} = true</msg>
<var>${administrador}</var>
<arg>true</arg>
<doc>Returns the given values which can then be assigned to a variables.</doc>
<status status="PASS" start="2025-11-04T02:10:09.694243" elapsed="0.000116"/>
</kw>
<kw name="Create Dictionary" owner="BuiltIn">
<msg time="2025-11-04T02:10:09.694672" level="INFO">${body_dict} = {'nome': 'Edward Jackson', 'email': 'rpowell@example.org', 'password': 'o!4DvLGoD%', 'administrador': 'true'}</msg>
<var>${body_dict}</var>
<arg>nome=${nome}</arg>
<arg>email=${email}</arg>
<arg>password=${senha}</arg>
<arg>administrador=${administrador}</arg>
<doc>Creates and returns a dictionary based on the given ``items``.</doc>
<status status="PASS" start="2025-11-04T02:10:09.694438" elapsed="0.000252"/>
</kw>
<kw name="Create Dictionary" owner="BuiltIn">
<msg time="2025-11-04T02:10:09.694868" level="INFO">${header} = {'Content-Type': 'application/json'}</msg>
<var>${header}</var>
<arg>Content-Type=application/json</arg>
<doc>Creates and returns a dictionary based on the given ``items``.</doc>
<status status="PASS" start="2025-11-04T02:10:09.694764" elapsed="0.000120"/>
</kw>
<kw name="POST On Session" owner="RequestsLibrary">
<msg time="2025-11-04T02:10:09.734270" level="INFO">POST Request : url=https://serverest.dev/usuarios 
 path_url=/usuarios 
 headers={'User-Agent': 'python-requests/2.32.5', 'Accept-Encoding': 'gzip, deflate', 'Accept': '*/*', 'Connection': 'keep-alive', 'Content-Type': 'application/json', 'Content-Length': '109'} 
 body=b'{"nome": "Edward Jackson", "email": "rpowell@example.org", "password": "o!4DvLGoD%", "administrador": "true"}' 
 </msg>
<msg time="2025-11-04T02:10:09.734340" level="INFO">POST Response : url=https://serverest.dev/usuarios 
 status=400, reason=Bad Request 
 headers={'access-control-allow-origin': '*', 'x-dns-prefetch-control': 'off', 'x-frame-options': 'SAMEORIGIN', 'strict-transport-security': 'max-age=15552000; includeSubDomains', 'x-download-options': 'noopen', 'x-content-type-options': 'nosniff', 'x-xss-protection': '1; mode=block', 'content-type': 'application/json; charset=utf-8', 'x-cloud-trace-context': '12b0925e3966ab817f650c99205a22c3', 'date': 'Tue, 04 Nov 2025 02:10:09 GMT', 'server': 'Google Frontend', 'Content-Length': '53'} 
 body={
    "message": "Este email já está sendo usado"
} 
 </msg>
<msg time="2025-11-04T02:10:09.734397" level="INFO">/opt/hostedtoolcache/Python/3.11.14/x64/lib/python3.11/site-packages/urllib3/connectionpool.py:1097: InsecureRequestWarning: Unverified HTTPS request is being made to host 'serverest.dev'. Adding certificate verification is strongly advised. See: https://urllib3.readthedocs.io/en/latest/advanced-usage.html#tls-warnings
  warnings.warn(</msg>
<msg time="2025-11-04T02:10:09.734512" level="INFO">${response} = &lt;Response [400]&gt;</msg>
<var>${response}</var>
<arg>alias=api</arg>
<arg>url=/usuarios</arg>
<arg>headers=${header}</arg>
<arg>json=${body_dict}</arg>
<arg>expected_status=400</arg>
<doc>Sends a POST request on a previously created HTTP Session.</doc>
<status status="PASS" start="2025-11-04T02:10:09.694950" elapsed="0.039589"/>
</kw>
<kw name="Log To Console" owner="BuiltIn">
<arg>${response.json()}</arg>
<doc>Logs the given message to the console.</doc>
<status status="PASS" start="2025-11-04T02:10:09.734727" elapsed="0.000630"/>
</kw>
<kw name="Dictionary Should Contain Value" owner="Collections">
<arg>${response.json()}</arg>
<arg>Este email já está sendo usado</arg>
<doc>Fails if ``value`` is not found from ``dictionary``.</doc>
<status status="PASS" start="2025-11-04T02:10:09.735467" elapsed="0.000345"/>
</kw>
<arg>${nome}</arg>
<arg>${email}</arg>
<doc>Tenta cadastrar um usuário com e-mail já existente. Status esperado: 400. Valida a mensagem 'Este email já está sendo usado'. Argumentos: ${nome_existente}, ${email_existente}. Pré-condição: já existir usuário com esse e-mail.</doc>
<status status="PASS" start="2025-11-04T02:10:09.692295" elapsed="0.043569"/>
</kw>
<kw name="Delete usuario por ID" owner="usuario">
<kw name="Create Dictionary" owner="BuiltIn">
<msg time="2025-11-04T02:10:09.737079" level="INFO">${header} = {'Content-Type': 'application/json'}</msg>
<var>${header}</var>
<arg>Content-Type=application/json</arg>
<doc>Creates and returns a dictionary based on the given ``items``.</doc>
<status status="PASS" start="2025-11-04T02:10:09.736932" elapsed="0.000181"/>
</kw>
<kw name="DELETE On Session" owner="RequestsLibrary">
<msg time="2025-11-04T02:10:09.777769" level="INFO">DELETE Request : url=https://serverest.dev/usuarios/rSQ4izck66aWx6mq 
 path_url=/usuarios/rSQ4izck66aWx6mq 
 headers={'User-Agent': 'python-requests/2.32.5', 'Accept-Encoding': 'gzip, deflate', 'Accept': '*/*', 'Connection': 'keep-alive', 'Content-Length': '0'} 
 body=None 
 </msg>
<msg time="2025-11-04T02:10:09.777846" level="INFO">DELETE Response : url=https://serverest.dev/usuarios/rSQ4izck66aWx6mq 
 status=200, reason=OK 
 headers={'access-control-allow-origin': '*', 'x-dns-prefetch-control': 'off', 'x-frame-options': 'SAMEORIGIN', 'strict-transport-security': 'max-age=15552000; includeSubDomains', 'x-download-options': 'noopen', 'x-content-type-options': 'nosniff', 'x-xss-protection': '1; mode=block', 'content-type': 'application/json; charset=utf-8', 'x-cloud-trace-context': '35d3ca55a098a9617f650c99205a2f9c', 'date': 'Tue, 04 Nov 2025 02:10:09 GMT', 'server': 'Google Frontend', 'Content-Length': '51'} 
 body={
    "message": "Registro excluído com sucesso"
} 
 </msg>
<msg time="2025-11-04T02:10:09.777901" level="INFO">/opt/hostedtoolcache/Python/3.11.14/x64/lib/python3.11/site-packages/urllib3/connectionpool.py:1097: InsecureRequestWarning: Unverified HTTPS request is being made to host 'serverest.dev'. Adding certificate verification is strongly advised. See: https://urllib3.readthedocs.io/en/latest/advanced-usage.html#tls-warnings
  warnings.warn(</msg>
<msg time="2025-11-04T02:10:09.778018" level="INFO">${response} = &lt;Response [200]&gt;</msg>
<var>${response}</var>
<arg>alias=api</arg>
<arg>url=/usuarios/${user_id}</arg>
<arg>expected_status=200</arg>
<doc>Sends a DELETE request on a previously created HTTP Session.</doc>
<status status="PASS" start="2025-11-04T02:10:09.737196" elapsed="0.040848"/>
</kw>
<kw name="Dictionary Should Contain Value" owner="Collections">
<arg>${response.json()}</arg>
<arg>Registro excluído com sucesso</arg>
<doc>Fails if ``value`` is not found from ``dictionary``.</doc>
<status status="PASS" start="2025-11-04T02:10:09.778222" elapsed="0.000430"/>
</kw>
<arg>${id}</arg>
<doc>Deleta um usuário específico pelo ID. Status esperado: 200. Valida 'Registro excluído com sucesso'. Argumentos: ${user_id}. Pré-condição: ${user_id} deve existir.</doc>
<status status="PASS" start="2025-11-04T02:10:09.736678" elapsed="0.042031"/>
</kw>
<status status="PASS" start="2025-11-04T02:10:09.643687" elapsed="0.135113"/>
</test>
<test id="s1-s1-t3" name="Usuario - Consultar lista de usuarios" line="23">
<kw name="Consulta usuarios Lista" owner="usuario">
<kw name="Create Dictionary" owner="BuiltIn">
<msg time="2025-11-04T02:10:09.779703" level="INFO">${header} = {'Content-Type': 'application/json'}</msg>
<var>${header}</var>
<arg>Content-Type=application/json</arg>
<doc>Creates and returns a dictionary based on the given ``items``.</doc>
<status status="PASS" start="2025-11-04T02:10:09.779534" elapsed="0.000188"/>
</kw>
<kw name="GET On Session" owner="RequestsLibrary">
<msg time="2025-11-04T02:10:09.848293" level="INFO">GET Request : url=https://serverest.dev/usuarios 
 path_url=/usuarios 
 headers={'User-Agent': 'python-requests/2.32.5', 'Accept-Encoding': 'gzip, deflate', 'Accept': '*/*', 'Connection': 'keep-alive'} 
 body=None 
 </msg>
<msg time="2025-11-04T02:10:09.848417" level="INFO">GET Response : url=https://serverest.dev/usuarios 
 status=200, reason=OK 
 headers={'access-control-allow-origin': '*', 'x-dns-prefetch-control': 'off', 'x-frame-options': 'SAMEORIGIN', 'strict-transport-security': 'max-age=15552000; includeSubDomains', 'x-download-options': 'noopen', 'x-content-type-options': 'nosniff', 'x-xss-protection': '1; mode=block', 'content-type': 'application/json; charset=utf-8', 'x-cloud-trace-context': '9264082b78581cb87f650c99205a2cfb', 'date': 'Tue, 04 Nov 2025 02:10:09 GMT', 'server': 'Google Frontend', 'Content-Length': '76834'} 
 body={
    "quantidade": 353,
    "usuarios": [
        {
            "nome": "Ralph Heidenreich IV",
            "email": "ralphheidenreichiv@test.com",
            "password": "Test;123",
            "administrador": "true",
            "_id": "05ORvPGsgSkWyw5A"
        },
        {
            "nome": "felipe",
            "email": "felipe2@gmail.com",
            "password": "123456",
            "administrador": "false",
            "_id": "0LaYYb81dfGO4yFe"
        },
        {
            "nome": "Usuario Teste Login",
            "email": "login1762186296023@qa.com.br",
            "password": "senha@123",
            "administrador": "false",
            "_id": "0PBG7DdHZcENmztk"
        },
        {
            "nome": "César Braga",
            "email": "cesarbraga48@teste.com.br",
            "password": "@1AWt(fADD",
            "administrador": "true",
            "_id": "0SvkxEgIGC7nkQEF"
        },
        {
            "nome": "teste",
            "email": "testeqa67609@qa.com",
            "password": "teste",
            "administrador": "true",
            "_id": "0ywitvKpTcZuji9s"
        },
        {
            "nome": "Updated Name",
            "email": "updated1762186210355@qa.com.br",
            "password": "novaSenha123",
            "administrador": "true",
            "_id": "1ChYYUeFxQ5gNYn4"
        },
        {
            "nome": "helena rdgs",
            "email": "karifev842@limtu.com",
            "password": "teste",
            "administrador": "true",
            "_id": "1kGuRNNGNbemw3kR"
        },
        {
            "nome": "Cypress User 1762172497948",
            "email": "Cypress_1762172497948@Cypress.com",
            "password": "123456",
            "administrador": "true",
            "_id": "1wfxF7tSIiJqxQKE"
        },
        {
            "nome": "Invalido da Silva",
            "email": "emailmuitoinvalido@qa.com",
            "password": "test123",
            "administrador": "false",
            "_id": "2iUgKawKoWxHjuSJ"
        },
        {
            "nome": "QA2 Teacher",
            "email": "qa.teacher1030@test.com",
            "password": "1234",
            "administrador": "true",
            "_id": "2qRUSHAm4AdL2x8R"
        },
        {
            "nome": "Outro Fulano Beltrano da Silva",
            "email": "OutroFulanoBeltrano@qa.com.br",
            "password": "teste",
            "administrador": "true",
            "_id": "2qTpJCfqOZK5fMDg"
        },
        {
            "nome": "Humberto9",
            "email": "Myrtice3@hotmail.com",
            "password": "324538983",
            "administrador": "true",
            "_id": "2tnWlSxBkFM3vbED"
        },
        {
            "nome": "Cypress Admin 1762172487014",
            "email": "cypress_admin_1762172487014@cypress.com",
            "password": "123456",
            "administrador": "true",
            "_id": "333xk4UmiUxdTZyL"
        },
        {
            "nome": "QA Teacher",
            "email": "qaaaateacher1032@test.com",
            "password": "1234",
            "administrador": "true",
            "_id": "37GOThKY1EquzGfm"
        },
        {
            "nome": "Miguel Santos",
            "email": "miguelsantos.Braga42@teste.com.br",
            "password": "@1A7k2!.Y{",
            "administrador": "false",
            "_id": "3WrKMCCCIYYTOR0X"
        },
        {
            "nome": "test",
            "email": "testqa23499@qa.com",
            "password": "test",
            "administrador": "true",
            "_id": "3mR20Zp5G2emESmN"
        },
        {
            "nome": "FakeName121",
            "email": "FakeName121@fakeemail.com",
            "password": "FakeName123Password!@#",
            "administrador": "true",
            "_id": "3mfDYeL0IaXVyja9"
        },
        {
            "administrador": "true",
            "email": "titus.padberg@yahoo.com",
            "nome": "Raylene Torphy",
            "password": "password",
            "_id": "4lLnyz1csD7NiekX"
        },
        {
            "nome": "Cypress Admin 1762172486347",
            "email": "cypress_admin_1762172486347@cypress.com",
            "password": "123456",
            "administrador": "true",
            "_id": "4nRnHbCJTzkMpaX9"
        },
        {
            "nome": "Pedro da Silva",
            "email": "pedro@qa.com.br",
            "password": "teste",
            "administrador": "true",
            "_id": "4ui1vi7GAKuieS6c"
        },
        {
            "nome": "teste",
            "email": "testeqa9950@qa.com",
            "password": "teste",
            "administrador": "true",
            "_id": "5OHJkESbuA773LKi"
        },
        {
            "nome": "teste",
            "email": "testeqa55769@qa.com",
            "password": "teste",
            "administrador": "true",
            "_id": "5e4WgKZ691qPL3my"
        },
        {
            "nome": "teste",
            "email": "testeqa6023@qa.com",
            "password": "teste",
            "administrador": "true",
            "_id": "5nEhxWuXIs3gD6P8"
        },
        {
            "administrador": "true",
            "email": "daina.swift@yahoo.com",
            "nome": "Marcellus Goodwin Sr.",
            "password": "password",
            "_id": "5vBT4hJXi27AJPUq"
        },
        {
            "nome": "QA User 18ed13 Updated",
            "email": "qa_eefe1f19@tester.com",
            "password": "cab3b7fa919e",
            "administrador": "true",
            "_id": "5vyuHJSOYkYF8ok2"
        },
        {
            "nome": "test",
            "email": "testqa38706@qa.com",
            "password": "test",
            "administrador": "true",
            "_id": "63t0723jR6BteqZA"
        },
        {
            "nome": "QA User 4d87a6",
            "email": "qa_4748330a@tester.com",
            "password": "d0bfbe04879f",
            "administrador": "true",
            "_id": "67QPp1KemQwQgNOQ"
        },
        {
            "nome": "test",
            "email": "testqa43513@qa.com",
            "password": "test",
            "administrador": "true",
            "_id": "6S9LYcIFo6XhZLfv"
        },
        {
            "nome": "test",
            "email": "testqa28063@qa.com",
            "password": "test",
            "administrador": "true",
            "_id": "6SY3HKZIFWYHOVa2"
        },
        {
            "nome": "QA User 309f84",
            "email": "qa_fcb33e9d@tester.com",
            "password": "438433aaf2ef",
            "administrador": "true",
            "_id": "6aa5ybEpUmvtw2KI"
        },
        {
            "nome": "QA User dd0685",
            "email": "qa_88237d2d@tester.com",
            "password": "66f3e2d88c87",
            "administrador": "true",
            "_id": "6y5TNk9Rz8eFEcFp"
        },
        {
            "nome": "Nicolas Oliveira",
            "email": "nicolasoliveira_Silva41@teste.com.br",
            "password": "@1A=$9;#{f",
            "administrador": "false",
            "_id": "74xp31hbqAFvVxmz"
        },
        {
            "nome": "David Davis",
            "email": "Brionna.Brakus@gmail.com",
            "password": "zf6mfdGACc",
            "administrador": "false",
            "_id": "7AngkHJKx6jMJm6G"
        },
        {
            "password": "teste",
            "administrador": "true",
            "nome": "Fulano da Silva",
            "email": "beltranoo@qa.com.br",
            "_id": "7GKiQ0njY0el3Oqp"
        },
        {
            "nome": "QA User e5a805",
            "email": "qa_5d097f5a@tester.com",
            "password": "f67b8395c84c",
            "administrador": "true",
            "_id": "7InQtop1aEFD23O6"
        },
        {
            "nome": "QA19 Teacher",
            "email": "qa.teacher19@test.com",
            "password": "1234",
            "administrador": "true",
            "_id": "7LmQbWjqC9cpeCXt"
        },
        {
            "nome": "Fulano da Silva",
            "email": "gqswzxvv@qacoders.com.br",
            "password": "teste",
            "administrador": "true",
            "_id": "7R02rOpyAwTuF0an"
        },
        {
            "nome": "Jimi Hendrix",
            "email": "jimi@qa.com.br",
            "password": "teste",
            "administrador": "true",
            "_id": "7ZIMhKwtgkS0KPYX"
        },
        {
            "nome": "Steven Jackson",
            "email": "thomasmejia@example.net",
            "password": "@qL*jciM#2",
            "administrador": "true",
            "_id": "7ah5ORrYphFm0Fb3"
        },
        {
            "nome": "QA User 9d0e9a",
            "email": "qa_b1cd34c9@tester.com",
            "password": "828809296281",
            "administrador": "true",
            "_id": "7kcvWeVa25VO7TOr"
        },
        {
            "nome": "QA Teacher6969",
            "email": "qa.teacher106969@test.com",
            "password": "1234",
            "administrador": "true",
            "_id": "836sJE8FcoiP2e1o"
        },
        {
            "nome": "QA User 658028",
            "email": "qa_0bd8bf01@tester.com",
            "password": "a1a6e5b8005e",
            "administrador": "true",
            "_id": "8V6ucsKUmzqO57Gu"
        },
        {
            "nome": "Darrin Braun",
            "email": "Patricia_Breitenberg57@gmail.com",
            "password": "Aa7s6VY4ewNO37F",
            "administrador": "false",
            "_id": "8quywRqtenI5RrrA"
        },
        {
            "nome": "test",
            "email": "testqa50631@qa.com",
            "password": "test",
            "administrador": "true",
            "_id": "8sL8sT4aoAd7dXdG"
        },
        {
            "nome": "Fulano Gui",
            "email": "fulanogui@qa.com.br",
            "password": "test123",
            "administrador": "true",
            "_id": "98VK9GqMyAyR1u3x"
        },
        {
            "nome": "test",
            "email": "testqa73032@qa.com",
            "password": "test",
            "administrador": "true",
            "_id": "9DYqOTx2... (set the log level to DEBUG or TRACE to see the full content) 
 </msg>
<msg time="2025-11-04T02:10:09.848556" level="INFO">/opt/hostedtoolcache/Python/3.11.14/x64/lib/python3.11/site-packages/urllib3/connectionpool.py:1097: InsecureRequestWarning: Unverified HTTPS request is being made to host 'serverest.dev'. Adding certificate verification is strongly advised. See: https://urllib3.readthedocs.io/en/latest/advanced-usage.html#tls-warnings
  warnings.warn(</msg>
<msg time="2025-11-04T02:10:09.848672" level="INFO">${response} = &lt;Response [200]&gt;</msg>
<var>${response}</var>
<arg>alias=api</arg>
<arg>url=/usuarios</arg>
<arg>expected_status=200</arg>
<doc>Sends a GET request on a previously created HTTP Session.</doc>
<status status="PASS" start="2025-11-04T02:10:09.779799" elapsed="0.068900"/>
</kw>
<kw name="Log To Console" owner="BuiltIn">
<arg>${response.json()}</arg>
<doc>Logs the given message to the console.</doc>
<status status="PASS" start="2025-11-04T02:10:09.848873" elapsed="0.001925"/>
</kw>
<kw name="Should Be True" owner="BuiltIn">
<arg>${response.json()['quantidade']} &gt;= 0</arg>
<doc>Fails if the given condition is not true.</doc>
<status status="PASS" start="2025-11-04T02:10:09.850960" elapsed="0.001431"/>
</kw>
<doc>Consulta a lista de usuários. Status esperado: 200. Asserta que 'quantidade' &gt;= 0. Pré-condição: sessão 'api' criada. Não retorna dados (usa apenas asserções).</doc>
<status status="PASS" start="2025-11-04T02:10:09.779330" elapsed="0.073120"/>
</kw>
<status status="PASS" start="2025-11-04T02:10:09.778982" elapsed="0.073556"/>
</test>
<test id="s1-s1-t4" name="Usuario - Consultar usuario por ID inexistente" line="25">
<kw name="Cadastrar usuario" owner="usuario">
<kw name="Evaluate" owner="BuiltIn">
<msg time="2025-11-04T02:10:09.855363" level="INFO">${nome} = Charles Patton</msg>
<var>${nome}</var>
<arg>__import__('faker').Faker().name()</arg>
<doc>Evaluates the given expression in Python and returns the result.</doc>
<status status="PASS" start="2025-11-04T02:10:09.854210" elapsed="0.001177"/>
</kw>
<kw name="Evaluate" owner="BuiltIn">
<msg time="2025-11-04T02:10:09.857320" level="INFO">${email} = kristen02@example.com</msg>
<var>${email}</var>
<arg>__import__('faker').Faker().email()</arg>
<doc>Evaluates the given expression in Python and returns the result.</doc>
<status status="PASS" start="2025-11-04T02:10:09.855478" elapsed="0.001867"/>
</kw>
<kw name="Evaluate" owner="BuiltIn">
<msg time="2025-11-04T02:10:09.858341" level="INFO">${senha} = (99Oj&amp;VW4$</msg>
<var>${senha}</var>
<arg>__import__('faker').Faker().password(length=10)</arg>
<doc>Evaluates the given expression in Python and returns the result.</doc>
<status status="PASS" start="2025-11-04T02:10:09.857438" elapsed="0.000926"/>
</kw>
<kw name="Set Variable" owner="BuiltIn">
<msg time="2025-11-04T02:10:09.858545" level="INFO">${administrador} = true</msg>
<var>${administrador}</var>
<arg>true</arg>
<doc>Returns the given values which can then be assigned to a variables.</doc>
<status status="PASS" start="2025-11-04T02:10:09.858451" elapsed="0.000110"/>
</kw>
<kw name="Create Dictionary" owner="BuiltIn">
<msg time="2025-11-04T02:10:09.858861" level="INFO">${body_dict} = {'nome': 'Charles Patton', 'email': 'kristen02@example.com', 'password': '(99Oj&amp;VW4$', 'administrador': 'true'}</msg>
<var>${body_dict}</var>
<arg>nome=${nome}</arg>
<arg>email=${email}</arg>
<arg>password=${senha}</arg>
<arg>administrador=${administrador}</arg>
<doc>Creates and returns a dictionary based on the given ``items``.</doc>
<status status="PASS" start="2025-11-04T02:10:09.858638" elapsed="0.000241"/>
</kw>
<kw name="Create Dictionary" owner="BuiltIn">
<msg time="2025-11-04T02:10:09.859054" level="INFO">${header} = {'Content-Type': 'application/json'}</msg>
<var>${header}</var>
<arg>Content-Type=application/json</arg>
<doc>Creates and returns a dictionary based on the given ``items``.</doc>
<status status="PASS" start="2025-11-04T02:10:09.858954" elapsed="0.000116"/>
</kw>
<kw name="POST On Session" owner="RequestsLibrary">
<msg time="2025-11-04T02:10:09.899739" level="INFO">POST Request : url=https://serverest.dev/usuarios 
 path_url=/usuarios 
 headers={'User-Agent': 'python-requests/2.32.5', 'Accept-Encoding': 'gzip, deflate', 'Accept': '*/*', 'Connection': 'keep-alive', 'Content-Type': 'application/json', 'Content-Length': '111'} 
 body=b'{"nome": "Charles Patton", "email": "kristen02@example.com", "password": "(99Oj&amp;VW4$", "administrador": "true"}' 
 </msg>
<msg time="2025-11-04T02:10:09.899818" level="INFO">POST Response : url=https://serverest.dev/usuarios 
 status=201, reason=Created 
 headers={'access-control-allow-origin': '*', 'x-dns-prefetch-control': 'off', 'x-frame-options': 'SAMEORIGIN', 'strict-transport-security': 'max-age=15552000; includeSubDomains', 'x-download-options': 'noopen', 'x-content-type-options': 'nosniff', 'x-xss-protection': '1; mode=block', 'content-type': 'application/json; charset=utf-8', 'x-cloud-trace-context': 'a47ffc92e38952ed7f650c99205a255e', 'date': 'Tue, 04 Nov 2025 02:10:09 GMT', 'server': 'Google Frontend', 'Content-Length': '82'} 
 body={
    "message": "Cadastro realizado com sucesso",
    "_id": "vqDzf58Q7pg1zusN"
} 
 </msg>
<msg time="2025-11-04T02:10:09.899886" level="INFO">/opt/hostedtoolcache/Python/3.11.14/x64/lib/python3.11/site-packages/urllib3/connectionpool.py:1097: InsecureRequestWarning: Unverified HTTPS request is being made to host 'serverest.dev'. Adding certificate verification is strongly advised. See: https://urllib3.readthedocs.io/en/latest/advanced-usage.html#tls-warnings
  warnings.warn(</msg>
<msg time="2025-11-04T02:10:09.900009" level="INFO">${response} = &lt;Response [201]&gt;</msg>
<var>${response}</var>
<arg>alias=api</arg>
<arg>url=/usuarios</arg>
<arg>headers=${header}</arg>
<arg>json=${body_dict}</arg>
<arg>expected_status=201</arg>
<doc>Sends a POST request on a previously created HTTP Session.</doc>
<status status="PASS" start="2025-11-04T02:10:09.859162" elapsed="0.040877"/>
</kw>
<kw name="Log To Console" owner="BuiltIn">
<arg>${response.json()}</arg>
<doc>Logs the given message to the console.</doc>
<status status="PASS" start="2025-11-04T02:10:09.900235" elapsed="0.000467"/>
</kw>
<kw name="Set Variable" owner="BuiltIn">
<msg time="2025-11-04T02:10:09.901178" level="INFO">${id} = vqDzf58Q7pg1zusN</msg>
<var>${id}</var>
<arg>${response.json()['_id']}</arg>
<doc>Returns the given values which can then be assigned to a variables.</doc>
<status status="PASS" start="2025-11-04T02:10:09.900822" elapsed="0.000375"/>
</kw>
<kw name="Dictionary Should Contain Value" owner="Collections">
<arg>${response.json()}</arg>
<arg>Cadastro realizado com sucesso</arg>
<doc>Fails if ``value`` is not found from ``dictionary``.</doc>
<status status="PASS" start="2025-11-04T02:10:09.901275" elapsed="0.000327"/>
</kw>
<return>
<value>${id}</value>
<value>${nome}</value>
<value>${email}</value>
<status status="PASS" start="2025-11-04T02:10:09.901646" elapsed="0.000044"/>
</return>
<msg time="2025-11-04T02:10:09.901859" level="INFO">${id} = vqDzf58Q7pg1zusN</msg>
<msg time="2025-11-04T02:10:09.901891" level="INFO">${nome} = Charles Patton</msg>
<msg time="2025-11-04T02:10:09.901918" level="INFO">${email} = kristen02@example.com</msg>
<var>${id}</var>
<var>${nome}</var>
<var>${email}</var>
<doc>Cadastra um novo usuário com dados gerados via Faker. Status esperado: 201. Valida a mensagem 'Cadastro realizado com sucesso'. Pré-condição: sessão 'api' criada. Retorna: ${id}, ${nome}, ${email} do usuário criado.</doc>
<status status="PASS" start="2025-11-04T02:10:09.853976" elapsed="0.047959"/>
</kw>
<kw name="Consultar usuario por ID" owner="usuario">
<kw name="Create Dictionary" owner="BuiltIn">
<msg time="2025-11-04T02:10:09.903139" level="INFO">${header} = {'Content-Type': 'application/json'}</msg>
<var>${header}</var>
<arg>Content-Type=application/json</arg>
<doc>Creates and returns a dictionary based on the given ``items``.</doc>
<status status="PASS" start="2025-11-04T02:10:09.902988" elapsed="0.000172"/>
</kw>
<kw name="GET On Session" owner="RequestsLibrary">
<msg time="2025-11-04T02:10:09.952403" level="INFO">GET Request : url=https://serverest.dev/usuarios/vqDzf58Q7pg1zusN 
 path_url=/usuarios/vqDzf58Q7pg1zusN 
 headers={'User-Agent': 'python-requests/2.32.5', 'Accept-Encoding': 'gzip, deflate', 'Accept': '*/*', 'Connection': 'keep-alive'} 
 body=None 
 </msg>
<msg time="2025-11-04T02:10:09.952513" level="INFO">GET Response : url=https://serverest.dev/usuarios/vqDzf58Q7pg1zusN 
 status=200, reason=OK 
 headers={'access-control-allow-origin': '*', 'x-dns-prefetch-control': 'off', 'x-frame-options': 'SAMEORIGIN', 'strict-transport-security': 'max-age=15552000; includeSubDomains', 'x-download-options': 'noopen', 'x-content-type-options': 'nosniff', 'x-xss-protection': '1; mode=block', 'content-type': 'application/json; charset=utf-8', 'x-cloud-trace-context': '3cf16ccd58f311997f650c99205a2733', 'date': 'Tue, 04 Nov 2025 02:10:09 GMT', 'server': 'Google Frontend', 'Content-Length': '160'} 
 body={
    "nome": "Charles Patton",
    "email": "kristen02@example.com",
    "password": "(99Oj&amp;VW4$",
    "administrador": "true",
    "_id": "vqDzf58Q7pg1zusN"
} 
 </msg>
<msg time="2025-11-04T02:10:09.952577" level="INFO">/opt/hostedtoolcache/Python/3.11.14/x64/lib/python3.11/site-packages/urllib3/connectionpool.py:1097: InsecureRequestWarning: Unverified HTTPS request is being made to host 'serverest.dev'. Adding certificate verification is strongly advised. See: https://urllib3.readthedocs.io/en/latest/advanced-usage.html#tls-warnings
  warnings.warn(</msg>
<msg time="2025-11-04T02:10:09.952674" level="INFO">${response} = &lt;Response [200]&gt;</msg>
<var>${response}</var>
<arg>alias=api</arg>
<arg>url=/usuarios/${user_id}</arg>
<arg>expected_status=200</arg>
<doc>Sends a GET request on a previously created HTTP Session.</doc>
<status status="PASS" start="2025-11-04T02:10:09.903241" elapsed="0.049453"/>
</kw>
<kw name="Log To Console" owner="BuiltIn">
<arg>${response.json()}</arg>
<doc>Logs the given message to the console.</doc>
<status status="PASS" start="2025-11-04T02:10:09.952843" elapsed="0.000400"/>
</kw>
<kw name="Should Be Equal" owner="BuiltIn">
<arg>${response.json()['_id']}</arg>
<arg>${user_id}</arg>
<doc>Fails if the given objects are unequal.</doc>
<status status="PASS" start="2025-11-04T02:10:09.953349" elapsed="0.000351"/>
</kw>
<arg>${id}</arg>
<doc>Consulta um usuário específico pelo ID. Status esperado: 200. Asserta que o campo '_id' é igual a ${user_id}. Argumentos: ${user_id}.</doc>
<status status="PASS" start="2025-11-04T02:10:09.902749" elapsed="0.050998"/>
</kw>
<kw name="Delete usuario por ID" owner="usuario">
<kw name="Create Dictionary" owner="BuiltIn">
<msg time="2025-11-04T02:10:09.954884" level="INFO">${header} = {'Content-Type': 'application/json'}</msg>
<var>${header}</var>
<arg>Content-Type=application/json</arg>
<doc>Creates and returns a dictionary based on the given ``items``.</doc>
<status status="PASS" start="2025-11-04T02:10:09.954753" elapsed="0.000151"/>
</kw>
<kw name="DELETE On Session" owner="RequestsLibrary">
<msg time="2025-11-04T02:10:09.996529" level="INFO">DELETE Request : url=https://serverest.dev/usuarios/vqDzf58Q7pg1zusN 
 path_url=/usuarios/vqDzf58Q7pg1zusN 
 headers={'User-Agent': 'python-requests/2.32.5', 'Accept-Encoding': 'gzip, deflate', 'Accept': '*/*', 'Connection': 'keep-alive', 'Content-Length': '0'} 
 body=None 
 </msg>
<msg time="2025-11-04T02:10:09.996608" level="INFO">DELETE Response : url=https://serverest.dev/usuarios/vqDzf58Q7pg1zusN 
 status=200, reason=OK 
 headers={'access-control-allow-origin': '*', 'x-dns-prefetch-control': 'off', 'x-frame-options': 'SAMEORIGIN', 'strict-transport-security': 'max-age=15552000; includeSubDomains', 'x-download-options': 'noopen', 'x-content-type-options': 'nosniff', 'x-xss-protection': '1; mode=block', 'content-type': 'application/json; charset=utf-8', 'x-cloud-trace-context': '1877c73d933cd0667f650c99205a2e8a', 'date': 'Tue, 04 Nov 2025 02:10:09 GMT', 'server': 'Google Frontend', 'Content-Length': '51'} 
 body={
    "message": "Registro excluído com sucesso"
} 
 </msg>
<msg time="2025-11-04T02:10:09.996664" level="INFO">/opt/hostedtoolcache/Python/3.11.14/x64/lib/python3.11/site-packages/urllib3/connectionpool.py:1097: InsecureRequestWarning: Unverified HTTPS request is being made to host 'serverest.dev'. Adding certificate verification is strongly advised. See: https://urllib3.readthedocs.io/en/latest/advanced-usage.html#tls-warnings
  warnings.warn(</msg>
<msg time="2025-11-04T02:10:09.996782" level="INFO">${response} = &lt;Response [200]&gt;</msg>
<var>${response}</var>
<arg>alias=api</arg>
<arg>url=/usuarios/${user_id}</arg>
<arg>expected_status=200</arg>
<doc>Sends a DELETE request on a previously created HTTP Session.</doc>
<status status="PASS" start="2025-11-04T02:10:09.954978" elapsed="0.041830"/>
</kw>
<kw name="Dictionary Should Contain Value" owner="Collections">
<arg>${response.json()}</arg>
<arg>Registro excluído com sucesso</arg>
<doc>Fails if ``value`` is not found from ``dictionary``.</doc>
<status status="PASS" start="2025-11-04T02:10:09.996983" elapsed="0.000459"/>
</kw>
<arg>${id}</arg>
<doc>Deleta um usuário específico pelo ID. Status esperado: 200. Valida 'Registro excluído com sucesso'. Argumentos: ${user_id}. Pré-condição: ${user_id} deve existir.</doc>
<status status="PASS" start="2025-11-04T02:10:09.954524" elapsed="0.042977"/>
</kw>
<status status="PASS" start="2025-11-04T02:10:09.852726" elapsed="0.144879"/>
</test>
<test id="s1-s1-t5" name="Usuario - Atualizar usuario por ID inexsistente/Cria novo usuario" line="29">
<kw name="Atualiza usuario por ID(ID não encontrado)" owner="usuario">
<kw name="Evaluate" owner="BuiltIn">
<msg time="2025-11-04T02:10:09.999474" level="INFO">${user_id} = cf569853-3bd2-49a6-ad6b-866b57512356</msg>
<var>${user_id}</var>
<arg>__import__('faker').Faker().uuid4()</arg>
<doc>Evaluates the given expression in Python and returns the result.</doc>
<status status="PASS" start="2025-11-04T02:10:09.998362" elapsed="0.001138"/>
</kw>
<kw name="Evaluate" owner="BuiltIn">
<msg time="2025-11-04T02:10:10.000719" level="INFO">${nome} = Stephen Rocha</msg>
<var>${nome}</var>
<arg>__import__('faker').Faker().name()</arg>
<doc>Evaluates the given expression in Python and returns the result.</doc>
<status status="PASS" start="2025-11-04T02:10:09.999598" elapsed="0.001144"/>
</kw>
<kw name="Evaluate" owner="BuiltIn">
<msg time="2025-11-04T02:10:10.001795" level="INFO">${email} = rlopez@example.org</msg>
<var>${email}</var>
<arg>__import__('faker').Faker().email()</arg>
<doc>Evaluates the given expression in Python and returns the result.</doc>
<status status="PASS" start="2025-11-04T02:10:10.000830" elapsed="0.000988"/>
</kw>
<kw name="Evaluate" owner="BuiltIn">
<msg time="2025-11-04T02:10:10.002840" level="INFO">${senha} = x2&amp;s1Th&amp;kL</msg>
<var>${senha}</var>
<arg>__import__('faker').Faker().password(length=10)</arg>
<doc>Evaluates the given expression in Python and returns the result.</doc>
<status status="PASS" start="2025-11-04T02:10:10.001908" elapsed="0.000955"/>
</kw>
<kw name="Set Variable" owner="BuiltIn">
<msg time="2025-11-04T02:10:10.003041" level="INFO">${administrador} = true</msg>
<var>${administrador}</var>
<arg>true</arg>
<doc>Returns the given values which can then be assigned to a variables.</doc>
<status status="PASS" start="2025-11-04T02:10:10.002949" elapsed="0.000108"/>
</kw>
<kw name="Create Dictionary" owner="BuiltIn">
<msg time="2025-11-04T02:10:10.003379" level="INFO">${body_dict} = {'nome': 'Stephen Rocha', 'email': 'rlopez@example.org', 'password': 'x2&amp;s1Th&amp;kL', 'administrador': 'true'}</msg>
<var>${body_dict}</var>
<arg>nome=${nome}</arg>
<arg>email=${email}</arg>
<arg>password=${senha}</arg>
<arg>administrador=${administrador}</arg>
<doc>Creates and returns a dictionary based on the given ``items``.</doc>
<status status="PASS" start="2025-11-04T02:10:10.003146" elapsed="0.000251"/>
</kw>
<kw name="Create Dictionary" owner="BuiltIn">
<msg time="2025-11-04T02:10:10.003577" level="INFO">${header} = {'Content-Type': 'application/json'}</msg>
<var>${header}</var>
<arg>Content-Type=application/json</arg>
<doc>Creates and returns a dictionary based on the given ``items``.</doc>
<status status="PASS" start="2025-11-04T02:10:10.003475" elapsed="0.000118"/>
</kw>
<kw name="PUT On Session" owner="RequestsLibrary">
<msg time="2025-11-04T02:10:10.044546" level="INFO">PUT Request : url=https://serverest.dev/usuarios/cf569853-3bd2-49a6-ad6b-866b57512356 
 path_url=/usuarios/cf569853-3bd2-49a6-ad6b-866b57512356 
 headers={'User-Agent': 'python-requests/2.32.5', 'Accept-Encoding': 'gzip, deflate', 'Accept': '*/*', 'Connection': 'keep-alive', 'Content-Type': 'application/json', 'Content-Length': '107'} 
 body=b'{"nome": "Stephen Rocha", "email": "rlopez@example.org", "password": "x2&amp;s1Th&amp;kL", "administrador": "true"}' 
 </msg>
<msg time="2025-11-04T02:10:10.044693" level="INFO">PUT Response : url=https://serverest.dev/usuarios/cf569853-3bd2-49a6-ad6b-866b57512356 
 status=201, reason=Created 
 headers={'access-control-allow-origin': '*', 'x-dns-prefetch-control': 'off', 'x-frame-options': 'SAMEORIGIN', 'strict-transport-security': 'max-age=15552000; includeSubDomains', 'x-download-options': 'noopen', 'x-content-type-options': 'nosniff', 'x-xss-protection': '1; mode=block', 'content-type': 'application/json; charset=utf-8', 'x-cloud-trace-context': 'd6288afa2c16631e7f650c99205a255b', 'date': 'Tue, 04 Nov 2025 02:10:10 GMT', 'server': 'Google Frontend', 'Content-Length': '82'} 
 body={
    "message": "Cadastro realizado com sucesso",
    "_id": "b3GNGmA1mfXceTwU"
} 
 </msg>
<msg time="2025-11-04T02:10:10.044774" level="INFO">/opt/hostedtoolcache/Python/3.11.14/x64/lib/python3.11/site-packages/urllib3/connectionpool.py:1097: InsecureRequestWarning: Unverified HTTPS request is being made to host 'serverest.dev'. Adding certificate verification is strongly advised. See: https://urllib3.readthedocs.io/en/latest/advanced-usage.html#tls-warnings
  warnings.warn(</msg>
<msg time="2025-11-04T02:10:10.044903" level="INFO">${response} = &lt;Response [201]&gt;</msg>
<var>${response}</var>
<arg>alias=api</arg>
<arg>url=/usuarios/${user_id}</arg>
<arg>headers=${header}</arg>
<arg>json=${body_dict}</arg>
<arg>expected_status=201</arg>
<doc>Sends a PUT request on a previously created HTTP Session.</doc>
<status status="PASS" start="2025-11-04T02:10:10.003658" elapsed="0.041275"/>
</kw>
<kw name="Dictionary Should Contain Value" owner="Collections">
<arg>${response.json()}</arg>
<arg>Cadastro realizado com sucesso</arg>
<doc>Fails if ``value`` is not found from ``dictionary``.</doc>
<status status="PASS" start="2025-11-04T02:10:10.045148" elapsed="0.000437"/>
</kw>
<doc>Tenta atualizar usando um ID inexistente; a API cria um novo usuário. Status esperado: 201. Valida 'Cadastro realizado com sucesso'. Observação: comportamento específico da ServeRest.</doc>
<status status="PASS" start="2025-11-04T02:10:09.998174" elapsed="0.047464"/>
</kw>
<status status="PASS" start="2025-11-04T02:10:09.997796" elapsed="0.047931"/>
</test>
<test id="s1-s1-t6" name="Usuario - Atualizar usuario por ID inexsistente/e-mail já cadastrado" line="31">
<kw name="Cadastrar usuario" owner="usuario">
<kw name="Evaluate" owner="BuiltIn">
<msg time="2025-11-04T02:10:10.048680" level="INFO">${nome} = Stephen Baker</msg>
<var>${nome}</var>
<arg>__import__('faker').Faker().name()</arg>
<doc>Evaluates the given expression in Python and returns the result.</doc>
<status status="PASS" start="2025-11-04T02:10:10.047403" elapsed="0.001301"/>
</kw>
<kw name="Evaluate" owner="BuiltIn">
<msg time="2025-11-04T02:10:10.049802" level="INFO">${email} = umay@example.com</msg>
<var>${email}</var>
<arg>__import__('faker').Faker().email()</arg>
<doc>Evaluates the given expression in Python and returns the result.</doc>
<status status="PASS" start="2025-11-04T02:10:10.048797" elapsed="0.001027"/>
</kw>
<kw name="Evaluate" owner="BuiltIn">
<msg time="2025-11-04T02:10:10.050869" level="INFO">${senha} = ^XGn8BSo09</msg>
<var>${senha}</var>
<arg>__import__('faker').Faker().password(length=10)</arg>
<doc>Evaluates the given expression in Python and returns the result.</doc>
<status status="PASS" start="2025-11-04T02:10:10.049913" elapsed="0.000977"/>
</kw>
<kw name="Set Variable" owner="BuiltIn">
<msg time="2025-11-04T02:10:10.051068" level="INFO">${administrador} = true</msg>
<var>${administrador}</var>
<arg>true</arg>
<doc>Returns the given values which can then be assigned to a variables.</doc>
<status status="PASS" start="2025-11-04T02:10:10.050976" elapsed="0.000108"/>
</kw>
<kw name="Create Dictionary" owner="BuiltIn">
<msg time="2025-11-04T02:10:10.051409" level="INFO">${body_dict} = {'nome': 'Stephen Baker', 'email': 'umay@example.com', 'password': '^XGn8BSo09', 'administrador': 'true'}</msg>
<var>${body_dict}</var>
<arg>nome=${nome}</arg>
<arg>email=${email}</arg>
<arg>password=${senha}</arg>
<arg>administrador=${administrador}</arg>
<doc>Creates and returns a dictionary based on the given ``items``.</doc>
<status status="PASS" start="2025-11-04T02:10:10.051180" elapsed="0.000246"/>
</kw>
<kw name="Create Dictionary" owner="BuiltIn">
<msg time="2025-11-04T02:10:10.051599" level="INFO">${header} = {'Content-Type': 'application/json'}</msg>
<var>${header}</var>
<arg>Content-Type=application/json</arg>
<doc>Creates and returns a dictionary based on the given ``items``.</doc>
<status status="PASS" start="2025-11-04T02:10:10.051501" elapsed="0.000113"/>
</kw>
<kw name="POST On Session" owner="RequestsLibrary">
<msg time="2025-11-04T02:10:10.090329" level="INFO">POST Request : url=https://serverest.dev/usuarios 
 path_url=/usuarios 
 headers={'User-Agent': 'python-requests/2.32.5', 'Accept-Encoding': 'gzip, deflate', 'Accept': '*/*', 'Connection': 'keep-alive', 'Content-Type': 'application/json', 'Content-Length': '105'} 
 body=b'{"nome": "Stephen Baker", "email": "umay@example.com", "password": "^XGn8BSo09", "administrador": "true"}' 
 </msg>
<msg time="2025-11-04T02:10:10.090404" level="INFO">POST Response : url=https://serverest.dev/usuarios 
 status=201, reason=Created 
 headers={'access-control-allow-origin': '*', 'x-dns-prefetch-control': 'off', 'x-frame-options': 'SAMEORIGIN', 'strict-transport-security': 'max-age=15552000; includeSubDomains', 'x-download-options': 'noopen', 'x-content-type-options': 'nosniff', 'x-xss-protection': '1; mode=block', 'content-type': 'application/json; charset=utf-8', 'x-cloud-trace-context': 'd77f37def5d95eea7f650c99205a27f9', 'date': 'Tue, 04 Nov 2025 02:10:10 GMT', 'server': 'Google Frontend', 'Content-Length': '82'} 
 body={
    "message": "Cadastro realizado com sucesso",
    "_id": "mEy39RDoSQ0Y1ucM"
} 
 </msg>
<msg time="2025-11-04T02:10:10.090459" level="INFO">/opt/hostedtoolcache/Python/3.11.14/x64/lib/python3.11/site-packages/urllib3/connectionpool.py:1097: InsecureRequestWarning: Unverified HTTPS request is being made to host 'serverest.dev'. Adding certificate verification is strongly advised. See: https://urllib3.readthedocs.io/en/latest/advanced-usage.html#tls-warnings
  warnings.warn(</msg>
<msg time="2025-11-04T02:10:10.090582" level="INFO">${response} = &lt;Response [201]&gt;</msg>
<var>${response}</var>
<arg>alias=api</arg>
<arg>url=/usuarios</arg>
<arg>headers=${header}</arg>
<arg>json=${body_dict}</arg>
<arg>expected_status=201</arg>
<doc>Sends a POST request on a previously created HTTP Session.</doc>
<status status="PASS" start="2025-11-04T02:10:10.051679" elapsed="0.038930"/>
</kw>
<kw name="Log To Console" owner="BuiltIn">
<arg>${response.json()}</arg>
<doc>Logs the given message to the console.</doc>
<status status="PASS" start="2025-11-04T02:10:10.090816" elapsed="0.000657"/>
</kw>
<kw name="Set Variable" owner="BuiltIn">
<msg time="2025-11-04T02:10:10.091919" level="INFO">${id} = mEy39RDoSQ0Y1ucM</msg>
<var>${id}</var>
<arg>${response.json()['_id']}</arg>
<doc>Returns the given values which can then be assigned to a variables.</doc>
<status status="PASS" start="2025-11-04T02:10:10.091587" elapsed="0.000350"/>
</kw>
<kw name="Dictionary Should Contain Value" owner="Collections">
<arg>${response.json()}</arg>
<arg>Cadastro realizado com sucesso</arg>
<doc>Fails if ``value`` is not found from ``dictionary``.</doc>
<status status="PASS" start="2025-11-04T02:10:10.092014" elapsed="0.000349"/>
</kw>
<return>
<value>${id}</value>
<value>${nome}</value>
<value>${email}</value>
<status status="PASS" start="2025-11-04T02:10:10.092408" elapsed="0.000044"/>
</return>
<msg time="2025-11-04T02:10:10.092608" level="INFO">${id} = mEy39RDoSQ0Y1ucM</msg>
<msg time="2025-11-04T02:10:10.092639" level="INFO">${nome} = Stephen Baker</msg>
<msg time="2025-11-04T02:10:10.092666" level="INFO">${email} = umay@example.com</msg>
<var>${id}</var>
<var>${nome}</var>
<var>${email}</var>
<doc>Cadastra um novo usuário com dados gerados via Faker. Status esperado: 201. Valida a mensagem 'Cadastro realizado com sucesso'. Pré-condição: sessão 'api' criada. Retorna: ${id}, ${nome}, ${email} do usuário criado.</doc>
<status status="PASS" start="2025-11-04T02:10:10.047213" elapsed="0.045470"/>
</kw>
<kw name="Atualiza usuario por ID(ID não encontrado e e-mail já cadastrado)" owner="usuario">
<kw name="Evaluate" owner="BuiltIn">
<msg time="2025-11-04T02:10:10.094511" level="INFO">${user_id} = e11d6d1f-e017-4cbe-a276-e792c4d4224e</msg>
<var>${user_id}</var>
<arg>__import__('faker').Faker().uuid4()</arg>
<doc>Evaluates the given expression in Python and returns the result.</doc>
<status status="PASS" start="2025-11-04T02:10:10.093408" elapsed="0.001127"/>
</kw>
<kw name="Evaluate" owner="BuiltIn">
<msg time="2025-11-04T02:10:10.095665" level="INFO">${nome} = Amy Barajas</msg>
<var>${nome}</var>
<arg>__import__('faker').Faker().name()</arg>
<doc>Evaluates the given expression in Python and returns the result.</doc>
<status status="PASS" start="2025-11-04T02:10:10.094625" elapsed="0.001063"/>
</kw>
<kw name="Set Variable" owner="BuiltIn">
<msg time="2025-11-04T02:10:10.095888" level="INFO">${email} = umay@example.com</msg>
<var>${email}</var>
<arg>${email_existente}</arg>
<doc>Returns the given values which can then be assigned to a variables.</doc>
<status status="PASS" start="2025-11-04T02:10:10.095775" elapsed="0.000130"/>
</kw>
<kw name="Evaluate" owner="BuiltIn">
<msg time="2025-11-04T02:10:10.096938" level="INFO">${senha} = J^!5FrJ1cY</msg>
<var>${senha}</var>
<arg>__import__('faker').Faker().password(length=10)</arg>
<doc>Evaluates the given expression in Python and returns the result.</doc>
<status status="PASS" start="2025-11-04T02:10:10.095972" elapsed="0.000990"/>
</kw>
<kw name="Set Variable" owner="BuiltIn">
<msg time="2025-11-04T02:10:10.097155" level="INFO">${administrador} = true</msg>
<var>${administrador}</var>
<arg>true</arg>
<doc>Returns the given values which can then be assigned to a variables.</doc>
<status status="PASS" start="2025-11-04T02:10:10.097047" elapsed="0.000125"/>
</kw>
<kw name="Create Dictionary" owner="BuiltIn">
<msg time="2025-11-04T02:10:10.097477" level="INFO">${body_dict} = {'nome': 'Amy Barajas', 'email': 'umay@example.com', 'password': 'J^!5FrJ1cY', 'administrador': 'true'}</msg>
<var>${body_dict}</var>
<arg>nome=${nome}</arg>
<arg>email=${email}</arg>
<arg>password=${senha}</arg>
<arg>administrador=${administrador}</arg>
<doc>Creates and returns a dictionary based on the given ``items``.</doc>
<status status="PASS" start="2025-11-04T02:10:10.097249" elapsed="0.000245"/>
</kw>
<kw name="Create Dictionary" owner="BuiltIn">
<msg time="2025-11-04T02:10:10.097669" level="INFO">${header} = {'Content-Type': 'application/json'}</msg>
<var>${header}</var>
<arg>Content-Type=application/json</arg>
<doc>Creates and returns a dictionary based on the given ``items``.</doc>
<status status="PASS" start="2025-11-04T02:10:10.097570" elapsed="0.000114"/>
</kw>
<kw name="PUT On Session" owner="RequestsLibrary">
<msg time="2025-11-04T02:10:10.135003" level="INFO">PUT Request : url=https://serverest.dev/usuarios/e11d6d1f-e017-4cbe-a276-e792c4d4224e 
 path_url=/usuarios/e11d6d1f-e017-4cbe-a276-e792c4d4224e 
 headers={'User-Agent': 'python-requests/2.32.5', 'Accept-Encoding': 'gzip, deflate', 'Accept': '*/*', 'Connection': 'keep-alive', 'Content-Type': 'application/json', 'Content-Length': '103'} 
 body=b'{"nome": "Amy Barajas", "email": "umay@example.com", "password": "J^!5FrJ1cY", "administrador": "true"}' 
 </msg>
<msg time="2025-11-04T02:10:10.135081" level="INFO">PUT Response : url=https://serverest.dev/usuarios/e11d6d1f-e017-4cbe-a276-e792c4d4224e 
 status=400, reason=Bad Request 
 headers={'access-control-allow-origin': '*', 'x-dns-prefetch-control': 'off', 'x-frame-options': 'SAMEORIGIN', 'strict-transport-security': 'max-age=15552000; includeSubDomains', 'x-download-options': 'noopen', 'x-content-type-options': 'nosniff', 'x-xss-protection': '1; mode=block', 'content-type': 'application/json; charset=utf-8', 'x-cloud-trace-context': '7d75ff6ab81f51747f650c99205a24d2', 'date': 'Tue, 04 Nov 2025 02:10:10 GMT', 'server': 'Google Frontend', 'Content-Length': '53'} 
 body={
    "message": "Este email já está sendo usado"
} 
 </msg>
<msg time="2025-11-04T02:10:10.135162" level="INFO">/opt/hostedtoolcache/Python/3.11.14/x64/lib/python3.11/site-packages/urllib3/connectionpool.py:1097: InsecureRequestWarning: Unverified HTTPS request is being made to host 'serverest.dev'. Adding certificate verification is strongly advised. See: https://urllib3.readthedocs.io/en/latest/advanced-usage.html#tls-warnings
  warnings.warn(</msg>
<msg time="2025-11-04T02:10:10.135271" level="INFO">${response} = &lt;Response [400]&gt;</msg>
<var>${response}</var>
<arg>alias=api</arg>
<arg>url=/usuarios/${user_id}</arg>
<arg>headers=${header}</arg>
<arg>json=${body_dict}</arg>
<arg>expected_status=400</arg>
<doc>Sends a PUT request on a previously created HTTP Session.</doc>
<status status="PASS" start="2025-11-04T02:10:10.097749" elapsed="0.037553"/>
</kw>
<kw name="Dictionary Should Contain Value" owner="Collections">
<arg>${response.json()}</arg>
<arg>Este email já está sendo usado</arg>
<doc>Fails if ``value`` is not found from ``dictionary``.</doc>
<status status="PASS" start="2025-11-04T02:10:10.135482" elapsed="0.000462"/>
</kw>
<arg>${email}</arg>
<doc>Tenta atualizar (ID inexistente) com e-mail já cadastrado. Status esperado: 400. Valida 'Este email já está sendo usado'. Argumentos: ${email_existente}. Pré-condição: e-mail já cadastrado.</doc>
<status status="PASS" start="2025-11-04T02:10:10.093196" elapsed="0.042800"/>
</kw>
<status status="PASS" start="2025-11-04T02:10:10.045914" elapsed="0.090172"/>
</test>
<test id="s1-s1-t7" name="Usuario - Deletar usuario por ID" line="34">
<kw name="Cadastrar usuario" owner="usuario">
<kw name="Evaluate" owner="BuiltIn">
<msg time="2025-11-04T02:10:10.138919" level="INFO">${nome} = Yvette Martin</msg>
<var>${nome}</var>
<arg>__import__('faker').Faker().name()</arg>
<doc>Evaluates the given expression in Python and returns the result.</doc>
<status status="PASS" start="2025-11-04T02:10:10.137762" elapsed="0.001184"/>
</kw>
<kw name="Evaluate" owner="BuiltIn">
<msg time="2025-11-04T02:10:10.140206" level="INFO">${email} = jimenezmichael@example.org</msg>
<var>${email}</var>
<arg>__import__('faker').Faker().email()</arg>
<doc>Evaluates the given expression in Python and returns the result.</doc>
<status status="PASS" start="2025-11-04T02:10:10.139043" elapsed="0.001186"/>
</kw>
<kw name="Evaluate" owner="BuiltIn">
<msg time="2025-11-04T02:10:10.141189" level="INFO">${senha} = #!Q7DmUj0j</msg>
<var>${senha}</var>
<arg>__import__('faker').Faker().password(length=10)</arg>
<doc>Evaluates the given expression in Python and returns the result.</doc>
<status status="PASS" start="2025-11-04T02:10:10.140319" elapsed="0.000891"/>
</kw>
<kw name="Set Variable" owner="BuiltIn">
<msg time="2025-11-04T02:10:10.141389" level="INFO">${administrador} = true</msg>
<var>${administrador}</var>
<arg>true</arg>
<doc>Returns the given values which can then be assigned to a variables.</doc>
<status status="PASS" start="2025-11-04T02:10:10.141294" elapsed="0.000111"/>
</kw>
<kw name="Create Dictionary" owner="BuiltIn">
<msg time="2025-11-04T02:10:10.141707" level="INFO">${body_dict} = {'nome': 'Yvette Martin', 'email': 'jimenezmichael@example.org', 'password': '#!Q7DmUj0j', 'administrador': 'true'}</msg>
<var>${body_dict}</var>
<arg>nome=${nome}</arg>
<arg>email=${email}</arg>
<arg>password=${senha}</arg>
<arg>administrador=${administrador}</arg>
<doc>Creates and returns a dictionary based on the given ``items``.</doc>
<status status="PASS" start="2025-11-04T02:10:10.141480" elapsed="0.000244"/>
</kw>
<kw name="Create Dictionary" owner="BuiltIn">
<msg time="2025-11-04T02:10:10.141967" level="INFO">${header} = {'Content-Type': 'application/json'}</msg>
<var>${header}</var>
<arg>Content-Type=application/json</arg>
<doc>Creates and returns a dictionary based on the given ``items``.</doc>
<status status="PASS" start="2025-11-04T02:10:10.141797" elapsed="0.000186"/>
</kw>
<kw name="POST On Session" owner="RequestsLibrary">
<msg time="2025-11-04T02:10:10.181115" level="INFO">POST Request : url=https://serverest.dev/usuarios 
 path_url=/usuarios 
 headers={'User-Agent': 'python-requests/2.32.5', 'Accept-Encoding': 'gzip, deflate', 'Accept': '*/*', 'Connection': 'keep-alive', 'Content-Type': 'application/json', 'Content-Length': '115'} 
 body=b'{"nome": "Yvette Martin", "email": "jimenezmichael@example.org", "password": "#!Q7DmUj0j", "administrador": "true"}' 
 </msg>
<msg time="2025-11-04T02:10:10.181293" level="INFO">POST Response : url=https://serverest.dev/usuarios 
 status=201, reason=Created 
 headers={'access-control-allow-origin': '*', 'x-dns-prefetch-control': 'off', 'x-frame-options': 'SAMEORIGIN', 'strict-transport-security': 'max-age=15552000; includeSubDomains', 'x-download-options': 'noopen', 'x-content-type-options': 'nosniff', 'x-xss-protection': '1; mode=block', 'content-type': 'application/json; charset=utf-8', 'x-cloud-trace-context': '649c6df26cfef1547f650c99205a27f6', 'date': 'Tue, 04 Nov 2025 02:10:10 GMT', 'server': 'Google Frontend', 'Content-Length': '82'} 
 body={
    "message": "Cadastro realizado com sucesso",
    "_id": "aO9p2egjSvqGhuit"
} 
 </msg>
<msg time="2025-11-04T02:10:10.181390" level="INFO">/opt/hostedtoolcache/Python/3.11.14/x64/lib/python3.11/site-packages/urllib3/connectionpool.py:1097: InsecureRequestWarning: Unverified HTTPS request is being made to host 'serverest.dev'. Adding certificate verification is strongly advised. See: https://urllib3.readthedocs.io/en/latest/advanced-usage.html#tls-warnings
  warnings.warn(</msg>
<msg time="2025-11-04T02:10:10.181532" level="INFO">${response} = &lt;Response [201]&gt;</msg>
<var>${response}</var>
<arg>alias=api</arg>
<arg>url=/usuarios</arg>
<arg>headers=${header}</arg>
<arg>json=${body_dict}</arg>
<arg>expected_status=201</arg>
<doc>Sends a POST request on a previously created HTTP Session.</doc>
<status status="PASS" start="2025-11-04T02:10:10.142051" elapsed="0.039524"/>
</kw>
<kw name="Log To Console" owner="BuiltIn">
<arg>${response.json()}</arg>
<doc>Logs the given message to the console.</doc>
<status status="PASS" start="2025-11-04T02:10:10.181741" elapsed="0.000595"/>
</kw>
<kw name="Set Variable" owner="BuiltIn">
<msg time="2025-11-04T02:10:10.183008" level="INFO">${id} = aO9p2egjSvqGhuit</msg>
<var>${id}</var>
<arg>${response.json()['_id']}</arg>
<doc>Returns the given values which can then be assigned to a variables.</doc>
<status status="PASS" start="2025-11-04T02:10:10.182485" elapsed="0.000545"/>
</kw>
<kw name="Dictionary Should Contain Value" owner="Collections">
<arg>${response.json()}</arg>
<arg>Cadastro realizado com sucesso</arg>
<doc>Fails if ``value`` is not found from ``dictionary``.</doc>
<status status="PASS" start="2025-11-04T02:10:10.183185" elapsed="0.000456"/>
</kw>
<return>
<value>${id}</value>
<value>${nome}</value>
<value>${email}</value>
<status status="PASS" start="2025-11-04T02:10:10.183718" elapsed="0.000047"/>
</return>
<msg time="2025-11-04T02:10:10.183976" level="INFO">${id} = aO9p2egjSvqGhuit</msg>
<msg time="2025-11-04T02:10:10.184017" level="INFO">${nome} = Yvette Martin</msg>
<msg time="2025-11-04T02:10:10.184067" level="INFO">${email} = jimenezmichael@example.org</msg>
<var>${id}</var>
<var>${nome}</var>
<var>${email}</var>
<doc>Cadastra um novo usuário com dados gerados via Faker. Status esperado: 201. Valida a mensagem 'Cadastro realizado com sucesso'. Pré-condição: sessão 'api' criada. Retorna: ${id}, ${nome}, ${email} do usuário criado.</doc>
<status status="PASS" start="2025-11-04T02:10:10.137568" elapsed="0.046553"/>
</kw>
<kw name="Delete usuario por ID" owner="usuario">
<kw name="Create Dictionary" owner="BuiltIn">
<msg time="2025-11-04T02:10:10.185653" level="INFO">${header} = {'Content-Type': 'application/json'}</msg>
<var>${header}</var>
<arg>Content-Type=application/json</arg>
<doc>Creates and returns a dictionary based on the given ``items``.</doc>
<status status="PASS" start="2025-11-04T02:10:10.185468" elapsed="0.000220"/>
</kw>
<kw name="DELETE On Session" owner="RequestsLibrary">
<msg time="2025-11-04T02:10:10.224745" level="INFO">DELETE Request : url=https://serverest.dev/usuarios/aO9p2egjSvqGhuit 
 path_url=/usuarios/aO9p2egjSvqGhuit 
 headers={'User-Agent': 'python-requests/2.32.5', 'Accept-Encoding': 'gzip, deflate', 'Accept': '*/*', 'Connection': 'keep-alive', 'Content-Length': '0'} 
 body=None 
 </msg>
<msg time="2025-11-04T02:10:10.224818" level="INFO">DELETE Response : url=https://serverest.dev/usuarios/aO9p2egjSvqGhuit 
 status=200, reason=OK 
 headers={'access-control-allow-origin': '*', 'x-dns-prefetch-control': 'off', 'x-frame-options': 'SAMEORIGIN', 'strict-transport-security': 'max-age=15552000; includeSubDomains', 'x-download-options': 'noopen', 'x-content-type-options': 'nosniff', 'x-xss-protection': '1; mode=block', 'content-type': 'application/json; charset=utf-8', 'x-cloud-trace-context': '20143ab9e78e5cb57f650c99205a2f90', 'date': 'Tue, 04 Nov 2025 02:10:10 GMT', 'server': 'Google Frontend', 'Content-Length': '51'} 
 body={
    "message": "Registro excluído com sucesso"
} 
 </msg>
<msg time="2025-11-04T02:10:10.224869" level="INFO">/opt/hostedtoolcache/Python/3.11.14/x64/lib/python3.11/site-packages/urllib3/connectionpool.py:1097: InsecureRequestWarning: Unverified HTTPS request is being made to host 'serverest.dev'. Adding certificate verification is strongly advised. See: https://urllib3.readthedocs.io/en/latest/advanced-usage.html#tls-warnings
  warnings.warn(</msg>
<msg time="2025-11-04T02:10:10.224976" level="INFO">${response} = &lt;Response [200]&gt;</msg>
<var>${response}</var>
<arg>alias=api</arg>
<arg>url=/usuarios/${user_id}</arg>
<arg>expected_status=200</arg>
<doc>Sends a DELETE request on a previously created HTTP Session.</doc>
<status status="PASS" start="2025-11-04T02:10:10.185800" elapsed="0.039201"/>
</kw>
<kw name="Dictionary Should Contain Value" owner="Collections">
<arg>${response.json()}</arg>
<arg>Registro excluído com sucesso</arg>
<doc>Fails if ``value`` is not found from ``dictionary``.</doc>
<status status="PASS" start="2025-11-04T02:10:10.225180" elapsed="0.000425"/>
</kw>
<arg>${id}</arg>
<doc>Deleta um usuário específico pelo ID. Status esperado: 200. Valida 'Registro excluído com sucesso'. Argumentos: ${user_id}. Pré-condição: ${user_id} deve existir.</doc>
<status status="PASS" start="2025-11-04T02:10:10.185165" elapsed="0.040496"/>
</kw>
<status status="PASS" start="2025-11-04T02:10:10.136290" elapsed="0.089465"/>
</test>
<kw name="Encerrar Sessão" owner="usuario" type="TEARDOWN">
<kw name="Delete All Sessions" owner="RequestsLibrary">
<msg time="2025-11-04T02:10:10.226436" level="INFO">Deleting All Sessions</msg>
<doc>Removes all the session objects</doc>
<status status="PASS" start="2025-11-04T02:10:10.226383" elapsed="0.000115"/>
</kw>
<doc>Encerra todas as sessões HTTP abertas pela RequestsLibrary. Use ao final da suíte/execução. Não recebe argumentos e não retorna valores.</doc>
<status status="PASS" start="2025-11-04T02:10:10.226243" elapsed="0.000293"/>
</kw>
<status status="PASS" start="2025-11-04T02:10:09.236559" elapsed="0.990000"/>
</suite>
<status status="PASS" start="2025-11-04T02:10:09.218181" elapsed="1.008810"/>
</suite>
<statistics>
<total>
<stat pass="7" fail="0" skip="0">All Tests</stat>
</total>
<tag>
</tag>
<suite>
<stat name="Tests" id="s1" pass="7" fail="0" skip="0">Tests</stat>
<stat name="API Serverest" id="s1-s1" pass="7" fail="0" skip="0">Tests.API Serverest</stat>
</suite>
</statistics>
<errors>
</errors>
</robot>
